Using pre-set license
Built from 'trunk' branch; Version is '2020.2.0b2 (90b2443a8df1) revision 9482820'; Using compiler version '192528614'; Build Type 'Release'
OS: 'Windows 10  (10.0.0) 64bit' Language: 'en' Physical Memory: 8142 MB
BatchMode: 1, IsHumanControllingUs: 0, StartBugReporterOnCrash: 0, Is64bit: 1, IsPro: 0

 COMMAND LINE ARGUMENTS:
C:\Program Files\Unity\2020.2.0b2\Editor\Unity.exe
-adb2
-batchMode
-noUpm
-name
AssetImportWorker1
-projectPath
C:/Users/josep/Documents/GitHub/SpaceRunner/SpaceRunner
-logFile
Logs/AssetImportWorker1.log
-srvPort
64907
Successfully changed project path to: C:/Users/josep/Documents/GitHub/SpaceRunner/SpaceRunner
C:/Users/josep/Documents/GitHub/SpaceRunner/SpaceRunner
Using Asset Import Pipeline V2.
Refreshing native plugins compatible for Editor in 55.45 ms, found 1 plugins.
Preloading 0 native plugins for Editor in 0.00 ms.
Initialize engine version: 2020.2.0b2 (90b2443a8df1)
[Subsystems] Discovering subsystems at path C:/Program Files/Unity/2020.2.0b2/Editor/Data/Resources/UnitySubsystems
[Subsystems] Discovering subsystems at path C:/Users/josep/Documents/GitHub/SpaceRunner/SpaceRunner/Assets
GfxDevice: creating device client; threaded=0
Direct3D:
    Version:  Direct3D 11.0 [level 11.1]
    Renderer: NVIDIA GeForce GTX 1050 (ID=0x1c81)
    Vendor:   
    VRAM:     1977 MB
    Driver:   27.21.14.5638
Initialize mono
Mono path[0] = 'C:/Program Files/Unity/2020.2.0b2/Editor/Data/Managed'
Mono path[1] = 'C:/Program Files/Unity/2020.2.0b2/Editor/Data/MonoBleedingEdge/lib/mono/unityjit'
Mono config path = 'C:/Program Files/Unity/2020.2.0b2/Editor/Data/MonoBleedingEdge/etc'
Using monoOptions --debugger-agent=transport=dt_socket,embedding=1,server=y,suspend=n,address=127.0.0.1:56476
Begin MonoManager ReloadAssembly
Registering precompiled unity dll's ...
Register platform support module: C:/Program Files/Unity/2020.2.0b2/Editor/Data/PlaybackEngines/WebGLSupport/UnityEditor.WebGL.Extensions.dll
Register platform support module: C:/Program Files/Unity/2020.2.0b2/Editor/Data/PlaybackEngines/WindowsStandaloneSupport/UnityEditor.WindowsStandalone.Extensions.dll
Registered in 0.002964 seconds.
Native extension for WindowsStandalone target not found
Native extension for WebGL target not found
Refreshing native plugins compatible for Editor in 47.08 ms, found 1 plugins.
Preloading 0 native plugins for Editor in 0.00 ms.
Invoked RoslynAnalysisRunner static constructor.
RoslynAnalysisRunner will not be running.
RoslynAnalysisRunner has terminated.
Mono: successfully reloaded assembly
- Completed reload, in  2.657 seconds
Registering precompiled user dll's ...
Registered in 0.116107 seconds.
Platform modules already initialized, skipping
Begin MonoManager ReloadAssembly
Symbol file LoadedFromMemory doesn't match image C:\Users\josep\Documents\GitHub\SpaceRunner\SpaceRunner\Library\PackageCache\com.unity.ext.nunit@1.0.0\net35\unity-custom\nunit.framework.dll
Native extension for WindowsStandalone target not found
Native extension for WebGL target not found
Refreshing native plugins compatible for Editor in 59.78 ms, found 1 plugins.
Preloading 0 native plugins for Editor in 0.00 ms.
Invoked RoslynAnalysisRunner static constructor.
RoslynAnalysisRunner will not be running.
RoslynAnalysisRunner has terminated.
Mono: successfully reloaded assembly
- Completed reload, in  1.200 seconds
Platform modules already initialized, skipping
========================================================================
Worker process is ready to serve import requests
Launched and connected shader compiler UnityShaderCompiler.exe after 0.15 seconds
Refreshing native plugins compatible for Editor in 0.70 ms, found 1 plugins.
Preloading 0 native plugins for Editor in 0.00 ms.
Unloading 1788 Unused Serialized files (Serialized files now loaded: 0)
System memory in use before: 85.3 MB.
System memory in use after: 85.3 MB.

Unloading 12 unused Assets to reduce memory usage. Loaded Objects now: 2229.
Total: 8.813900 ms (FindLiveObjects: 0.585600 ms CreateObjectMapping: 0.132500 ms MarkObjects: 7.869600 ms  DeleteObjects: 0.223700 ms)

========================================================================
Received Import Request.
  path: Assets/LevelScroll.cs
  artifactKey: Guid(37164789651df154ca7e1f7c1e17eedb) Importer(815301076,1909f56bfc062723c751e8b465ee728b)
Start importing Assets/LevelScroll.cs using Guid(37164789651df154ca7e1f7c1e17eedb) Importer(815301076,1909f56bfc062723c751e8b465ee728b)  -> (artifact id: 'a3e620660788dd0d6d62a1d212b89f0f') in 0.059631 seconds
  Import took 0.070970 seconds .

========================================================================
Received Import Request.
  Time since last request: 0.000273 seconds.
  path: Assets/LaserScript.cs
  artifactKey: Guid(85712f4dbda165a4380599dbf24af189) Importer(815301076,1909f56bfc062723c751e8b465ee728b)
Start importing Assets/LaserScript.cs using Guid(85712f4dbda165a4380599dbf24af189) Importer(815301076,1909f56bfc062723c751e8b465ee728b)  -> (artifact id: '59988d76c3c9b16a7ddd7ec18ff8fe1e') in 0.012959 seconds
  Import took 0.018422 seconds .

========================================================================
Received Import Request.
  Time since last request: 0.000308 seconds.
  path: Assets/HealthScript.cs
  artifactKey: Guid(4fcc680f73af0ce4592bfce06665b0e4) Importer(815301076,1909f56bfc062723c751e8b465ee728b)
Start importing Assets/HealthScript.cs using Guid(4fcc680f73af0ce4592bfce06665b0e4) Importer(815301076,1909f56bfc062723c751e8b465ee728b)  -> (artifact id: 'f1a71ae5b12eb190a0b36635199da420') in 0.015377 seconds
  Import took 0.021495 seconds .

========================================================================
Received Import Request.
  Time since last request: 0.000268 seconds.
  path: Assets/SFX
  artifactKey: Guid(314d18f55abd6eb438517ff04bc4896b) Importer(815301076,1909f56bfc062723c751e8b465ee728b)
Start importing Assets/SFX using Guid(314d18f55abd6eb438517ff04bc4896b) Importer(815301076,1909f56bfc062723c751e8b465ee728b)  -> (artifact id: '7d71945cc2e9ef9e8d11413526692b4a') in 0.012804 seconds
  Import took 0.017896 seconds .

========================================================================
Received Import Request.
  Time since last request: 0.000279 seconds.
  path: Assets/LevelScrollManager.cs
  artifactKey: Guid(5cdf913cfee284540834165c294b52fd) Importer(815301076,1909f56bfc062723c751e8b465ee728b)
Start importing Assets/LevelScrollManager.cs using Guid(5cdf913cfee284540834165c294b52fd) Importer(815301076,1909f56bfc062723c751e8b465ee728b)  -> (artifact id: '21b29accca1f22efb45542e5405b128b') in 0.011498 seconds
  Import took 0.016277 seconds .

========================================================================
Received Import Request.
  Time since last request: 0.000248 seconds.
  path: Assets/StormScript.cs
  artifactKey: Guid(7bb4f98b06f0c9b40a64e9f883276a2f) Importer(815301076,1909f56bfc062723c751e8b465ee728b)
Start importing Assets/StormScript.cs using Guid(7bb4f98b06f0c9b40a64e9f883276a2f) Importer(815301076,1909f56bfc062723c751e8b465ee728b)  -> (artifact id: '260162b70275c787527a1b82a400ee33') in 0.012732 seconds
  Import took 0.017673 seconds .

AssetImportWorkerClient::OnTransportError - code=2 error=End of file
