Using pre-set license
Built from 'trunk' branch; Version is '2020.2.0b2 (90b2443a8df1) revision 9482820'; Using compiler version '192528614'; Build Type 'Release'
OS: 'Windows 10  (10.0.0) 64bit' Language: 'en' Physical Memory: 8142 MB
BatchMode: 1, IsHumanControllingUs: 0, StartBugReporterOnCrash: 0, Is64bit: 1, IsPro: 0

 COMMAND LINE ARGUMENTS:
C:\Program Files\Unity\2020.2.0b2\Editor\Unity.exe
-adb2
-batchMode
-noUpm
-name
AssetImportWorker0
-projectPath
C:/Users/josep/Documents/GitHub/SpaceRunner/SpaceRunner
-logFile
Logs/AssetImportWorker0.log
-srvPort
57329
Successfully changed project path to: C:/Users/josep/Documents/GitHub/SpaceRunner/SpaceRunner
C:/Users/josep/Documents/GitHub/SpaceRunner/SpaceRunner
Using Asset Import Pipeline V2.
Refreshing native plugins compatible for Editor in 100.53 ms, found 1 plugins.
Preloading 0 native plugins for Editor in 0.00 ms.
Initialize engine version: 2020.2.0b2 (90b2443a8df1)
[Subsystems] Discovering subsystems at path C:/Program Files/Unity/2020.2.0b2/Editor/Data/Resources/UnitySubsystems
[Subsystems] Discovering subsystems at path C:/Users/josep/Documents/GitHub/SpaceRunner/SpaceRunner/Assets
GfxDevice: creating device client; threaded=0
Direct3D:
    Version:  Direct3D 11.0 [level 11.1]
    Renderer: NVIDIA GeForce GTX 1050 (ID=0x1c81)
    Vendor:   
    VRAM:     1977 MB
    Driver:   27.21.14.5638
Initialize mono
Mono path[0] = 'C:/Program Files/Unity/2020.2.0b2/Editor/Data/Managed'
Mono path[1] = 'C:/Program Files/Unity/2020.2.0b2/Editor/Data/MonoBleedingEdge/lib/mono/unityjit'
Mono config path = 'C:/Program Files/Unity/2020.2.0b2/Editor/Data/MonoBleedingEdge/etc'
Using monoOptions --debugger-agent=transport=dt_socket,embedding=1,server=y,suspend=n,address=127.0.0.1:56008
Begin MonoManager ReloadAssembly
Registering precompiled unity dll's ...
Register platform support module: C:/Program Files/Unity/2020.2.0b2/Editor/Data/PlaybackEngines/WebGLSupport/UnityEditor.WebGL.Extensions.dll
Register platform support module: C:/Program Files/Unity/2020.2.0b2/Editor/Data/PlaybackEngines/WindowsStandaloneSupport/UnityEditor.WindowsStandalone.Extensions.dll
Registered in 0.002921 seconds.
Native extension for WindowsStandalone target not found
Native extension for WebGL target not found
Refreshing native plugins compatible for Editor in 40.95 ms, found 1 plugins.
Preloading 0 native plugins for Editor in 0.00 ms.
Invoked RoslynAnalysisRunner static constructor.
RoslynAnalysisRunner will not be running.
RoslynAnalysisRunner has terminated.
Mono: successfully reloaded assembly
- Completed reload, in  1.433 seconds
Registering precompiled user dll's ...
Registered in 0.105560 seconds.
Platform modules already initialized, skipping
Begin MonoManager ReloadAssembly
Symbol file LoadedFromMemory doesn't match image C:\Users\josep\Documents\GitHub\SpaceRunner\SpaceRunner\Library\PackageCache\com.unity.ext.nunit@1.0.0\net35\unity-custom\nunit.framework.dll
Native extension for WindowsStandalone target not found
Native extension for WebGL target not found
Refreshing native plugins compatible for Editor in 51.64 ms, found 1 plugins.
Preloading 0 native plugins for Editor in 0.00 ms.
Invoked RoslynAnalysisRunner static constructor.
RoslynAnalysisRunner will not be running.
RoslynAnalysisRunner has terminated.
Mono: successfully reloaded assembly
- Completed reload, in  1.137 seconds
Platform modules already initialized, skipping
========================================================================
Worker process is ready to serve import requests
Launched and connected shader compiler UnityShaderCompiler.exe after 0.06 seconds
Refreshing native plugins compatible for Editor in 0.46 ms, found 1 plugins.
Preloading 0 native plugins for Editor in 0.00 ms.
Unloading 1788 Unused Serialized files (Serialized files now loaded: 0)
System memory in use before: 85.2 MB.
System memory in use after: 85.1 MB.

Unloading 12 unused Assets to reduce memory usage. Loaded Objects now: 2229.
Total: 3.070400 ms (FindLiveObjects: 0.525200 ms CreateObjectMapping: 0.065600 ms MarkObjects: 2.350100 ms  DeleteObjects: 0.127700 ms)

========================================================================
Received Import Request.
  path: Assets/Assets.kra
  artifactKey: Guid(ef831ec5f16e2e546a551b82093cb973) Importer(815301076,1909f56bfc062723c751e8b465ee728b)
Start importing Assets/Assets.kra using Guid(ef831ec5f16e2e546a551b82093cb973) Importer(815301076,1909f56bfc062723c751e8b465ee728b)  -> (artifact id: 'fd7e0eaccfae18dd374af80f0f85f060') in 0.040907 seconds
  Import took 0.047712 seconds .

========================================================================
Received Import Request.
  Time since last request: 109.888563 seconds.
  path: Assets/Scenes/SampleScene.unity
  artifactKey: Guid(2cda990e2423bbf4892e6590ba056729) Importer(815301076,1909f56bfc062723c751e8b465ee728b)
Start importing Assets/Scenes/SampleScene.unity using Guid(2cda990e2423bbf4892e6590ba056729) Importer(815301076,1909f56bfc062723c751e8b465ee728b)  -> (artifact id: '046b5faf957eaac1d184246ba0b9143c') in 0.011665 seconds
  Import took 0.016733 seconds .

========================================================================
Received Import Request.
  Time since last request: 3960.116406 seconds.
  path: Assets/TexSheet2.png
  artifactKey: Guid(ed12095f614cfe04bbb926e209a6b112) Importer(815301076,1909f56bfc062723c751e8b465ee728b)
Start importing Assets/TexSheet2.png using Guid(ed12095f614cfe04bbb926e209a6b112) Importer(815301076,1909f56bfc062723c751e8b465ee728b)  -> (artifact id: '4bc26da4d3938a652788d413dc57bea9') in 0.265444 seconds
  Import took 0.324641 seconds .

========================================================================
Received Import Request.
  Time since last request: 0.000563 seconds.
  path: Assets/TexSheet2.png.kra
  artifactKey: Guid(850ad88b452582845a6a6ed4ba0a217f) Importer(815301076,1909f56bfc062723c751e8b465ee728b)
Start importing Assets/TexSheet2.png.kra using Guid(850ad88b452582845a6a6ed4ba0a217f) Importer(815301076,1909f56bfc062723c751e8b465ee728b)  -> (artifact id: 'c017bdde69b78641628dd4bb526684d8') in 0.012819 seconds
  Import took 0.018564 seconds .

========================================================================
Received Import Request.
  Time since last request: 8.503885 seconds.
  path: Assets/TexSheet2.png
  artifactKey: Guid(ed12095f614cfe04bbb926e209a6b112) Importer(815301076,1909f56bfc062723c751e8b465ee728b)
Start importing Assets/TexSheet2.png using Guid(ed12095f614cfe04bbb926e209a6b112) Importer(815301076,1909f56bfc062723c751e8b465ee728b)  -> (artifact id: '6e86ca61b5560fb82ea3ab71c30fa260') in 0.022455 seconds
  Import took 0.028183 seconds .

========================================================================
Received Import Request.
  Time since last request: 0.024645 seconds.
  path: Assets/TexSheet2.png
  artifactKey: Guid(ed12095f614cfe04bbb926e209a6b112) Importer(815301076,1909f56bfc062723c751e8b465ee728b)
Start importing Assets/TexSheet2.png using Guid(ed12095f614cfe04bbb926e209a6b112) Importer(815301076,1909f56bfc062723c751e8b465ee728b)  -> (artifact id: '6e86ca61b5560fb82ea3ab71c30fa260') in 0.013961 seconds
  Import took 0.018822 seconds .

========================================================================
Received Import Request.
  Time since last request: 98.825162 seconds.
  path: Assets/TexSheet2.png
  artifactKey: Guid(ed12095f614cfe04bbb926e209a6b112) Importer(815301076,1909f56bfc062723c751e8b465ee728b)
Start importing Assets/TexSheet2.png using Guid(ed12095f614cfe04bbb926e209a6b112) Importer(815301076,1909f56bfc062723c751e8b465ee728b)  -> (artifact id: '635b99f7864ef44ba2ed3a225855150e') in 0.084093 seconds
  Import took 0.089594 seconds .

========================================================================
Received Import Request.
  Time since last request: 74.092223 seconds.
  path: Assets/Slopeb.asset
  artifactKey: Guid(39cf06b6df5eb9240a28cf11bc33906b) Importer(815301076,1909f56bfc062723c751e8b465ee728b)
Start importing Assets/Slopeb.asset using Guid(39cf06b6df5eb9240a28cf11bc33906b) Importer(815301076,1909f56bfc062723c751e8b465ee728b)  -> (artifact id: 'e0f28c6cb6e6e88c0d1403db5d241339') in 0.072392 seconds
  Import took 0.078051 seconds .

========================================================================
Received Import Request.
  Time since last request: 24.511211 seconds.
  path: Assets/TexSheet2.png
  artifactKey: Guid(ed12095f614cfe04bbb926e209a6b112) Importer(815301076,1909f56bfc062723c751e8b465ee728b)
Start importing Assets/TexSheet2.png using Guid(ed12095f614cfe04bbb926e209a6b112) Importer(815301076,1909f56bfc062723c751e8b465ee728b)  -> (artifact id: '7a3495a06f325f6326fa4024abe5807a') in 0.074218 seconds
  Import took 0.079299 seconds .

========================================================================
Received Import Request.
  Time since last request: 157.016627 seconds.
  path: Assets/TexSheet2.png
  artifactKey: Guid(ed12095f614cfe04bbb926e209a6b112) Importer(815301076,1909f56bfc062723c751e8b465ee728b)
Start importing Assets/TexSheet2.png using Guid(ed12095f614cfe04bbb926e209a6b112) Importer(815301076,1909f56bfc062723c751e8b465ee728b)  -> (artifact id: 'b67af33a7d15bfbd7d810a8aef1267a4') in 0.072978 seconds
  Import took 0.080527 seconds .

========================================================================
Received Import Request.
  Time since last request: 0.000302 seconds.
  path: Assets/TexSheet2.png.kra
  artifactKey: Guid(850ad88b452582845a6a6ed4ba0a217f) Importer(815301076,1909f56bfc062723c751e8b465ee728b)
Start importing Assets/TexSheet2.png.kra using Guid(850ad88b452582845a6a6ed4ba0a217f) Importer(815301076,1909f56bfc062723c751e8b465ee728b)  -> (artifact id: '94a7633502b0b36bd7f0700a8b9e6094') in 0.005543 seconds
  Import took 0.010783 seconds .

========================================================================
Received Import Request.
  Time since last request: 26.715422 seconds.
  path: Assets/TexSheet2.png
  artifactKey: Guid(ed12095f614cfe04bbb926e209a6b112) Importer(815301076,1909f56bfc062723c751e8b465ee728b)
Start importing Assets/TexSheet2.png using Guid(ed12095f614cfe04bbb926e209a6b112) Importer(815301076,1909f56bfc062723c751e8b465ee728b)  -> (artifact id: '32fd01a4df7564632ce361d1f1879415') in 0.070703 seconds
  Import took 0.076188 seconds .

========================================================================
Received Import Request.
  Time since last request: 15.613473 seconds.
  path: Assets/Surfaceb.asset
  artifactKey: Guid(492aad4560e6ad3409cc1c8cb820e463) Importer(815301076,1909f56bfc062723c751e8b465ee728b)
Start importing Assets/Surfaceb.asset using Guid(492aad4560e6ad3409cc1c8cb820e463) Importer(815301076,1909f56bfc062723c751e8b465ee728b)  -> (artifact id: '07039efa565ba8f260e9bfc14ef0edda') in 0.023170 seconds
  Import took 0.028611 seconds .

========================================================================
Received Prepare
Reloading mono domain
Begin MonoManager ReloadAssembly
Registering precompiled unity dll's ...
Register platform support module: C:/Program Files/Unity/2020.2.0b2/Editor/Data/PlaybackEngines/WebGLSupport/UnityEditor.WebGL.Extensions.dll
Register platform support module: C:/Program Files/Unity/2020.2.0b2/Editor/Data/PlaybackEngines/WindowsStandaloneSupport/UnityEditor.WindowsStandalone.Extensions.dll
Registered in 0.002706 seconds.
Symbol file LoadedFromMemory doesn't match image C:\Users\josep\Documents\GitHub\SpaceRunner\SpaceRunner\Library\PackageCache\com.unity.ext.nunit@1.0.0\net35\unity-custom\nunit.framework.dll
Native extension for WindowsStandalone target not found
Native extension for WebGL target not found
Refreshing native plugins compatible for Editor in 50.16 ms, found 1 plugins.
Preloading 0 native plugins for Editor in 0.00 ms.
Invoked RoslynAnalysisRunner static constructor.
RoslynAnalysisRunner will not be running.
RoslynAnalysisRunner has terminated.
Mono: successfully reloaded assembly
- Completed reload, in  1.367 seconds
Registering precompiled user dll's ...
Registered in 0.114104 seconds.
Platform modules already initialized, skipping
Begin MonoManager ReloadAssembly
Symbol file LoadedFromMemory doesn't match image C:\Users\josep\Documents\GitHub\SpaceRunner\SpaceRunner\Library\PackageCache\com.unity.ext.nunit@1.0.0\net35\unity-custom\nunit.framework.dll
Native extension for WindowsStandalone target not found
Native extension for WebGL target not found
Refreshing native plugins compatible for Editor in 0.47 ms, found 1 plugins.
Preloading 0 native plugins for Editor in 0.00 ms.
Invoked RoslynAnalysisRunner static constructor.
RoslynAnalysisRunner will not be running.
RoslynAnalysisRunner has terminated.
Mono: successfully reloaded assembly
- Completed reload, in  1.131 seconds
Platform modules already initialized, skipping
Refreshing native plugins compatible for Editor in 0.65 ms, found 1 plugins.
Preloading 0 native plugins for Editor in 0.00 ms.
Unloading 13 Unused Serialized files (Serialized files now loaded: 0)
System memory in use before: 53.5 MB.
System memory in use after: 53.5 MB.

Unloading 12 unused Assets to reduce memory usage. Loaded Objects now: 2264.
Total: 3.224000 ms (FindLiveObjects: 0.546100 ms CreateObjectMapping: 0.070400 ms MarkObjects: 2.473400 ms  DeleteObjects: 0.132100 ms)

========================================================================
Received Prepare
Reloading mono domain
Begin MonoManager ReloadAssembly
Registering precompiled unity dll's ...
Register platform support module: C:/Program Files/Unity/2020.2.0b2/Editor/Data/PlaybackEngines/WebGLSupport/UnityEditor.WebGL.Extensions.dll
Register platform support module: C:/Program Files/Unity/2020.2.0b2/Editor/Data/PlaybackEngines/WindowsStandaloneSupport/UnityEditor.WindowsStandalone.Extensions.dll
Registered in 0.002860 seconds.
Symbol file LoadedFromMemory doesn't match image C:\Users\josep\Documents\GitHub\SpaceRunner\SpaceRunner\Library\PackageCache\com.unity.ext.nunit@1.0.0\net35\unity-custom\nunit.framework.dll
Native extension for WindowsStandalone target not found
Native extension for WebGL target not found
Refreshing native plugins compatible for Editor in 51.27 ms, found 1 plugins.
Preloading 0 native plugins for Editor in 0.00 ms.
Invoked RoslynAnalysisRunner static constructor.
RoslynAnalysisRunner will not be running.
RoslynAnalysisRunner has terminated.
Mono: successfully reloaded assembly
- Completed reload, in  1.236 seconds
Registering precompiled user dll's ...
Registered in 0.105315 seconds.
Platform modules already initialized, skipping
Begin MonoManager ReloadAssembly
Symbol file LoadedFromMemory doesn't match image C:\Users\josep\Documents\GitHub\SpaceRunner\SpaceRunner\Library\PackageCache\com.unity.ext.nunit@1.0.0\net35\unity-custom\nunit.framework.dll
Native extension for WindowsStandalone target not found
Native extension for WebGL target not found
Refreshing native plugins compatible for Editor in 0.47 ms, found 1 plugins.
Preloading 0 native plugins for Editor in 0.00 ms.
Invoked RoslynAnalysisRunner static constructor.
RoslynAnalysisRunner will not be running.
RoslynAnalysisRunner has terminated.
Mono: successfully reloaded assembly
- Completed reload, in  1.224 seconds
Platform modules already initialized, skipping
Refreshing native plugins compatible for Editor in 0.45 ms, found 1 plugins.
Preloading 0 native plugins for Editor in 0.00 ms.
Unloading 13 Unused Serialized files (Serialized files now loaded: 0)
System memory in use before: 53.6 MB.
System memory in use after: 53.6 MB.

Unloading 12 unused Assets to reduce memory usage. Loaded Objects now: 2269.
Total: 2.861400 ms (FindLiveObjects: 0.490400 ms CreateObjectMapping: 0.059100 ms MarkObjects: 2.167900 ms  DeleteObjects: 0.142300 ms)

========================================================================
Received Import Request.
  Time since last request: 461.758760 seconds.
  path: Assets/Assets/Laser.prefab
  artifactKey: Guid(9b04f54cb67032442971e9f17da02a51) Importer(815301076,1909f56bfc062723c751e8b465ee728b)
Start importing Assets/Assets/Laser.prefab using Guid(9b04f54cb67032442971e9f17da02a51) Importer(815301076,1909f56bfc062723c751e8b465ee728b)  -> (artifact id: 'c59ba362812c77fe8dd58cf2058e503b') in 0.099942 seconds
  Import took 0.114742 seconds .

========================================================================
Received Import Request.
  Time since last request: 12.704328 seconds.
  path: Assets/Assets/Laser.prefab
  artifactKey: Guid(9b04f54cb67032442971e9f17da02a51) Importer(815301076,1909f56bfc062723c751e8b465ee728b)
Start importing Assets/Assets/Laser.prefab using Guid(9b04f54cb67032442971e9f17da02a51) Importer(815301076,1909f56bfc062723c751e8b465ee728b)  -> (artifact id: 'f528d54722f1e7f54bc1466b632c0194') in 0.015572 seconds
  Import took 0.021611 seconds .

========================================================================
Received Import Request.
  Time since last request: 14.118010 seconds.
  path: Assets/Assets/Laser.prefab
  artifactKey: Guid(9b04f54cb67032442971e9f17da02a51) Importer(815301076,1909f56bfc062723c751e8b465ee728b)
Start importing Assets/Assets/Laser.prefab using Guid(9b04f54cb67032442971e9f17da02a51) Importer(815301076,1909f56bfc062723c751e8b465ee728b)  -> (artifact id: '857a1ba78fecec07ba7a45b669348af6') in 0.016408 seconds
  Import took 0.022117 seconds .

========================================================================
Received Import Request.
  Time since last request: 3.530165 seconds.
  path: Assets/Assets/Laser.prefab
  artifactKey: Guid(9b04f54cb67032442971e9f17da02a51) Importer(815301076,1909f56bfc062723c751e8b465ee728b)
Start importing Assets/Assets/Laser.prefab using Guid(9b04f54cb67032442971e9f17da02a51) Importer(815301076,1909f56bfc062723c751e8b465ee728b)  -> (artifact id: 'c7496a185543a8de2d5f11d15923c03a') in 0.017279 seconds
  Import took 0.023290 seconds .

========================================================================
Received Import Request.
  Time since last request: 4.112448 seconds.
  path: Assets/Assets/Laser.prefab
  artifactKey: Guid(9b04f54cb67032442971e9f17da02a51) Importer(815301076,1909f56bfc062723c751e8b465ee728b)
Start importing Assets/Assets/Laser.prefab using Guid(9b04f54cb67032442971e9f17da02a51) Importer(815301076,1909f56bfc062723c751e8b465ee728b)  -> (artifact id: '88f7244755c341f780a722e666fda61e') in 0.015520 seconds
  Import took 0.021251 seconds .

========================================================================
Received Import Request.
  Time since last request: 2.222500 seconds.
  path: Assets/Assets/Laser.prefab
  artifactKey: Guid(9b04f54cb67032442971e9f17da02a51) Importer(815301076,1909f56bfc062723c751e8b465ee728b)
Start importing Assets/Assets/Laser.prefab using Guid(9b04f54cb67032442971e9f17da02a51) Importer(815301076,1909f56bfc062723c751e8b465ee728b)  -> (artifact id: 'a6db4505d7588e8d171bce2ac5ab5ae2') in 0.015835 seconds
  Import took 0.021512 seconds .

========================================================================
Received Prepare
Reloading mono domain
Begin MonoManager ReloadAssembly
Registering precompiled unity dll's ...
Register platform support module: C:/Program Files/Unity/2020.2.0b2/Editor/Data/PlaybackEngines/WebGLSupport/UnityEditor.WebGL.Extensions.dll
Register platform support module: C:/Program Files/Unity/2020.2.0b2/Editor/Data/PlaybackEngines/WindowsStandaloneSupport/UnityEditor.WindowsStandalone.Extensions.dll
Registered in 0.002764 seconds.
Symbol file LoadedFromMemory doesn't match image C:\Users\josep\Documents\GitHub\SpaceRunner\SpaceRunner\Library\PackageCache\com.unity.ext.nunit@1.0.0\net35\unity-custom\nunit.framework.dll
Native extension for WindowsStandalone target not found
Native extension for WebGL target not found
Refreshing native plugins compatible for Editor in 52.18 ms, found 1 plugins.
Preloading 0 native plugins for Editor in 0.00 ms.
Invoked RoslynAnalysisRunner static constructor.
RoslynAnalysisRunner will not be running.
RoslynAnalysisRunner has terminated.
Mono: successfully reloaded assembly
- Completed reload, in  1.295 seconds
Registering precompiled user dll's ...
Registered in 0.102824 seconds.
Platform modules already initialized, skipping
Begin MonoManager ReloadAssembly
Symbol file LoadedFromMemory doesn't match image C:\Users\josep\Documents\GitHub\SpaceRunner\SpaceRunner\Library\PackageCache\com.unity.ext.nunit@1.0.0\net35\unity-custom\nunit.framework.dll
Native extension for WindowsStandalone target not found
Native extension for WebGL target not found
Refreshing native plugins compatible for Editor in 0.49 ms, found 1 plugins.
Preloading 0 native plugins for Editor in 0.00 ms.
Invoked RoslynAnalysisRunner static constructor.
RoslynAnalysisRunner will not be running.
RoslynAnalysisRunner has terminated.
Mono: successfully reloaded assembly
- Completed reload, in  1.229 seconds
Platform modules already initialized, skipping
Refreshing native plugins compatible for Editor in 0.48 ms, found 1 plugins.
Preloading 0 native plugins for Editor in 0.00 ms.
Unloading 13 Unused Serialized files (Serialized files now loaded: 0)
System memory in use before: 53.7 MB.
System memory in use after: 53.7 MB.

Unloading 12 unused Assets to reduce memory usage. Loaded Objects now: 2278.
Total: 2.681800 ms (FindLiveObjects: 0.448000 ms CreateObjectMapping: 0.059800 ms MarkObjects: 2.054900 ms  DeleteObjects: 0.117600 ms)

========================================================================
Received Import Request.
  Time since last request: 26.629265 seconds.
  path: Assets/Assets/Laser.prefab
  artifactKey: Guid(9b04f54cb67032442971e9f17da02a51) Importer(815301076,1909f56bfc062723c751e8b465ee728b)
Start importing Assets/Assets/Laser.prefab using Guid(9b04f54cb67032442971e9f17da02a51) Importer(815301076,1909f56bfc062723c751e8b465ee728b)  -> (artifact id: 'fcc2043ba614f0ca8246ea1badf74b6a') in 0.071814 seconds
  Import took 0.076297 seconds .

========================================================================
Received Import Request.
  Time since last request: 0.384925 seconds.
  path: Assets/SFX/FREE SOUND EFFECT - WIND [NO COPYRIGHT] (128 kbps).mp3
  artifactKey: Guid(684d8ee137bea774cb79482c1d9156af) Importer(815301076,1909f56bfc062723c751e8b465ee728b)
Start importing Assets/SFX/FREE SOUND EFFECT - WIND [NO COPYRIGHT] (128 kbps).mp3 using Guid(684d8ee137bea774cb79482c1d9156af) Importer(815301076,1909f56bfc062723c751e8b465ee728b)  -> (artifact id: '79410ad35aee3dd0bfa057a94818edca') in 0.047664 seconds
  Import took 0.052232 seconds .

========================================================================
Received Import Request.
  Time since last request: 1.971286 seconds.
  path: Assets/Scenes/SampleScene.unity
  artifactKey: Guid(2cda990e2423bbf4892e6590ba056729) Importer(815301076,1909f56bfc062723c751e8b465ee728b)
Start importing Assets/Scenes/SampleScene.unity using Guid(2cda990e2423bbf4892e6590ba056729) Importer(815301076,1909f56bfc062723c751e8b465ee728b)  -> (artifact id: '37b5418adb9bc0f007967cc3e6cf8c90') in 0.009462 seconds
  Import took 0.014571 seconds .

========================================================================
Received Import Request.
  Time since last request: 0.597176 seconds.
  path: Assets/Blockb.asset
  artifactKey: Guid(6e9c9037255efb64c8f17f53e62942e3) Importer(815301076,1909f56bfc062723c751e8b465ee728b)
Start importing Assets/Blockb.asset using Guid(6e9c9037255efb64c8f17f53e62942e3) Importer(815301076,1909f56bfc062723c751e8b465ee728b)  -> (artifact id: '631b638aaed9673f26cc9f431097a565') in 0.036720 seconds
  Import took 0.043331 seconds .

========================================================================
Received Import Request.
  Time since last request: 0.000305 seconds.
  path: Assets/Floor2.prefab
  artifactKey: Guid(1535d78cbc5385149ad8a5a84574d451) Importer(815301076,1909f56bfc062723c751e8b465ee728b)
Start importing Assets/Floor2.prefab using Guid(1535d78cbc5385149ad8a5a84574d451) Importer(815301076,1909f56bfc062723c751e8b465ee728b)  -> (artifact id: 'd24bb0f1843160fd3c2c137a5743f6e9') in 0.017078 seconds
  Import took 0.022479 seconds .

========================================================================
Received Import Request.
  Time since last request: 0.000234 seconds.
  path: Assets/Blockb.asset
  artifactKey: Guid(6e9c9037255efb64c8f17f53e62942e3) Importer(815301076,1909f56bfc062723c751e8b465ee728b)
Start importing Assets/Blockb.asset using Guid(6e9c9037255efb64c8f17f53e62942e3) Importer(815301076,1909f56bfc062723c751e8b465ee728b)  -> (artifact id: '631b638aaed9673f26cc9f431097a565') in 0.013364 seconds
  Import took 0.018762 seconds .

========================================================================
Received Import Request.
  Time since last request: 0.000298 seconds.
  path: Assets/Floor.prefab
  artifactKey: Guid(db530b270b2725f489404be8cb5a7ae6) Importer(815301076,1909f56bfc062723c751e8b465ee728b)
Start importing Assets/Floor.prefab using Guid(db530b270b2725f489404be8cb5a7ae6) Importer(815301076,1909f56bfc062723c751e8b465ee728b)  -> (artifact id: '984867dbf937e5eb33f596cc4da4a1ce') in 0.012470 seconds
  Import took 0.018104 seconds .

========================================================================
Received Prepare
Reloading mono domain
Begin MonoManager ReloadAssembly
Registering precompiled unity dll's ...
Register platform support module: C:/Program Files/Unity/2020.2.0b2/Editor/Data/PlaybackEngines/WebGLSupport/UnityEditor.WebGL.Extensions.dll
Register platform support module: C:/Program Files/Unity/2020.2.0b2/Editor/Data/PlaybackEngines/WindowsStandaloneSupport/UnityEditor.WindowsStandalone.Extensions.dll
Registered in 0.002857 seconds.
Symbol file LoadedFromMemory doesn't match image C:\Users\josep\Documents\GitHub\SpaceRunner\SpaceRunner\Library\PackageCache\com.unity.ext.nunit@1.0.0\net35\unity-custom\nunit.framework.dll
Native extension for WindowsStandalone target not found
Native extension for WebGL target not found
Refreshing native plugins compatible for Editor in 65.26 ms, found 1 plugins.
Preloading 0 native plugins for Editor in 0.00 ms.
Invoked RoslynAnalysisRunner static constructor.
RoslynAnalysisRunner will not be running.
RoslynAnalysisRunner has terminated.
Mono: successfully reloaded assembly
- Completed reload, in  1.520 seconds
Registering precompiled user dll's ...
Registered in 0.121317 seconds.
Platform modules already initialized, skipping
Begin MonoManager ReloadAssembly
Symbol file LoadedFromMemory doesn't match image C:\Users\josep\Documents\GitHub\SpaceRunner\SpaceRunner\Library\PackageCache\com.unity.ext.nunit@1.0.0\net35\unity-custom\nunit.framework.dll
Native extension for WindowsStandalone target not found
Native extension for WebGL target not found
Refreshing native plugins compatible for Editor in 0.53 ms, found 1 plugins.
Preloading 0 native plugins for Editor in 0.00 ms.
Invoked RoslynAnalysisRunner static constructor.
RoslynAnalysisRunner will not be running.
RoslynAnalysisRunner has terminated.
Mono: successfully reloaded assembly
- Completed reload, in  1.452 seconds
Platform modules already initialized, skipping
Refreshing native plugins compatible for Editor in 0.47 ms, found 1 plugins.
Preloading 0 native plugins for Editor in 0.00 ms.
Unloading 13 Unused Serialized files (Serialized files now loaded: 0)
System memory in use before: 53.9 MB.
System memory in use after: 53.9 MB.

Unloading 12 unused Assets to reduce memory usage. Loaded Objects now: 2287.
Total: 3.885000 ms (FindLiveObjects: 0.655600 ms CreateObjectMapping: 0.156100 ms MarkObjects: 2.926300 ms  DeleteObjects: 0.145000 ms)

========================================================================
Received Prepare
Reloading mono domain
Begin MonoManager ReloadAssembly
Registering precompiled unity dll's ...
Register platform support module: C:/Program Files/Unity/2020.2.0b2/Editor/Data/PlaybackEngines/WebGLSupport/UnityEditor.WebGL.Extensions.dll
Register platform support module: C:/Program Files/Unity/2020.2.0b2/Editor/Data/PlaybackEngines/WindowsStandaloneSupport/UnityEditor.WindowsStandalone.Extensions.dll
Registered in 0.003007 seconds.
Symbol file LoadedFromMemory doesn't match image C:\Users\josep\Documents\GitHub\SpaceRunner\SpaceRunner\Library\PackageCache\com.unity.ext.nunit@1.0.0\net35\unity-custom\nunit.framework.dll
Native extension for WindowsStandalone target not found
Native extension for WebGL target not found
Refreshing native plugins compatible for Editor in 49.75 ms, found 1 plugins.
Preloading 0 native plugins for Editor in 0.00 ms.
Invoked RoslynAnalysisRunner static constructor.
RoslynAnalysisRunner will not be running.
RoslynAnalysisRunner has terminated.
Mono: successfully reloaded assembly
- Completed reload, in  1.456 seconds
Registering precompiled user dll's ...
Registered in 0.110090 seconds.
Platform modules already initialized, skipping
Begin MonoManager ReloadAssembly
Symbol file LoadedFromMemory doesn't match image C:\Users\josep\Documents\GitHub\SpaceRunner\SpaceRunner\Library\PackageCache\com.unity.ext.nunit@1.0.0\net35\unity-custom\nunit.framework.dll
Native extension for WindowsStandalone target not found
Native extension for WebGL target not found
Refreshing native plugins compatible for Editor in 0.46 ms, found 1 plugins.
Preloading 0 native plugins for Editor in 0.00 ms.
Invoked RoslynAnalysisRunner static constructor.
RoslynAnalysisRunner will not be running.
RoslynAnalysisRunner has terminated.
Mono: successfully reloaded assembly
- Completed reload, in  1.351 seconds
Platform modules already initialized, skipping
Refreshing native plugins compatible for Editor in 0.46 ms, found 1 plugins.
Preloading 0 native plugins for Editor in 0.00 ms.
Unloading 13 Unused Serialized files (Serialized files now loaded: 0)
System memory in use before: 54.0 MB.
System memory in use after: 54.0 MB.

Unloading 12 unused Assets to reduce memory usage. Loaded Objects now: 2292.
Total: 3.061500 ms (FindLiveObjects: 0.845700 ms CreateObjectMapping: 0.077900 ms MarkObjects: 2.013200 ms  DeleteObjects: 0.122500 ms)

========================================================================
Received Prepare
Reloading mono domain
Begin MonoManager ReloadAssembly
Registering precompiled unity dll's ...
Register platform support module: C:/Program Files/Unity/2020.2.0b2/Editor/Data/PlaybackEngines/WebGLSupport/UnityEditor.WebGL.Extensions.dll
Register platform support module: C:/Program Files/Unity/2020.2.0b2/Editor/Data/PlaybackEngines/WindowsStandaloneSupport/UnityEditor.WindowsStandalone.Extensions.dll
Registered in 0.002664 seconds.
Symbol file LoadedFromMemory doesn't match image C:\Users\josep\Documents\GitHub\SpaceRunner\SpaceRunner\Library\PackageCache\com.unity.ext.nunit@1.0.0\net35\unity-custom\nunit.framework.dll
Native extension for WindowsStandalone target not found
Native extension for WebGL target not found
Refreshing native plugins compatible for Editor in 50.53 ms, found 1 plugins.
Preloading 0 native plugins for Editor in 0.00 ms.
Invoked RoslynAnalysisRunner static constructor.
RoslynAnalysisRunner will not be running.
RoslynAnalysisRunner has terminated.
Mono: successfully reloaded assembly
- Completed reload, in  1.498 seconds
Registering precompiled user dll's ...
Registered in 0.121431 seconds.
Platform modules already initialized, skipping
Begin MonoManager ReloadAssembly
Symbol file LoadedFromMemory doesn't match image C:\Users\josep\Documents\GitHub\SpaceRunner\SpaceRunner\Library\PackageCache\com.unity.ext.nunit@1.0.0\net35\unity-custom\nunit.framework.dll
Native extension for WindowsStandalone target not found
Native extension for WebGL target not found
Refreshing native plugins compatible for Editor in 0.46 ms, found 1 plugins.
Preloading 0 native plugins for Editor in 0.00 ms.
Invoked RoslynAnalysisRunner static constructor.
RoslynAnalysisRunner will not be running.
RoslynAnalysisRunner has terminated.
Mono: successfully reloaded assembly
- Completed reload, in  1.406 seconds
Platform modules already initialized, skipping
Refreshing native plugins compatible for Editor in 0.45 ms, found 1 plugins.
Preloading 0 native plugins for Editor in 0.00 ms.
Unloading 13 Unused Serialized files (Serialized files now loaded: 0)
System memory in use before: 54.1 MB.
System memory in use after: 54.1 MB.

Unloading 12 unused Assets to reduce memory usage. Loaded Objects now: 2297.
Total: 2.951800 ms (FindLiveObjects: 0.557700 ms CreateObjectMapping: 0.067800 ms MarkObjects: 2.191500 ms  DeleteObjects: 0.132700 ms)

========================================================================
Received Prepare
Reloading mono domain
Begin MonoManager ReloadAssembly
Registering precompiled unity dll's ...
Register platform support module: C:/Program Files/Unity/2020.2.0b2/Editor/Data/PlaybackEngines/WebGLSupport/UnityEditor.WebGL.Extensions.dll
Register platform support module: C:/Program Files/Unity/2020.2.0b2/Editor/Data/PlaybackEngines/WindowsStandaloneSupport/UnityEditor.WindowsStandalone.Extensions.dll
Registered in 0.002694 seconds.
Symbol file LoadedFromMemory doesn't match image C:\Users\josep\Documents\GitHub\SpaceRunner\SpaceRunner\Library\PackageCache\com.unity.ext.nunit@1.0.0\net35\unity-custom\nunit.framework.dll
Native extension for WindowsStandalone target not found
Native extension for WebGL target not found
Refreshing native plugins compatible for Editor in 55.72 ms, found 1 plugins.
Preloading 0 native plugins for Editor in 0.00 ms.
Invoked RoslynAnalysisRunner static constructor.
RoslynAnalysisRunner will not be running.
RoslynAnalysisRunner has terminated.
Mono: successfully reloaded assembly
- Completed reload, in  1.507 seconds
Registering precompiled user dll's ...
Registered in 0.106078 seconds.
Platform modules already initialized, skipping
Begin MonoManager ReloadAssembly
Symbol file LoadedFromMemory doesn't match image C:\Users\josep\Documents\GitHub\SpaceRunner\SpaceRunner\Library\PackageCache\com.unity.ext.nunit@1.0.0\net35\unity-custom\nunit.framework.dll
Native extension for WindowsStandalone target not found
Native extension for WebGL target not found
Refreshing native plugins compatible for Editor in 0.45 ms, found 1 plugins.
Preloading 0 native plugins for Editor in 0.00 ms.
Invoked RoslynAnalysisRunner static constructor.
RoslynAnalysisRunner will not be running.
RoslynAnalysisRunner has terminated.
Mono: successfully reloaded assembly
- Completed reload, in  1.491 seconds
Platform modules already initialized, skipping
Refreshing native plugins compatible for Editor in 0.48 ms, found 1 plugins.
Preloading 0 native plugins for Editor in 0.00 ms.
Unloading 13 Unused Serialized files (Serialized files now loaded: 0)
System memory in use before: 54.2 MB.
System memory in use after: 54.2 MB.

Unloading 12 unused Assets to reduce memory usage. Loaded Objects now: 2302.
Total: 2.716300 ms (FindLiveObjects: 0.472800 ms CreateObjectMapping: 0.069000 ms MarkObjects: 2.047200 ms  DeleteObjects: 0.125900 ms)

========================================================================
Received Import Request.
  Time since last request: 640.044933 seconds.
  path: Assets/Assets/L2.prefab
  artifactKey: Guid(39d4f71b77f2d48409dbeaa6b4c3f5fd) Importer(815301076,1909f56bfc062723c751e8b465ee728b)
Start importing Assets/Assets/L2.prefab using Guid(39d4f71b77f2d48409dbeaa6b4c3f5fd) Importer(815301076,1909f56bfc062723c751e8b465ee728b)  -> (artifact id: '20472f10fea31c9a212b721094e0a0b9') in 0.033607 seconds
  Import took 0.038559 seconds .

========================================================================
Received Prepare
Reloading mono domain
Begin MonoManager ReloadAssembly
Registering precompiled unity dll's ...
Register platform support module: C:/Program Files/Unity/2020.2.0b2/Editor/Data/PlaybackEngines/WebGLSupport/UnityEditor.WebGL.Extensions.dll
Register platform support module: C:/Program Files/Unity/2020.2.0b2/Editor/Data/PlaybackEngines/WindowsStandaloneSupport/UnityEditor.WindowsStandalone.Extensions.dll
Registered in 0.002900 seconds.
Symbol file LoadedFromMemory doesn't match image C:\Users\josep\Documents\GitHub\SpaceRunner\SpaceRunner\Library\PackageCache\com.unity.ext.nunit@1.0.0\net35\unity-custom\nunit.framework.dll
Native extension for WindowsStandalone target not found
Native extension for WebGL target not found
Refreshing native plugins compatible for Editor in 56.82 ms, found 1 plugins.
Preloading 0 native plugins for Editor in 0.00 ms.
Invoked RoslynAnalysisRunner static constructor.
RoslynAnalysisRunner will not be running.
RoslynAnalysisRunner has terminated.
Mono: successfully reloaded assembly
- Completed reload, in  1.689 seconds
Registering precompiled user dll's ...
Registered in 0.115378 seconds.
Platform modules already initialized, skipping
Begin MonoManager ReloadAssembly
Symbol file LoadedFromMemory doesn't match image C:\Users\josep\Documents\GitHub\SpaceRunner\SpaceRunner\Library\PackageCache\com.unity.ext.nunit@1.0.0\net35\unity-custom\nunit.framework.dll
Native extension for WindowsStandalone target not found
Native extension for WebGL target not found
Refreshing native plugins compatible for Editor in 0.67 ms, found 1 plugins.
Preloading 0 native plugins for Editor in 0.00 ms.
Invoked RoslynAnalysisRunner static constructor.
RoslynAnalysisRunner will not be running.
RoslynAnalysisRunner has terminated.
Mono: successfully reloaded assembly
- Completed reload, in  1.596 seconds
Platform modules already initialized, skipping
Refreshing native plugins compatible for Editor in 0.45 ms, found 1 plugins.
Preloading 0 native plugins for Editor in 0.00 ms.
Unloading 13 Unused Serialized files (Serialized files now loaded: 0)
System memory in use before: 54.3 MB.
System memory in use after: 54.3 MB.

Unloading 12 unused Assets to reduce memory usage. Loaded Objects now: 2307.
Total: 2.738500 ms (FindLiveObjects: 0.450600 ms CreateObjectMapping: 0.060800 ms MarkObjects: 2.095900 ms  DeleteObjects: 0.129700 ms)

========================================================================
Received Prepare
Reloading mono domain
Begin MonoManager ReloadAssembly
Registering precompiled unity dll's ...
Register platform support module: C:/Program Files/Unity/2020.2.0b2/Editor/Data/PlaybackEngines/WebGLSupport/UnityEditor.WebGL.Extensions.dll
Register platform support module: C:/Program Files/Unity/2020.2.0b2/Editor/Data/PlaybackEngines/WindowsStandaloneSupport/UnityEditor.WindowsStandalone.Extensions.dll
Registered in 0.002723 seconds.
Symbol file LoadedFromMemory doesn't match image C:\Users\josep\Documents\GitHub\SpaceRunner\SpaceRunner\Library\PackageCache\com.unity.ext.nunit@1.0.0\net35\unity-custom\nunit.framework.dll
Native extension for WindowsStandalone target not found
Native extension for WebGL target not found
Refreshing native plugins compatible for Editor in 57.73 ms, found 1 plugins.
Preloading 0 native plugins for Editor in 0.00 ms.
Invoked RoslynAnalysisRunner static constructor.
RoslynAnalysisRunner will not be running.
RoslynAnalysisRunner has terminated.
Mono: successfully reloaded assembly
- Completed reload, in  1.729 seconds
Registering precompiled user dll's ...
Registered in 0.108986 seconds.
Platform modules already initialized, skipping
Begin MonoManager ReloadAssembly
Symbol file LoadedFromMemory doesn't match image C:\Users\josep\Documents\GitHub\SpaceRunner\SpaceRunner\Library\PackageCache\com.unity.ext.nunit@1.0.0\net35\unity-custom\nunit.framework.dll
Native extension for WindowsStandalone target not found
Native extension for WebGL target not found
Refreshing native plugins compatible for Editor in 0.47 ms, found 1 plugins.
Preloading 0 native plugins for Editor in 0.00 ms.
Invoked RoslynAnalysisRunner static constructor.
RoslynAnalysisRunner will not be running.
RoslynAnalysisRunner has terminated.
Mono: successfully reloaded assembly
- Completed reload, in  1.686 seconds
Platform modules already initialized, skipping
Refreshing native plugins compatible for Editor in 0.46 ms, found 1 plugins.
Preloading 0 native plugins for Editor in 0.00 ms.
Unloading 13 Unused Serialized files (Serialized files now loaded: 0)
System memory in use before: 54.4 MB.
System memory in use after: 54.4 MB.

Unloading 12 unused Assets to reduce memory usage. Loaded Objects now: 2312.
Total: 3.551900 ms (FindLiveObjects: 0.748900 ms CreateObjectMapping: 0.158500 ms MarkObjects: 2.509200 ms  DeleteObjects: 0.132700 ms)

========================================================================
Received Prepare
Reloading mono domain
Begin MonoManager ReloadAssembly
Registering precompiled unity dll's ...
Register platform support module: C:/Program Files/Unity/2020.2.0b2/Editor/Data/PlaybackEngines/WebGLSupport/UnityEditor.WebGL.Extensions.dll
Register platform support module: C:/Program Files/Unity/2020.2.0b2/Editor/Data/PlaybackEngines/WindowsStandaloneSupport/UnityEditor.WindowsStandalone.Extensions.dll
Registered in 0.002759 seconds.
Symbol file LoadedFromMemory doesn't match image C:\Users\josep\Documents\GitHub\SpaceRunner\SpaceRunner\Library\PackageCache\com.unity.ext.nunit@1.0.0\net35\unity-custom\nunit.framework.dll
Native extension for WindowsStandalone target not found
Native extension for WebGL target not found
Refreshing native plugins compatible for Editor in 57.80 ms, found 1 plugins.
Preloading 0 native plugins for Editor in 0.00 ms.
Invoked RoslynAnalysisRunner static constructor.
RoslynAnalysisRunner will not be running.
RoslynAnalysisRunner has terminated.
Mono: successfully reloaded assembly
- Completed reload, in  1.666 seconds
Registering precompiled user dll's ...
Registered in 0.102138 seconds.
Platform modules already initialized, skipping
Begin MonoManager ReloadAssembly
Symbol file LoadedFromMemory doesn't match image C:\Users\josep\Documents\GitHub\SpaceRunner\SpaceRunner\Library\PackageCache\com.unity.ext.nunit@1.0.0\net35\unity-custom\nunit.framework.dll
Native extension for WindowsStandalone target not found
Native extension for WebGL target not found
Refreshing native plugins compatible for Editor in 0.48 ms, found 1 plugins.
Preloading 0 native plugins for Editor in 0.00 ms.
Invoked RoslynAnalysisRunner static constructor.
RoslynAnalysisRunner will not be running.
RoslynAnalysisRunner has terminated.
Mono: successfully reloaded assembly
- Completed reload, in  1.672 seconds
Platform modules already initialized, skipping
Refreshing native plugins compatible for Editor in 0.45 ms, found 1 plugins.
Preloading 0 native plugins for Editor in 0.00 ms.
Unloading 13 Unused Serialized files (Serialized files now loaded: 0)
System memory in use before: 54.5 MB.
System memory in use after: 54.5 MB.

Unloading 12 unused Assets to reduce memory usage. Loaded Objects now: 2317.
Total: 2.936100 ms (FindLiveObjects: 0.491100 ms CreateObjectMapping: 0.063700 ms MarkObjects: 2.254200 ms  DeleteObjects: 0.125700 ms)

========================================================================
Received Import Request.
  Time since last request: 470.858413 seconds.
  path: Assets/Assets/L2.prefab
  artifactKey: Guid(39d4f71b77f2d48409dbeaa6b4c3f5fd) Importer(815301076,1909f56bfc062723c751e8b465ee728b)
Start importing Assets/Assets/L2.prefab using Guid(39d4f71b77f2d48409dbeaa6b4c3f5fd) Importer(815301076,1909f56bfc062723c751e8b465ee728b)  -> (artifact id: '437473396c2f9570c20a62ed7ee5d36c') in 0.030413 seconds
  Import took 0.035577 seconds .

========================================================================
Received Import Request.
  Time since last request: 1.354706 seconds.
  path: Assets/Assets/L2.prefab
  artifactKey: Guid(39d4f71b77f2d48409dbeaa6b4c3f5fd) Importer(815301076,1909f56bfc062723c751e8b465ee728b)
Start importing Assets/Assets/L2.prefab using Guid(39d4f71b77f2d48409dbeaa6b4c3f5fd) Importer(815301076,1909f56bfc062723c751e8b465ee728b)  -> (artifact id: '0a5fe44433bbd829176743570bab036b') in 0.006574 seconds
  Import took 0.011418 seconds .

========================================================================
Received Import Request.
  Time since last request: 2.010765 seconds.
  path: Assets/Assets/L2.prefab
  artifactKey: Guid(39d4f71b77f2d48409dbeaa6b4c3f5fd) Importer(815301076,1909f56bfc062723c751e8b465ee728b)
Start importing Assets/Assets/L2.prefab using Guid(39d4f71b77f2d48409dbeaa6b4c3f5fd) Importer(815301076,1909f56bfc062723c751e8b465ee728b)  -> (artifact id: 'a70049633a4d780c17d640f6d3e23e20') in 0.006467 seconds
  Import took 0.011545 seconds .

========================================================================
Received Import Request.
  Time since last request: 4.237808 seconds.
  path: Assets/Assets/L1.prefab
  artifactKey: Guid(beb236ac7be0deb44b1fce4e2c987e63) Importer(815301076,1909f56bfc062723c751e8b465ee728b)
Start importing Assets/Assets/L1.prefab using Guid(beb236ac7be0deb44b1fce4e2c987e63) Importer(815301076,1909f56bfc062723c751e8b465ee728b)  -> (artifact id: '8ae65f0e546e9556a5c54da1bad0c637') in 0.065466 seconds
  Import took 0.070878 seconds .

========================================================================
Received Import Request.
  Time since last request: 1.723487 seconds.
  path: Assets/Assets/L1.prefab
  artifactKey: Guid(beb236ac7be0deb44b1fce4e2c987e63) Importer(815301076,1909f56bfc062723c751e8b465ee728b)
Start importing Assets/Assets/L1.prefab using Guid(beb236ac7be0deb44b1fce4e2c987e63) Importer(815301076,1909f56bfc062723c751e8b465ee728b)  -> (artifact id: '777ccf42f3913615eeaf13477709858c') in 0.024918 seconds
  Import took 0.031059 seconds .

========================================================================
Received Import Request.
  Time since last request: 1.986716 seconds.
  path: Assets/Assets/L1.prefab
  artifactKey: Guid(beb236ac7be0deb44b1fce4e2c987e63) Importer(815301076,1909f56bfc062723c751e8b465ee728b)
Start importing Assets/Assets/L1.prefab using Guid(beb236ac7be0deb44b1fce4e2c987e63) Importer(815301076,1909f56bfc062723c751e8b465ee728b)  -> (artifact id: 'eb68e0bce93cf4ada45d23948224137d') in 0.016792 seconds
  Import took 0.022109 seconds .

========================================================================
Received Import Request.
  Time since last request: 0.978295 seconds.
  path: Assets/Assets/L1.prefab
  artifactKey: Guid(beb236ac7be0deb44b1fce4e2c987e63) Importer(815301076,1909f56bfc062723c751e8b465ee728b)
Start importing Assets/Assets/L1.prefab using Guid(beb236ac7be0deb44b1fce4e2c987e63) Importer(815301076,1909f56bfc062723c751e8b465ee728b)  -> (artifact id: 'b9ba2e83adcc4d4182cc6d018ca0da74') in 0.018506 seconds
  Import took 0.024422 seconds .

========================================================================
Received Import Request.
  Time since last request: 0.983177 seconds.
  path: Assets/Assets/L1.prefab
  artifactKey: Guid(beb236ac7be0deb44b1fce4e2c987e63) Importer(815301076,1909f56bfc062723c751e8b465ee728b)
Start importing Assets/Assets/L1.prefab using Guid(beb236ac7be0deb44b1fce4e2c987e63) Importer(815301076,1909f56bfc062723c751e8b465ee728b)  -> (artifact id: 'b8691ab741495bb20903bf11fcd388b1') in 0.021725 seconds
  Import took 0.027178 seconds .

========================================================================
Received Import Request.
  Time since last request: 1.995498 seconds.
  path: Assets/Assets/L1.prefab
  artifactKey: Guid(beb236ac7be0deb44b1fce4e2c987e63) Importer(815301076,1909f56bfc062723c751e8b465ee728b)
Start importing Assets/Assets/L1.prefab using Guid(beb236ac7be0deb44b1fce4e2c987e63) Importer(815301076,1909f56bfc062723c751e8b465ee728b)  -> (artifact id: '6254b932c5188330151e1b87dd95f952') in 0.022133 seconds
  Import took 0.026853 seconds .

========================================================================
Received Import Request.
  Time since last request: 1.595984 seconds.
  path: Assets/Assets/L1.prefab
  artifactKey: Guid(beb236ac7be0deb44b1fce4e2c987e63) Importer(815301076,1909f56bfc062723c751e8b465ee728b)
Start importing Assets/Assets/L1.prefab using Guid(beb236ac7be0deb44b1fce4e2c987e63) Importer(815301076,1909f56bfc062723c751e8b465ee728b)  -> (artifact id: '99ce5b523d16642a947ec00b51fe8b87') in 0.018045 seconds
  Import took 0.023582 seconds .

========================================================================
Received Import Request.
  Time since last request: 0.985832 seconds.
  path: Assets/Assets/L1.prefab
  artifactKey: Guid(beb236ac7be0deb44b1fce4e2c987e63) Importer(815301076,1909f56bfc062723c751e8b465ee728b)
Start importing Assets/Assets/L1.prefab using Guid(beb236ac7be0deb44b1fce4e2c987e63) Importer(815301076,1909f56bfc062723c751e8b465ee728b)  -> (artifact id: 'f0cd6051319112af6e39ba6a30d4a33e') in 0.017174 seconds
  Import took 0.022545 seconds .

========================================================================
Received Import Request.
  Time since last request: 0.578431 seconds.
  path: Assets/Assets/L1.prefab
  artifactKey: Guid(beb236ac7be0deb44b1fce4e2c987e63) Importer(815301076,1909f56bfc062723c751e8b465ee728b)
Start importing Assets/Assets/L1.prefab using Guid(beb236ac7be0deb44b1fce4e2c987e63) Importer(815301076,1909f56bfc062723c751e8b465ee728b)  -> (artifact id: '3467f4ed1784dd57200ba11f4c48bf04') in 0.018015 seconds
  Import took 0.022916 seconds .

========================================================================
Received Import Request.
  Time since last request: 2.804529 seconds.
  path: Assets/Assets/L1.prefab
  artifactKey: Guid(beb236ac7be0deb44b1fce4e2c987e63) Importer(815301076,1909f56bfc062723c751e8b465ee728b)
Start importing Assets/Assets/L1.prefab using Guid(beb236ac7be0deb44b1fce4e2c987e63) Importer(815301076,1909f56bfc062723c751e8b465ee728b)  -> (artifact id: '9b5dc76ac8b9dea85f757405b426831c') in 0.017556 seconds
  Import took 0.022678 seconds .

========================================================================
Received Import Request.
  Time since last request: 0.582070 seconds.
  path: Assets/Assets/L1.prefab
  artifactKey: Guid(beb236ac7be0deb44b1fce4e2c987e63) Importer(815301076,1909f56bfc062723c751e8b465ee728b)
Start importing Assets/Assets/L1.prefab using Guid(beb236ac7be0deb44b1fce4e2c987e63) Importer(815301076,1909f56bfc062723c751e8b465ee728b)  -> (artifact id: 'e12cd552ef86b633ef8abd2e4646d7ad') in 0.022266 seconds
  Import took 0.027442 seconds .

========================================================================
Received Import Request.
  Time since last request: 0.782924 seconds.
  path: Assets/Assets/L1.prefab
  artifactKey: Guid(beb236ac7be0deb44b1fce4e2c987e63) Importer(815301076,1909f56bfc062723c751e8b465ee728b)
Start importing Assets/Assets/L1.prefab using Guid(beb236ac7be0deb44b1fce4e2c987e63) Importer(815301076,1909f56bfc062723c751e8b465ee728b)  -> (artifact id: '39fa7c9fbac7d89cabac119fea020e57') in 0.018681 seconds
  Import took 0.024716 seconds .

========================================================================
Received Import Request.
  Time since last request: 1.189375 seconds.
  path: Assets/Assets/L1.prefab
  artifactKey: Guid(beb236ac7be0deb44b1fce4e2c987e63) Importer(815301076,1909f56bfc062723c751e8b465ee728b)
Start importing Assets/Assets/L1.prefab using Guid(beb236ac7be0deb44b1fce4e2c987e63) Importer(815301076,1909f56bfc062723c751e8b465ee728b)  -> (artifact id: '7f4ec1f78a5635591dedf0437d3979cb') in 0.018910 seconds
  Import took 0.024127 seconds .

========================================================================
Received Import Request.
  Time since last request: 1.184277 seconds.
  path: Assets/Assets/L1.prefab
  artifactKey: Guid(beb236ac7be0deb44b1fce4e2c987e63) Importer(815301076,1909f56bfc062723c751e8b465ee728b)
Start importing Assets/Assets/L1.prefab using Guid(beb236ac7be0deb44b1fce4e2c987e63) Importer(815301076,1909f56bfc062723c751e8b465ee728b)  -> (artifact id: '31cf70f52c1f9b5693198364a44b0137') in 0.022214 seconds
  Import took 0.028207 seconds .

========================================================================
Received Import Request.
  Time since last request: 0.985190 seconds.
  path: Assets/Assets/L1.prefab
  artifactKey: Guid(beb236ac7be0deb44b1fce4e2c987e63) Importer(815301076,1909f56bfc062723c751e8b465ee728b)
Start importing Assets/Assets/L1.prefab using Guid(beb236ac7be0deb44b1fce4e2c987e63) Importer(815301076,1909f56bfc062723c751e8b465ee728b)  -> (artifact id: '075e97b34eb06eb94715d8e66dc5dced') in 0.019657 seconds
  Import took 0.025108 seconds .

========================================================================
Received Import Request.
  Time since last request: 0.777680 seconds.
  path: Assets/Assets/L1.prefab
  artifactKey: Guid(beb236ac7be0deb44b1fce4e2c987e63) Importer(815301076,1909f56bfc062723c751e8b465ee728b)
Start importing Assets/Assets/L1.prefab using Guid(beb236ac7be0deb44b1fce4e2c987e63) Importer(815301076,1909f56bfc062723c751e8b465ee728b)  -> (artifact id: '2649a72943e5ef99299720e1aaa25b05') in 0.021369 seconds
  Import took 0.027962 seconds .

========================================================================
Received Import Request.
  Time since last request: 3.782279 seconds.
  path: Assets/Assets/L1.prefab
  artifactKey: Guid(beb236ac7be0deb44b1fce4e2c987e63) Importer(815301076,1909f56bfc062723c751e8b465ee728b)
Start importing Assets/Assets/L1.prefab using Guid(beb236ac7be0deb44b1fce4e2c987e63) Importer(815301076,1909f56bfc062723c751e8b465ee728b)  -> (artifact id: 'f9d618e7bbaabbb84dc633cd573032fb') in 0.017781 seconds
  Import took 0.022866 seconds .

========================================================================
Received Import Request.
  Time since last request: 0.783577 seconds.
  path: Assets/Assets/L1.prefab
  artifactKey: Guid(beb236ac7be0deb44b1fce4e2c987e63) Importer(815301076,1909f56bfc062723c751e8b465ee728b)
Start importing Assets/Assets/L1.prefab using Guid(beb236ac7be0deb44b1fce4e2c987e63) Importer(815301076,1909f56bfc062723c751e8b465ee728b)  -> (artifact id: '76da9459e3517a32d2023438c5e0a66f') in 0.017766 seconds
  Import took 0.022700 seconds .

========================================================================
Received Import Request.
  Time since last request: 0.984583 seconds.
  path: Assets/Assets/L1.prefab
  artifactKey: Guid(beb236ac7be0deb44b1fce4e2c987e63) Importer(815301076,1909f56bfc062723c751e8b465ee728b)
Start importing Assets/Assets/L1.prefab using Guid(beb236ac7be0deb44b1fce4e2c987e63) Importer(815301076,1909f56bfc062723c751e8b465ee728b)  -> (artifact id: '8364c360fb9bd0ce75316dafb5eaf634') in 0.017528 seconds
  Import took 0.022425 seconds .

========================================================================
Received Import Request.
  Time since last request: 3.209235 seconds.
  path: Assets/Assets/L1.prefab
  artifactKey: Guid(beb236ac7be0deb44b1fce4e2c987e63) Importer(815301076,1909f56bfc062723c751e8b465ee728b)
Start importing Assets/Assets/L1.prefab using Guid(beb236ac7be0deb44b1fce4e2c987e63) Importer(815301076,1909f56bfc062723c751e8b465ee728b)  -> (artifact id: 'afc8819e8ad49fc01b7328ebd8874d94') in 0.023087 seconds
  Import took 0.029060 seconds .

========================================================================
Received Import Request.
  Time since last request: 1.171561 seconds.
  path: Assets/Assets/L1.prefab
  artifactKey: Guid(beb236ac7be0deb44b1fce4e2c987e63) Importer(815301076,1909f56bfc062723c751e8b465ee728b)
Start importing Assets/Assets/L1.prefab using Guid(beb236ac7be0deb44b1fce4e2c987e63) Importer(815301076,1909f56bfc062723c751e8b465ee728b)  -> (artifact id: 'd9bdee9fed537381bfba8fc43701af53') in 0.023258 seconds
  Import took 0.028877 seconds .

========================================================================
Received Import Request.
  Time since last request: 10.261416 seconds.
  path: Assets/Assets/L1.prefab
  artifactKey: Guid(beb236ac7be0deb44b1fce4e2c987e63) Importer(815301076,1909f56bfc062723c751e8b465ee728b)
Start importing Assets/Assets/L1.prefab using Guid(beb236ac7be0deb44b1fce4e2c987e63) Importer(815301076,1909f56bfc062723c751e8b465ee728b)  -> (artifact id: 'ab63ddf43f5cc9a9ce064590994c36a2') in 0.018166 seconds
  Import took 0.023594 seconds .

========================================================================
Received Import Request.
  Time since last request: 1.596008 seconds.
  path: Assets/Assets/L1.prefab
  artifactKey: Guid(beb236ac7be0deb44b1fce4e2c987e63) Importer(815301076,1909f56bfc062723c751e8b465ee728b)
Start importing Assets/Assets/L1.prefab using Guid(beb236ac7be0deb44b1fce4e2c987e63) Importer(815301076,1909f56bfc062723c751e8b465ee728b)  -> (artifact id: 'ac5c72866b51d6b7cd39a4874d809a3e') in 0.016709 seconds
  Import took 0.021416 seconds .

========================================================================
Received Import Request.
  Time since last request: 1.997077 seconds.
  path: Assets/Assets/L1.prefab
  artifactKey: Guid(beb236ac7be0deb44b1fce4e2c987e63) Importer(815301076,1909f56bfc062723c751e8b465ee728b)
Start importing Assets/Assets/L1.prefab using Guid(beb236ac7be0deb44b1fce4e2c987e63) Importer(815301076,1909f56bfc062723c751e8b465ee728b)  -> (artifact id: '5c5d5811668f59fca95aca9672c2c301') in 0.016681 seconds
  Import took 0.021668 seconds .

========================================================================
Received Import Request.
  Time since last request: 1.985110 seconds.
  path: Assets/Assets/L1.prefab
  artifactKey: Guid(beb236ac7be0deb44b1fce4e2c987e63) Importer(815301076,1909f56bfc062723c751e8b465ee728b)
Start importing Assets/Assets/L1.prefab using Guid(beb236ac7be0deb44b1fce4e2c987e63) Importer(815301076,1909f56bfc062723c751e8b465ee728b)  -> (artifact id: '9791ffb4dde7e30c354c0333fd959868') in 0.016779 seconds
  Import took 0.022381 seconds .

========================================================================
Received Import Request.
  Time since last request: 1.184618 seconds.
  path: Assets/Assets/L1.prefab
  artifactKey: Guid(beb236ac7be0deb44b1fce4e2c987e63) Importer(815301076,1909f56bfc062723c751e8b465ee728b)
Start importing Assets/Assets/L1.prefab using Guid(beb236ac7be0deb44b1fce4e2c987e63) Importer(815301076,1909f56bfc062723c751e8b465ee728b)  -> (artifact id: 'ea8a64e0d4080df38357c3c27cb533d8') in 0.021318 seconds
  Import took 0.026662 seconds .

========================================================================
Received Import Request.
  Time since last request: 6.218401 seconds.
  path: Assets/Assets/L1.prefab
  artifactKey: Guid(beb236ac7be0deb44b1fce4e2c987e63) Importer(815301076,1909f56bfc062723c751e8b465ee728b)
Start importing Assets/Assets/L1.prefab using Guid(beb236ac7be0deb44b1fce4e2c987e63) Importer(815301076,1909f56bfc062723c751e8b465ee728b)  -> (artifact id: '6c5cd52cb4cc29fa60a44ee878d909d0') in 0.017199 seconds
  Import took 0.022212 seconds .

========================================================================
Received Import Request.
  Time since last request: 1.597764 seconds.
  path: Assets/Assets/L1.prefab
  artifactKey: Guid(beb236ac7be0deb44b1fce4e2c987e63) Importer(815301076,1909f56bfc062723c751e8b465ee728b)
Start importing Assets/Assets/L1.prefab using Guid(beb236ac7be0deb44b1fce4e2c987e63) Importer(815301076,1909f56bfc062723c751e8b465ee728b)  -> (artifact id: '23ec68e096a79f661122470711813e46') in 0.016096 seconds
  Import took 0.020938 seconds .

========================================================================
Received Import Request.
  Time since last request: 1.184546 seconds.
  path: Assets/Assets/L1.prefab
  artifactKey: Guid(beb236ac7be0deb44b1fce4e2c987e63) Importer(815301076,1909f56bfc062723c751e8b465ee728b)
Start importing Assets/Assets/L1.prefab using Guid(beb236ac7be0deb44b1fce4e2c987e63) Importer(815301076,1909f56bfc062723c751e8b465ee728b)  -> (artifact id: '28c9a8c6779968427df6762781bfa9e2') in 0.015874 seconds
  Import took 0.020774 seconds .

========================================================================
Received Import Request.
  Time since last request: 2.401074 seconds.
  path: Assets/Assets/L1.prefab
  artifactKey: Guid(beb236ac7be0deb44b1fce4e2c987e63) Importer(815301076,1909f56bfc062723c751e8b465ee728b)
Start importing Assets/Assets/L1.prefab using Guid(beb236ac7be0deb44b1fce4e2c987e63) Importer(815301076,1909f56bfc062723c751e8b465ee728b)  -> (artifact id: 'ffe4af804715ac836a0ad9f752e1a076') in 0.018506 seconds
  Import took 0.023475 seconds .

========================================================================
Received Import Request.
  Time since last request: 4.406097 seconds.
  path: Assets/Assets/L1.prefab
  artifactKey: Guid(beb236ac7be0deb44b1fce4e2c987e63) Importer(815301076,1909f56bfc062723c751e8b465ee728b)
Start importing Assets/Assets/L1.prefab using Guid(beb236ac7be0deb44b1fce4e2c987e63) Importer(815301076,1909f56bfc062723c751e8b465ee728b)  -> (artifact id: 'b839f339389977bc9595b6bcd1e23e73') in 0.016441 seconds
  Import took 0.021518 seconds .

========================================================================
Received Import Request.
  Time since last request: 1.806182 seconds.
  path: Assets/Assets/L1.prefab
  artifactKey: Guid(beb236ac7be0deb44b1fce4e2c987e63) Importer(815301076,1909f56bfc062723c751e8b465ee728b)
Start importing Assets/Assets/L1.prefab using Guid(beb236ac7be0deb44b1fce4e2c987e63) Importer(815301076,1909f56bfc062723c751e8b465ee728b)  -> (artifact id: '41162f1da09eb83544ef324afb6cb791') in 0.017225 seconds
  Import took 0.022183 seconds .

========================================================================
Received Import Request.
  Time since last request: 1.590428 seconds.
  path: Assets/Assets/L1.prefab
  artifactKey: Guid(beb236ac7be0deb44b1fce4e2c987e63) Importer(815301076,1909f56bfc062723c751e8b465ee728b)
Start importing Assets/Assets/L1.prefab using Guid(beb236ac7be0deb44b1fce4e2c987e63) Importer(815301076,1909f56bfc062723c751e8b465ee728b)  -> (artifact id: 'a2c8dcf065de29d672721fa39706cf77') in 0.017606 seconds
  Import took 0.022280 seconds .

========================================================================
Received Import Request.
  Time since last request: 1.396614 seconds.
  path: Assets/Assets/L1.prefab
  artifactKey: Guid(beb236ac7be0deb44b1fce4e2c987e63) Importer(815301076,1909f56bfc062723c751e8b465ee728b)
Start importing Assets/Assets/L1.prefab using Guid(beb236ac7be0deb44b1fce4e2c987e63) Importer(815301076,1909f56bfc062723c751e8b465ee728b)  -> (artifact id: '8e9aa5b2c140d933444d90a1f63f5619') in 0.021242 seconds
  Import took 0.026371 seconds .

========================================================================
Received Import Request.
  Time since last request: 0.564814 seconds.
  path: Assets/Assets/L1.prefab
  artifactKey: Guid(beb236ac7be0deb44b1fce4e2c987e63) Importer(815301076,1909f56bfc062723c751e8b465ee728b)
Start importing Assets/Assets/L1.prefab using Guid(beb236ac7be0deb44b1fce4e2c987e63) Importer(815301076,1909f56bfc062723c751e8b465ee728b)  -> (artifact id: 'dfdf14654fcb0c241d8c7ea06b63f842') in 0.018863 seconds
  Import took 0.024001 seconds .

========================================================================
Received Import Request.
  Time since last request: 2.010342 seconds.
  path: Assets/Assets/L1.prefab
  artifactKey: Guid(beb236ac7be0deb44b1fce4e2c987e63) Importer(815301076,1909f56bfc062723c751e8b465ee728b)
Start importing Assets/Assets/L1.prefab using Guid(beb236ac7be0deb44b1fce4e2c987e63) Importer(815301076,1909f56bfc062723c751e8b465ee728b)  -> (artifact id: '9c9e08a6b24c4dc68b1876a2d71e0d93') in 0.018586 seconds
  Import took 0.023678 seconds .

========================================================================
Received Import Request.
  Time since last request: 1.774420 seconds.
  path: Assets/Assets/L1.prefab
  artifactKey: Guid(beb236ac7be0deb44b1fce4e2c987e63) Importer(815301076,1909f56bfc062723c751e8b465ee728b)
Start importing Assets/Assets/L1.prefab using Guid(beb236ac7be0deb44b1fce4e2c987e63) Importer(815301076,1909f56bfc062723c751e8b465ee728b)  -> (artifact id: '1de5be00614395d9855d203540e9f578') in 0.018690 seconds
  Import took 0.023509 seconds .

========================================================================
Received Import Request.
  Time since last request: 0.979983 seconds.
  path: Assets/Assets/L1.prefab
  artifactKey: Guid(beb236ac7be0deb44b1fce4e2c987e63) Importer(815301076,1909f56bfc062723c751e8b465ee728b)
Start importing Assets/Assets/L1.prefab using Guid(beb236ac7be0deb44b1fce4e2c987e63) Importer(815301076,1909f56bfc062723c751e8b465ee728b)  -> (artifact id: 'da997aceaa2669d6377f10660899efee') in 0.018092 seconds
  Import took 0.023082 seconds .

========================================================================
Received Import Request.
  Time since last request: 1.189138 seconds.
  path: Assets/Assets/L1.prefab
  artifactKey: Guid(beb236ac7be0deb44b1fce4e2c987e63) Importer(815301076,1909f56bfc062723c751e8b465ee728b)
Start importing Assets/Assets/L1.prefab using Guid(beb236ac7be0deb44b1fce4e2c987e63) Importer(815301076,1909f56bfc062723c751e8b465ee728b)  -> (artifact id: '1ba269457134e8ab9fde8dc50f96f538') in 0.019303 seconds
  Import took 0.024341 seconds .

========================================================================
Received Import Request.
  Time since last request: 5.422954 seconds.
  path: Assets/Assets/L1.prefab
  artifactKey: Guid(beb236ac7be0deb44b1fce4e2c987e63) Importer(815301076,1909f56bfc062723c751e8b465ee728b)
Start importing Assets/Assets/L1.prefab using Guid(beb236ac7be0deb44b1fce4e2c987e63) Importer(815301076,1909f56bfc062723c751e8b465ee728b)  -> (artifact id: '0b1b07e2c39806e3d7bfef1965af7100') in 0.015751 seconds
  Import took 0.020394 seconds .

========================================================================
Received Import Request.
  Time since last request: 1.786467 seconds.
  path: Assets/Assets/L1.prefab
  artifactKey: Guid(beb236ac7be0deb44b1fce4e2c987e63) Importer(815301076,1909f56bfc062723c751e8b465ee728b)
Start importing Assets/Assets/L1.prefab using Guid(beb236ac7be0deb44b1fce4e2c987e63) Importer(815301076,1909f56bfc062723c751e8b465ee728b)  -> (artifact id: 'fdbd04e1f025318e75b5b6c7764b0721') in 0.016321 seconds
  Import took 0.021116 seconds .

========================================================================
Received Import Request.
  Time since last request: 2.193137 seconds.
  path: Assets/Assets/L1.prefab
  artifactKey: Guid(beb236ac7be0deb44b1fce4e2c987e63) Importer(815301076,1909f56bfc062723c751e8b465ee728b)
Start importing Assets/Assets/L1.prefab using Guid(beb236ac7be0deb44b1fce4e2c987e63) Importer(815301076,1909f56bfc062723c751e8b465ee728b)  -> (artifact id: 'fe1d4a35e639600dbda89502de815829') in 0.016560 seconds
  Import took 0.021342 seconds .

========================================================================
Received Import Request.
  Time since last request: 3.421370 seconds.
  path: Assets/Assets/L1.prefab
  artifactKey: Guid(beb236ac7be0deb44b1fce4e2c987e63) Importer(815301076,1909f56bfc062723c751e8b465ee728b)
Start importing Assets/Assets/L1.prefab using Guid(beb236ac7be0deb44b1fce4e2c987e63) Importer(815301076,1909f56bfc062723c751e8b465ee728b)  -> (artifact id: 'bfdf726be7b9cd18e28eaea2ae62956b') in 0.019887 seconds
  Import took 0.025352 seconds .

========================================================================
Received Import Request.
  Time since last request: 1.782617 seconds.
  path: Assets/Assets/L1.prefab
  artifactKey: Guid(beb236ac7be0deb44b1fce4e2c987e63) Importer(815301076,1909f56bfc062723c751e8b465ee728b)
Start importing Assets/Assets/L1.prefab using Guid(beb236ac7be0deb44b1fce4e2c987e63) Importer(815301076,1909f56bfc062723c751e8b465ee728b)  -> (artifact id: 'aebcb037dbd69e2b7c746fa27f5b4aa2') in 0.017642 seconds
  Import took 0.022654 seconds .

========================================================================
Received Import Request.
  Time since last request: 4.016896 seconds.
  path: Assets/Assets/L1.prefab
  artifactKey: Guid(beb236ac7be0deb44b1fce4e2c987e63) Importer(815301076,1909f56bfc062723c751e8b465ee728b)
Start importing Assets/Assets/L1.prefab using Guid(beb236ac7be0deb44b1fce4e2c987e63) Importer(815301076,1909f56bfc062723c751e8b465ee728b)  -> (artifact id: '997f05acce85207458fc41a1ac59ca9d') in 0.015396 seconds
  Import took 0.020185 seconds .

========================================================================
Received Import Request.
  Time since last request: 0.980733 seconds.
  path: Assets/Assets/L1.prefab
  artifactKey: Guid(beb236ac7be0deb44b1fce4e2c987e63) Importer(815301076,1909f56bfc062723c751e8b465ee728b)
Start importing Assets/Assets/L1.prefab using Guid(beb236ac7be0deb44b1fce4e2c987e63) Importer(815301076,1909f56bfc062723c751e8b465ee728b)  -> (artifact id: '1e48ea6526fcedad4730de4756112123') in 0.017720 seconds
  Import took 0.023595 seconds .

========================================================================
Received Import Request.
  Time since last request: 2.184802 seconds.
  path: Assets/Assets/L1.prefab
  artifactKey: Guid(beb236ac7be0deb44b1fce4e2c987e63) Importer(815301076,1909f56bfc062723c751e8b465ee728b)
Start importing Assets/Assets/L1.prefab using Guid(beb236ac7be0deb44b1fce4e2c987e63) Importer(815301076,1909f56bfc062723c751e8b465ee728b)  -> (artifact id: 'b0b400f1c126b567163cd6f8621f6d5a') in 0.017894 seconds
  Import took 0.023002 seconds .

========================================================================
Received Import Request.
  Time since last request: 1.589817 seconds.
  path: Assets/Assets/L1.prefab
  artifactKey: Guid(beb236ac7be0deb44b1fce4e2c987e63) Importer(815301076,1909f56bfc062723c751e8b465ee728b)
Start importing Assets/Assets/L1.prefab using Guid(beb236ac7be0deb44b1fce4e2c987e63) Importer(815301076,1909f56bfc062723c751e8b465ee728b)  -> (artifact id: 'eae1e035deef100954d2ea79f9a668b8') in 0.016256 seconds
  Import took 0.021100 seconds .

========================================================================
Received Import Request.
  Time since last request: 1.186688 seconds.
  path: Assets/Assets/L1.prefab
  artifactKey: Guid(beb236ac7be0deb44b1fce4e2c987e63) Importer(815301076,1909f56bfc062723c751e8b465ee728b)
Start importing Assets/Assets/L1.prefab using Guid(beb236ac7be0deb44b1fce4e2c987e63) Importer(815301076,1909f56bfc062723c751e8b465ee728b)  -> (artifact id: '9947fe12ec0fa5391b738955da3e1ed0') in 0.016383 seconds
  Import took 0.021031 seconds .

========================================================================
Received Import Request.
  Time since last request: 0.795739 seconds.
  path: Assets/Assets/L1.prefab
  artifactKey: Guid(beb236ac7be0deb44b1fce4e2c987e63) Importer(815301076,1909f56bfc062723c751e8b465ee728b)
Start importing Assets/Assets/L1.prefab using Guid(beb236ac7be0deb44b1fce4e2c987e63) Importer(815301076,1909f56bfc062723c751e8b465ee728b)  -> (artifact id: 'cf53f5cce538eb827cd6b372a0eff979') in 0.015858 seconds
  Import took 0.020924 seconds .

========================================================================
Received Import Request.
  Time since last request: 9.062777 seconds.
  path: Assets/Assets/L1.prefab
  artifactKey: Guid(beb236ac7be0deb44b1fce4e2c987e63) Importer(815301076,1909f56bfc062723c751e8b465ee728b)
Start importing Assets/Assets/L1.prefab using Guid(beb236ac7be0deb44b1fce4e2c987e63) Importer(815301076,1909f56bfc062723c751e8b465ee728b)  -> (artifact id: '8bf560be4d8c36945a18c3f36fbc5ac1') in 0.021150 seconds
  Import took 0.025920 seconds .

========================================================================
Received Import Request.
  Time since last request: 14.488972 seconds.
  path: Assets/Assets/L1.prefab
  artifactKey: Guid(beb236ac7be0deb44b1fce4e2c987e63) Importer(815301076,1909f56bfc062723c751e8b465ee728b)
Start importing Assets/Assets/L1.prefab using Guid(beb236ac7be0deb44b1fce4e2c987e63) Importer(815301076,1909f56bfc062723c751e8b465ee728b)  -> (artifact id: '843e80084266ac8abcc746c8405bddc6') in 0.017178 seconds
  Import took 0.022223 seconds .

========================================================================
Received Import Request.
  Time since last request: 1.795521 seconds.
  path: Assets/Assets/L1.prefab
  artifactKey: Guid(beb236ac7be0deb44b1fce4e2c987e63) Importer(815301076,1909f56bfc062723c751e8b465ee728b)
Start importing Assets/Assets/L1.prefab using Guid(beb236ac7be0deb44b1fce4e2c987e63) Importer(815301076,1909f56bfc062723c751e8b465ee728b)  -> (artifact id: '731708526713a5e743ad66f7a8da2c5a') in 0.017936 seconds
  Import took 0.024186 seconds .

========================================================================
Received Import Request.
  Time since last request: 3.046510 seconds.
  path: Assets/Assets/L1.prefab
  artifactKey: Guid(beb236ac7be0deb44b1fce4e2c987e63) Importer(815301076,1909f56bfc062723c751e8b465ee728b)
Start importing Assets/Assets/L1.prefab using Guid(beb236ac7be0deb44b1fce4e2c987e63) Importer(815301076,1909f56bfc062723c751e8b465ee728b)  -> (artifact id: '3a4c5149421487caf7ed2bfc5b315604') in 0.016236 seconds
  Import took 0.020933 seconds .

========================================================================
Received Import Request.
  Time since last request: 3.409238 seconds.
  path: Assets/Assets/L1.prefab
  artifactKey: Guid(beb236ac7be0deb44b1fce4e2c987e63) Importer(815301076,1909f56bfc062723c751e8b465ee728b)
Start importing Assets/Assets/L1.prefab using Guid(beb236ac7be0deb44b1fce4e2c987e63) Importer(815301076,1909f56bfc062723c751e8b465ee728b)  -> (artifact id: '4ebd61be33b5c1d1ca4558ea83a6d4b4') in 0.018466 seconds
  Import took 0.024199 seconds .

========================================================================
Received Import Request.
  Time since last request: 2.204158 seconds.
  path: Assets/Assets/L1.prefab
  artifactKey: Guid(beb236ac7be0deb44b1fce4e2c987e63) Importer(815301076,1909f56bfc062723c751e8b465ee728b)
Start importing Assets/Assets/L1.prefab using Guid(beb236ac7be0deb44b1fce4e2c987e63) Importer(815301076,1909f56bfc062723c751e8b465ee728b)  -> (artifact id: 'f5dd870b1ec1e34833bc5c365b30281b') in 0.016774 seconds
  Import took 0.021957 seconds .

========================================================================
Received Import Request.
  Time since last request: 0.785911 seconds.
  path: Assets/Assets/L1.prefab
  artifactKey: Guid(beb236ac7be0deb44b1fce4e2c987e63) Importer(815301076,1909f56bfc062723c751e8b465ee728b)
Start importing Assets/Assets/L1.prefab using Guid(beb236ac7be0deb44b1fce4e2c987e63) Importer(815301076,1909f56bfc062723c751e8b465ee728b)  -> (artifact id: '7e87e67db45f2c782ebb726db477d693') in 0.016335 seconds
  Import took 0.020997 seconds .

========================================================================
Received Import Request.
  Time since last request: 5.429502 seconds.
  path: Assets/Assets/L1.prefab
  artifactKey: Guid(beb236ac7be0deb44b1fce4e2c987e63) Importer(815301076,1909f56bfc062723c751e8b465ee728b)
Start importing Assets/Assets/L1.prefab using Guid(beb236ac7be0deb44b1fce4e2c987e63) Importer(815301076,1909f56bfc062723c751e8b465ee728b)  -> (artifact id: '705ef52e87cc8510f0ba846aff6c82d8') in 0.016376 seconds
  Import took 0.021311 seconds .

========================================================================
Received Import Request.
  Time since last request: 1.396153 seconds.
  path: Assets/Assets/L1.prefab
  artifactKey: Guid(beb236ac7be0deb44b1fce4e2c987e63) Importer(815301076,1909f56bfc062723c751e8b465ee728b)
Start importing Assets/Assets/L1.prefab using Guid(beb236ac7be0deb44b1fce4e2c987e63) Importer(815301076,1909f56bfc062723c751e8b465ee728b)  -> (artifact id: 'dfc0e21060e753637a0bf00d4c9974fc') in 0.016457 seconds
  Import took 0.021128 seconds .

========================================================================
Received Import Request.
  Time since last request: 1.787746 seconds.
  path: Assets/Assets/L1.prefab
  artifactKey: Guid(beb236ac7be0deb44b1fce4e2c987e63) Importer(815301076,1909f56bfc062723c751e8b465ee728b)
Start importing Assets/Assets/L1.prefab using Guid(beb236ac7be0deb44b1fce4e2c987e63) Importer(815301076,1909f56bfc062723c751e8b465ee728b)  -> (artifact id: '527e3cbed2e81af70c0282a91a157698') in 0.015920 seconds
  Import took 0.020532 seconds .

========================================================================
Received Import Request.
  Time since last request: 1.388876 seconds.
  path: Assets/Assets/L1.prefab
  artifactKey: Guid(beb236ac7be0deb44b1fce4e2c987e63) Importer(815301076,1909f56bfc062723c751e8b465ee728b)
Start importing Assets/Assets/L1.prefab using Guid(beb236ac7be0deb44b1fce4e2c987e63) Importer(815301076,1909f56bfc062723c751e8b465ee728b)  -> (artifact id: 'ba357069718ddee6f62e9244e6e9e015') in 0.015815 seconds
  Import took 0.020480 seconds .

========================================================================
Received Import Request.
  Time since last request: 0.584970 seconds.
  path: Assets/Assets/L1.prefab
  artifactKey: Guid(beb236ac7be0deb44b1fce4e2c987e63) Importer(815301076,1909f56bfc062723c751e8b465ee728b)
Start importing Assets/Assets/L1.prefab using Guid(beb236ac7be0deb44b1fce4e2c987e63) Importer(815301076,1909f56bfc062723c751e8b465ee728b)  -> (artifact id: '735710aaa8ba43e0ee30a3ac8147697d') in 0.020969 seconds
  Import took 0.025671 seconds .

========================================================================
Received Import Request.
  Time since last request: 5.217362 seconds.
  path: Assets/Assets/L1.prefab
  artifactKey: Guid(beb236ac7be0deb44b1fce4e2c987e63) Importer(815301076,1909f56bfc062723c751e8b465ee728b)
Start importing Assets/Assets/L1.prefab using Guid(beb236ac7be0deb44b1fce4e2c987e63) Importer(815301076,1909f56bfc062723c751e8b465ee728b)  -> (artifact id: 'c0b2472502f2db22652ca765dc1a105c') in 0.015448 seconds
  Import took 0.020152 seconds .

========================================================================
Received Import Request.
  Time since last request: 4.826434 seconds.
  path: Assets/Assets/L1.prefab
  artifactKey: Guid(beb236ac7be0deb44b1fce4e2c987e63) Importer(815301076,1909f56bfc062723c751e8b465ee728b)
Start importing Assets/Assets/L1.prefab using Guid(beb236ac7be0deb44b1fce4e2c987e63) Importer(815301076,1909f56bfc062723c751e8b465ee728b)  -> (artifact id: 'd09bb91c320c614638005c2a05ad90d4') in 0.016307 seconds
  Import took 0.021042 seconds .

========================================================================
Received Import Request.
  Time since last request: 0.784731 seconds.
  path: Assets/Assets/L1.prefab
  artifactKey: Guid(beb236ac7be0deb44b1fce4e2c987e63) Importer(815301076,1909f56bfc062723c751e8b465ee728b)
Start importing Assets/Assets/L1.prefab using Guid(beb236ac7be0deb44b1fce4e2c987e63) Importer(815301076,1909f56bfc062723c751e8b465ee728b)  -> (artifact id: '8c4fa549dea689a80add32739ffdadde') in 0.016264 seconds
  Import took 0.020947 seconds .

========================================================================
Received Import Request.
  Time since last request: 0.783641 seconds.
  path: Assets/Assets/L1.prefab
  artifactKey: Guid(beb236ac7be0deb44b1fce4e2c987e63) Importer(815301076,1909f56bfc062723c751e8b465ee728b)
Start importing Assets/Assets/L1.prefab using Guid(beb236ac7be0deb44b1fce4e2c987e63) Importer(815301076,1909f56bfc062723c751e8b465ee728b)  -> (artifact id: '6f5c679918e078e3b1d40c0fc9103365') in 0.016970 seconds
  Import took 0.021945 seconds .

========================================================================
Received Import Request.
  Time since last request: 1.796875 seconds.
  path: Assets/Assets/L1.prefab
  artifactKey: Guid(beb236ac7be0deb44b1fce4e2c987e63) Importer(815301076,1909f56bfc062723c751e8b465ee728b)
Start importing Assets/Assets/L1.prefab using Guid(beb236ac7be0deb44b1fce4e2c987e63) Importer(815301076,1909f56bfc062723c751e8b465ee728b)  -> (artifact id: '77fc43f2f32204512976dbc2689eb94e') in 0.016500 seconds
  Import took 0.021732 seconds .

========================================================================
Received Import Request.
  Time since last request: 3.809181 seconds.
  path: Assets/Assets/L1.prefab
  artifactKey: Guid(beb236ac7be0deb44b1fce4e2c987e63) Importer(815301076,1909f56bfc062723c751e8b465ee728b)
Start importing Assets/Assets/L1.prefab using Guid(beb236ac7be0deb44b1fce4e2c987e63) Importer(815301076,1909f56bfc062723c751e8b465ee728b)  -> (artifact id: '9d5c7316b34e009783edd1f402c22119') in 0.016012 seconds
  Import took 0.020981 seconds .

========================================================================
Received Import Request.
  Time since last request: 1.395576 seconds.
  path: Assets/Assets/L1.prefab
  artifactKey: Guid(beb236ac7be0deb44b1fce4e2c987e63) Importer(815301076,1909f56bfc062723c751e8b465ee728b)
Start importing Assets/Assets/L1.prefab using Guid(beb236ac7be0deb44b1fce4e2c987e63) Importer(815301076,1909f56bfc062723c751e8b465ee728b)  -> (artifact id: '08cec1a1f5e426d54f031b5e0a4e591f') in 0.017842 seconds
  Import took 0.022615 seconds .

========================================================================
Received Import Request.
  Time since last request: 2.801210 seconds.
  path: Assets/Assets/L1.prefab
  artifactKey: Guid(beb236ac7be0deb44b1fce4e2c987e63) Importer(815301076,1909f56bfc062723c751e8b465ee728b)
Start importing Assets/Assets/L1.prefab using Guid(beb236ac7be0deb44b1fce4e2c987e63) Importer(815301076,1909f56bfc062723c751e8b465ee728b)  -> (artifact id: '41b67eb4ac194200da61da2bbf59c97a') in 0.017348 seconds
  Import took 0.022196 seconds .

========================================================================
Received Prepare
Reloading mono domain
Begin MonoManager ReloadAssembly
Registering precompiled unity dll's ...
Register platform support module: C:/Program Files/Unity/2020.2.0b2/Editor/Data/PlaybackEngines/WebGLSupport/UnityEditor.WebGL.Extensions.dll
Register platform support module: C:/Program Files/Unity/2020.2.0b2/Editor/Data/PlaybackEngines/WindowsStandaloneSupport/UnityEditor.WindowsStandalone.Extensions.dll
Registered in 0.002751 seconds.
Symbol file LoadedFromMemory doesn't match image C:\Users\josep\Documents\GitHub\SpaceRunner\SpaceRunner\Library\PackageCache\com.unity.ext.nunit@1.0.0\net35\unity-custom\nunit.framework.dll
Native extension for WindowsStandalone target not found
Native extension for WebGL target not found
Refreshing native plugins compatible for Editor in 51.66 ms, found 1 plugins.
Preloading 0 native plugins for Editor in 0.00 ms.
Invoked RoslynAnalysisRunner static constructor.
RoslynAnalysisRunner will not be running.
RoslynAnalysisRunner has terminated.
Mono: successfully reloaded assembly
- Completed reload, in  1.841 seconds
Registering precompiled user dll's ...
Registered in 0.108817 seconds.
Platform modules already initialized, skipping
Begin MonoManager ReloadAssembly
Symbol file LoadedFromMemory doesn't match image C:\Users\josep\Documents\GitHub\SpaceRunner\SpaceRunner\Library\PackageCache\com.unity.ext.nunit@1.0.0\net35\unity-custom\nunit.framework.dll
Native extension for WindowsStandalone target not found
Native extension for WebGL target not found
Refreshing native plugins compatible for Editor in 0.49 ms, found 1 plugins.
Preloading 0 native plugins for Editor in 0.00 ms.
Invoked RoslynAnalysisRunner static constructor.
RoslynAnalysisRunner will not be running.
RoslynAnalysisRunner has terminated.
Mono: successfully reloaded assembly
- Completed reload, in  1.704 seconds
Platform modules already initialized, skipping
Refreshing native plugins compatible for Editor in 0.64 ms, found 1 plugins.
Preloading 0 native plugins for Editor in 0.00 ms.
Unloading 13 Unused Serialized files (Serialized files now loaded: 0)
System memory in use before: 54.7 MB.
System memory in use after: 54.7 MB.

Unloading 12 unused Assets to reduce memory usage. Loaded Objects now: 2323.
Total: 2.661100 ms (FindLiveObjects: 0.464600 ms CreateObjectMapping: 0.065200 ms MarkObjects: 2.006700 ms  DeleteObjects: 0.123500 ms)

========================================================================
Received Prepare
Reloading mono domain
Begin MonoManager ReloadAssembly
Registering precompiled unity dll's ...
Register platform support module: C:/Program Files/Unity/2020.2.0b2/Editor/Data/PlaybackEngines/WebGLSupport/UnityEditor.WebGL.Extensions.dll
Register platform support module: C:/Program Files/Unity/2020.2.0b2/Editor/Data/PlaybackEngines/WindowsStandaloneSupport/UnityEditor.WindowsStandalone.Extensions.dll
Registered in 0.002710 seconds.
Symbol file LoadedFromMemory doesn't match image C:\Users\josep\Documents\GitHub\SpaceRunner\SpaceRunner\Library\PackageCache\com.unity.ext.nunit@1.0.0\net35\unity-custom\nunit.framework.dll
Native extension for WindowsStandalone target not found
Native extension for WebGL target not found
Refreshing native plugins compatible for Editor in 70.72 ms, found 1 plugins.
Preloading 0 native plugins for Editor in 0.00 ms.
Invoked RoslynAnalysisRunner static constructor.
RoslynAnalysisRunner will not be running.
RoslynAnalysisRunner has terminated.
Mono: successfully reloaded assembly
- Completed reload, in  2.122 seconds
Registering precompiled user dll's ...
Registered in 0.129678 seconds.
Platform modules already initialized, skipping
Begin MonoManager ReloadAssembly
Symbol file LoadedFromMemory doesn't match image C:\Users\josep\Documents\GitHub\SpaceRunner\SpaceRunner\Library\PackageCache\com.unity.ext.nunit@1.0.0\net35\unity-custom\nunit.framework.dll
Native extension for WindowsStandalone target not found
Native extension for WebGL target not found
Refreshing native plugins compatible for Editor in 0.65 ms, found 1 plugins.
Preloading 0 native plugins for Editor in 0.00 ms.
Invoked RoslynAnalysisRunner static constructor.
RoslynAnalysisRunner will not be running.
RoslynAnalysisRunner has terminated.
Mono: successfully reloaded assembly
- Completed reload, in  2.037 seconds
Platform modules already initialized, skipping
Refreshing native plugins compatible for Editor in 0.68 ms, found 1 plugins.
Preloading 0 native plugins for Editor in 0.00 ms.
Unloading 13 Unused Serialized files (Serialized files now loaded: 0)
System memory in use before: 54.8 MB.
System memory in use after: 54.8 MB.

Unloading 12 unused Assets to reduce memory usage. Loaded Objects now: 2328.
Total: 4.451500 ms (FindLiveObjects: 0.791100 ms CreateObjectMapping: 0.211000 ms MarkObjects: 3.293500 ms  DeleteObjects: 0.153400 ms)

========================================================================
Received Prepare
Reloading mono domain
Begin MonoManager ReloadAssembly
Registering precompiled unity dll's ...
Register platform support module: C:/Program Files/Unity/2020.2.0b2/Editor/Data/PlaybackEngines/WebGLSupport/UnityEditor.WebGL.Extensions.dll
Register platform support module: C:/Program Files/Unity/2020.2.0b2/Editor/Data/PlaybackEngines/WindowsStandaloneSupport/UnityEditor.WindowsStandalone.Extensions.dll
Registered in 0.002680 seconds.
Symbol file LoadedFromMemory doesn't match image C:\Users\josep\Documents\GitHub\SpaceRunner\SpaceRunner\Library\PackageCache\com.unity.ext.nunit@1.0.0\net35\unity-custom\nunit.framework.dll
Native extension for WindowsStandalone target not found
Native extension for WebGL target not found
Refreshing native plugins compatible for Editor in 52.39 ms, found 1 plugins.
Preloading 0 native plugins for Editor in 0.00 ms.
Invoked RoslynAnalysisRunner static constructor.
RoslynAnalysisRunner will not be running.
RoslynAnalysisRunner has terminated.
Mono: successfully reloaded assembly
- Completed reload, in  1.931 seconds
Registering precompiled user dll's ...
Registered in 0.106708 seconds.
Platform modules already initialized, skipping
Begin MonoManager ReloadAssembly
Symbol file LoadedFromMemory doesn't match image C:\Users\josep\Documents\GitHub\SpaceRunner\SpaceRunner\Library\PackageCache\com.unity.ext.nunit@1.0.0\net35\unity-custom\nunit.framework.dll
Native extension for WindowsStandalone target not found
Native extension for WebGL target not found
Refreshing native plugins compatible for Editor in 0.67 ms, found 1 plugins.
Preloading 0 native plugins for Editor in 0.00 ms.
Invoked RoslynAnalysisRunner static constructor.
RoslynAnalysisRunner will not be running.
RoslynAnalysisRunner has terminated.
Mono: successfully reloaded assembly
- Completed reload, in  1.843 seconds
Platform modules already initialized, skipping
Refreshing native plugins compatible for Editor in 0.47 ms, found 1 plugins.
Preloading 0 native plugins for Editor in 0.00 ms.
Unloading 13 Unused Serialized files (Serialized files now loaded: 0)
System memory in use before: 54.9 MB.
System memory in use after: 54.9 MB.

Unloading 12 unused Assets to reduce memory usage. Loaded Objects now: 2333.
Total: 2.808100 ms (FindLiveObjects: 0.517700 ms CreateObjectMapping: 0.060900 ms MarkObjects: 2.033600 ms  DeleteObjects: 0.193900 ms)

========================================================================
Received Prepare
Reloading mono domain
Begin MonoManager ReloadAssembly
Registering precompiled unity dll's ...
Register platform support module: C:/Program Files/Unity/2020.2.0b2/Editor/Data/PlaybackEngines/WebGLSupport/UnityEditor.WebGL.Extensions.dll
Register platform support module: C:/Program Files/Unity/2020.2.0b2/Editor/Data/PlaybackEngines/WindowsStandaloneSupport/UnityEditor.WindowsStandalone.Extensions.dll
Registered in 0.002765 seconds.
Symbol file LoadedFromMemory doesn't match image C:\Users\josep\Documents\GitHub\SpaceRunner\SpaceRunner\Library\PackageCache\com.unity.ext.nunit@1.0.0\net35\unity-custom\nunit.framework.dll
Native extension for WindowsStandalone target not found
Native extension for WebGL target not found
Refreshing native plugins compatible for Editor in 51.33 ms, found 1 plugins.
Preloading 0 native plugins for Editor in 0.00 ms.
Invoked RoslynAnalysisRunner static constructor.
RoslynAnalysisRunner will not be running.
RoslynAnalysisRunner has terminated.
Mono: successfully reloaded assembly
- Completed reload, in  1.878 seconds
Registering precompiled user dll's ...
Registered in 0.102108 seconds.
Platform modules already initialized, skipping
Begin MonoManager ReloadAssembly
Symbol file LoadedFromMemory doesn't match image C:\Users\josep\Documents\GitHub\SpaceRunner\SpaceRunner\Library\PackageCache\com.unity.ext.nunit@1.0.0\net35\unity-custom\nunit.framework.dll
Native extension for WindowsStandalone target not found
Native extension for WebGL target not found
Refreshing native plugins compatible for Editor in 0.45 ms, found 1 plugins.
Preloading 0 native plugins for Editor in 0.00 ms.
Invoked RoslynAnalysisRunner static constructor.
RoslynAnalysisRunner will not be running.
RoslynAnalysisRunner has terminated.
Mono: successfully reloaded assembly
- Completed reload, in  1.879 seconds
Platform modules already initialized, skipping
Refreshing native plugins compatible for Editor in 0.65 ms, found 1 plugins.
Preloading 0 native plugins for Editor in 0.00 ms.
Unloading 13 Unused Serialized files (Serialized files now loaded: 0)
System memory in use before: 55.0 MB.
System memory in use after: 55.0 MB.

Unloading 12 unused Assets to reduce memory usage. Loaded Objects now: 2338.
Total: 3.088800 ms (FindLiveObjects: 0.522900 ms CreateObjectMapping: 0.087600 ms MarkObjects: 2.351900 ms  DeleteObjects: 0.124500 ms)

========================================================================
Received Import Request.
  Time since last request: 335.412037 seconds.
  path: Assets/Assets/L1.prefab
  artifactKey: Guid(beb236ac7be0deb44b1fce4e2c987e63) Importer(815301076,1909f56bfc062723c751e8b465ee728b)
Start importing Assets/Assets/L1.prefab using Guid(beb236ac7be0deb44b1fce4e2c987e63) Importer(815301076,1909f56bfc062723c751e8b465ee728b)  -> (artifact id: '226777585fbfee6e277ce276d7c3badb') in 0.079752 seconds
  Import took 0.084663 seconds .

========================================================================
Received Import Request.
  Time since last request: 0.000296 seconds.
  path: Assets/Assets/Bouncer.prefab
  artifactKey: Guid(a7943cb91259ac540b46fabb8c2357f4) Importer(815301076,1909f56bfc062723c751e8b465ee728b)
Start importing Assets/Assets/Bouncer.prefab using Guid(a7943cb91259ac540b46fabb8c2357f4) Importer(815301076,1909f56bfc062723c751e8b465ee728b)  -> (artifact id: '25b35288de25bc46f7082a6eb5d1f478') in 0.024373 seconds
  Import took 0.029279 seconds .

========================================================================
Received Import Request.
  Time since last request: 0.607749 seconds.
  path: Assets/Assets/Bouncer.prefab
  artifactKey: Guid(a7943cb91259ac540b46fabb8c2357f4) Importer(815301076,1909f56bfc062723c751e8b465ee728b)
Start importing Assets/Assets/Bouncer.prefab using Guid(a7943cb91259ac540b46fabb8c2357f4) Importer(815301076,1909f56bfc062723c751e8b465ee728b)  -> (artifact id: 'cbaa3a14a0bab7c9e41ffb6aef19dd4d') in 0.014522 seconds
  Import took 0.019267 seconds .

========================================================================
Received Import Request.
  Time since last request: 0.000291 seconds.
  path: Assets/Assets/L1.prefab
  artifactKey: Guid(beb236ac7be0deb44b1fce4e2c987e63) Importer(815301076,1909f56bfc062723c751e8b465ee728b)
Start importing Assets/Assets/L1.prefab using Guid(beb236ac7be0deb44b1fce4e2c987e63) Importer(815301076,1909f56bfc062723c751e8b465ee728b)  -> (artifact id: 'a9a8e34c094c679e844f949776b27e26') in 0.019240 seconds
  Import took 0.023874 seconds .

========================================================================
Received Import Request.
  Time since last request: 68.961479 seconds.
  path: Assets/Zero Rare/Retro Sound Effects/Demo/Font/3Dventure.ttf
  artifactKey: Guid(ea6d0cbff39ed2048b0b7ff87d25fb91) Importer(815301076,1909f56bfc062723c751e8b465ee728b)
Start importing Assets/Zero Rare/Retro Sound Effects/Demo/Font/3Dventure.ttf using Guid(ea6d0cbff39ed2048b0b7ff87d25fb91) Importer(815301076,1909f56bfc062723c751e8b465ee728b)  -> (artifact id: '8a3a056fa2b04532466745f02e7f8dfe') in 0.088265 seconds
  Import took 0.094009 seconds .

========================================================================
Received Import Request.
  Time since last request: 0.002930 seconds.
  path: Assets/Zero Rare/Retro Sound Effects/Demo/Font/3Dventure.ttf
  artifactKey: Guid(ea6d0cbff39ed2048b0b7ff87d25fb91) Importer(815301076,1909f56bfc062723c751e8b465ee728b)
Start importing Assets/Zero Rare/Retro Sound Effects/Demo/Font/3Dventure.ttf using Guid(ea6d0cbff39ed2048b0b7ff87d25fb91) Importer(815301076,1909f56bfc062723c751e8b465ee728b)  -> (artifact id: '8a3a056fa2b04532466745f02e7f8dfe') in 0.022706 seconds
  Import took 0.027304 seconds .

========================================================================
Received Prepare
Reloading mono domain
Begin MonoManager ReloadAssembly
Registering precompiled unity dll's ...
Register platform support module: C:/Program Files/Unity/2020.2.0b2/Editor/Data/PlaybackEngines/WebGLSupport/UnityEditor.WebGL.Extensions.dll
Register platform support module: C:/Program Files/Unity/2020.2.0b2/Editor/Data/PlaybackEngines/WindowsStandaloneSupport/UnityEditor.WindowsStandalone.Extensions.dll
Registered in 0.002718 seconds.
Symbol file LoadedFromMemory doesn't match image C:\Users\josep\Documents\GitHub\SpaceRunner\SpaceRunner\Library\PackageCache\com.unity.ext.nunit@1.0.0\net35\unity-custom\nunit.framework.dll
Native extension for WindowsStandalone target not found
Native extension for WebGL target not found
Refreshing native plugins compatible for Editor in 48.40 ms, found 1 plugins.
Preloading 0 native plugins for Editor in 0.00 ms.
Invoked RoslynAnalysisRunner static constructor.
RoslynAnalysisRunner will not be running.
RoslynAnalysisRunner has terminated.
Mono: successfully reloaded assembly
- Completed reload, in  1.995 seconds
Registering precompiled user dll's ...
Registered in 0.108938 seconds.
Platform modules already initialized, skipping
Begin MonoManager ReloadAssembly
Symbol file LoadedFromMemory doesn't match image C:\Users\josep\Documents\GitHub\SpaceRunner\SpaceRunner\Library\PackageCache\com.unity.ext.nunit@1.0.0\net35\unity-custom\nunit.framework.dll
Native extension for WindowsStandalone target not found
Native extension for WebGL target not found
Refreshing native plugins compatible for Editor in 0.47 ms, found 1 plugins.
Preloading 0 native plugins for Editor in 0.00 ms.
Invoked RoslynAnalysisRunner static constructor.
RoslynAnalysisRunner will not be running.
RoslynAnalysisRunner has terminated.
Mono: successfully reloaded assembly
- Completed reload, in  1.935 seconds
Platform modules already initialized, skipping
Refreshing native plugins compatible for Editor in 0.47 ms, found 1 plugins.
Preloading 0 native plugins for Editor in 0.00 ms.
Unloading 14 Unused Serialized files (Serialized files now loaded: 0)
System memory in use before: 55.6 MB.
System memory in use after: 55.6 MB.

Unloading 12 unused Assets to reduce memory usage. Loaded Objects now: 2382.
Total: 2.998800 ms (FindLiveObjects: 0.539400 ms CreateObjectMapping: 0.077500 ms MarkObjects: 2.233900 ms  DeleteObjects: 0.145900 ms)

========================================================================
Received Prepare
Reloading mono domain
Begin MonoManager ReloadAssembly
Registering precompiled unity dll's ...
Register platform support module: C:/Program Files/Unity/2020.2.0b2/Editor/Data/PlaybackEngines/WebGLSupport/UnityEditor.WebGL.Extensions.dll
Register platform support module: C:/Program Files/Unity/2020.2.0b2/Editor/Data/PlaybackEngines/WindowsStandaloneSupport/UnityEditor.WindowsStandalone.Extensions.dll
Registered in 0.003784 seconds.
Symbol file LoadedFromMemory doesn't match image C:\Users\josep\Documents\GitHub\SpaceRunner\SpaceRunner\Library\PackageCache\com.unity.ext.nunit@1.0.0\net35\unity-custom\nunit.framework.dll
Native extension for WindowsStandalone target not found
Native extension for WebGL target not found
Refreshing native plugins compatible for Editor in 49.18 ms, found 1 plugins.
Preloading 0 native plugins for Editor in 0.00 ms.
Invoked RoslynAnalysisRunner static constructor.
RoslynAnalysisRunner will not be running.
RoslynAnalysisRunner has terminated.
Mono: successfully reloaded assembly
- Completed reload, in  2.102 seconds
Registering precompiled user dll's ...
Registered in 0.096937 seconds.
Platform modules already initialized, skipping
Begin MonoManager ReloadAssembly
Symbol file LoadedFromMemory doesn't match image C:\Users\josep\Documents\GitHub\SpaceRunner\SpaceRunner\Library\PackageCache\com.unity.ext.nunit@1.0.0\net35\unity-custom\nunit.framework.dll
Native extension for WindowsStandalone target not found
Native extension for WebGL target not found
Refreshing native plugins compatible for Editor in 0.45 ms, found 1 plugins.
Preloading 0 native plugins for Editor in 0.00 ms.
Invoked RoslynAnalysisRunner static constructor.
RoslynAnalysisRunner will not be running.
RoslynAnalysisRunner has terminated.
Mono: successfully reloaded assembly
- Completed reload, in  1.987 seconds
Platform modules already initialized, skipping
Refreshing native plugins compatible for Editor in 0.46 ms, found 1 plugins.
Preloading 0 native plugins for Editor in 0.00 ms.
Unloading 13 Unused Serialized files (Serialized files now loaded: 0)
System memory in use before: 55.6 MB.
System memory in use after: 55.6 MB.

Unloading 12 unused Assets to reduce memory usage. Loaded Objects now: 2387.
Total: 3.321600 ms (FindLiveObjects: 0.666600 ms CreateObjectMapping: 0.087900 ms MarkObjects: 2.422200 ms  DeleteObjects: 0.143000 ms)

AssetImportWorkerClient::OnTransportError - code=2 error=End of file
