Using pre-set license
Built from 'trunk' branch; Version is '2020.2.0b2 (90b2443a8df1) revision 9482820'; Using compiler version '192528614'; Build Type 'Release'
OS: 'Windows 10  (10.0.0) 64bit' Language: 'en' Physical Memory: 8142 MB
BatchMode: 1, IsHumanControllingUs: 0, StartBugReporterOnCrash: 0, Is64bit: 1, IsPro: 0

 COMMAND LINE ARGUMENTS:
C:\Program Files\Unity\2020.2.0b2\Editor\Unity.exe
-adb2
-batchMode
-noUpm
-name
AssetImportWorker1
-projectPath
C:/Users/josep/Documents/GitHub/SpaceRunner/SpaceRunner
-logFile
Logs/AssetImportWorker1.log
-srvPort
59051
Successfully changed project path to: C:/Users/josep/Documents/GitHub/SpaceRunner/SpaceRunner
C:/Users/josep/Documents/GitHub/SpaceRunner/SpaceRunner
Using Asset Import Pipeline V2.
Refreshing native plugins compatible for Editor in 50.36 ms, found 1 plugins.
Preloading 0 native plugins for Editor in 0.00 ms.
Initialize engine version: 2020.2.0b2 (90b2443a8df1)
[Subsystems] Discovering subsystems at path C:/Program Files/Unity/2020.2.0b2/Editor/Data/Resources/UnitySubsystems
[Subsystems] Discovering subsystems at path C:/Users/josep/Documents/GitHub/SpaceRunner/SpaceRunner/Assets
GfxDevice: creating device client; threaded=0
Direct3D:
    Version:  Direct3D 11.0 [level 11.1]
    Renderer: NVIDIA GeForce GTX 1050 (ID=0x1c81)
    Vendor:   
    VRAM:     1977 MB
    Driver:   27.21.14.5638
Initialize mono
Mono path[0] = 'C:/Program Files/Unity/2020.2.0b2/Editor/Data/Managed'
Mono path[1] = 'C:/Program Files/Unity/2020.2.0b2/Editor/Data/MonoBleedingEdge/lib/mono/unityjit'
Mono config path = 'C:/Program Files/Unity/2020.2.0b2/Editor/Data/MonoBleedingEdge/etc'
Using monoOptions --debugger-agent=transport=dt_socket,embedding=1,server=y,suspend=n,address=127.0.0.1:56652
Begin MonoManager ReloadAssembly
Registering precompiled unity dll's ...
Register platform support module: C:/Program Files/Unity/2020.2.0b2/Editor/Data/PlaybackEngines/WebGLSupport/UnityEditor.WebGL.Extensions.dll
Register platform support module: C:/Program Files/Unity/2020.2.0b2/Editor/Data/PlaybackEngines/WindowsStandaloneSupport/UnityEditor.WindowsStandalone.Extensions.dll
Registered in 0.002913 seconds.
Native extension for WindowsStandalone target not found
Native extension for WebGL target not found
Refreshing native plugins compatible for Editor in 42.26 ms, found 1 plugins.
Preloading 0 native plugins for Editor in 0.00 ms.
Invoked RoslynAnalysisRunner static constructor.
RoslynAnalysisRunner will not be running.
RoslynAnalysisRunner has terminated.
Mono: successfully reloaded assembly
- Completed reload, in  1.450 seconds
Registering precompiled user dll's ...
Registered in 0.099129 seconds.
Platform modules already initialized, skipping
Begin MonoManager ReloadAssembly
Symbol file LoadedFromMemory doesn't match image C:\Users\josep\Documents\GitHub\SpaceRunner\SpaceRunner\Library\PackageCache\com.unity.ext.nunit@1.0.0\net35\unity-custom\nunit.framework.dll
Native extension for WindowsStandalone target not found
Native extension for WebGL target not found
Refreshing native plugins compatible for Editor in 57.44 ms, found 1 plugins.
Preloading 0 native plugins for Editor in 0.00 ms.
Invoked RoslynAnalysisRunner static constructor.
RoslynAnalysisRunner will not be running.
RoslynAnalysisRunner has terminated.
Mono: successfully reloaded assembly
- Completed reload, in  1.233 seconds
Platform modules already initialized, skipping
========================================================================
Worker process is ready to serve import requests
Launched and connected shader compiler UnityShaderCompiler.exe after 0.11 seconds
Refreshing native plugins compatible for Editor in 0.44 ms, found 1 plugins.
Preloading 0 native plugins for Editor in 0.00 ms.
Unloading 1790 Unused Serialized files (Serialized files now loaded: 0)
System memory in use before: 85.3 MB.
System memory in use after: 85.3 MB.

Unloading 12 unused Assets to reduce memory usage. Loaded Objects now: 2233.
Total: 2.967700 ms (FindLiveObjects: 0.533300 ms CreateObjectMapping: 0.096800 ms MarkObjects: 2.202300 ms  DeleteObjects: 0.133600 ms)

========================================================================
Received Import Request.
  path: Assets/Assets/Bouncer.prefab
  artifactKey: Guid(a7943cb91259ac540b46fabb8c2357f4) Importer(815301076,1909f56bfc062723c751e8b465ee728b)
Start importing Assets/Assets/Bouncer.prefab using Guid(a7943cb91259ac540b46fabb8c2357f4) Importer(815301076,1909f56bfc062723c751e8b465ee728b)  -> (artifact id: '85291b9c1736c0b09743ed32a08b3d12') in 0.172101 seconds
  Import took 0.176602 seconds .

========================================================================
Received Import Request.
  Time since last request: 0.100457 seconds.
  path: Assets/Assets/Bouncer.prefab
  artifactKey: Guid(a7943cb91259ac540b46fabb8c2357f4) Importer(815301076,1909f56bfc062723c751e8b465ee728b)
Start importing Assets/Assets/Bouncer.prefab using Guid(a7943cb91259ac540b46fabb8c2357f4) Importer(815301076,1909f56bfc062723c751e8b465ee728b)  -> (artifact id: '85291b9c1736c0b09743ed32a08b3d12') in 0.045976 seconds
  Import took 0.053345 seconds .

========================================================================
Received Prepare
Reloading mono domain
Begin MonoManager ReloadAssembly
Registering precompiled unity dll's ...
Register platform support module: C:/Program Files/Unity/2020.2.0b2/Editor/Data/PlaybackEngines/WebGLSupport/UnityEditor.WebGL.Extensions.dll
Register platform support module: C:/Program Files/Unity/2020.2.0b2/Editor/Data/PlaybackEngines/WindowsStandaloneSupport/UnityEditor.WindowsStandalone.Extensions.dll
Registered in 0.002731 seconds.
Symbol file LoadedFromMemory doesn't match image C:\Users\josep\Documents\GitHub\SpaceRunner\SpaceRunner\Library\PackageCache\com.unity.ext.nunit@1.0.0\net35\unity-custom\nunit.framework.dll
Native extension for WindowsStandalone target not found
Native extension for WebGL target not found
Refreshing native plugins compatible for Editor in 65.91 ms, found 1 plugins.
Preloading 0 native plugins for Editor in 0.00 ms.
Invoked RoslynAnalysisRunner static constructor.
RoslynAnalysisRunner will not be running.
RoslynAnalysisRunner has terminated.
Mono: successfully reloaded assembly
- Completed reload, in  1.169 seconds
Registering precompiled user dll's ...
Registered in 0.098851 seconds.
Platform modules already initialized, skipping
Begin MonoManager ReloadAssembly
Symbol file LoadedFromMemory doesn't match image C:\Users\josep\Documents\GitHub\SpaceRunner\SpaceRunner\Library\PackageCache\com.unity.ext.nunit@1.0.0\net35\unity-custom\nunit.framework.dll
Native extension for WindowsStandalone target not found
Native extension for WebGL target not found
Refreshing native plugins compatible for Editor in 0.44 ms, found 1 plugins.
Preloading 0 native plugins for Editor in 0.00 ms.
Invoked RoslynAnalysisRunner static constructor.
RoslynAnalysisRunner will not be running.
RoslynAnalysisRunner has terminated.
Mono: successfully reloaded assembly
- Completed reload, in  1.132 seconds
Platform modules already initialized, skipping
Refreshing native plugins compatible for Editor in 0.43 ms, found 1 plugins.
Preloading 0 native plugins for Editor in 0.00 ms.
Unloading 13 Unused Serialized files (Serialized files now loaded: 0)
System memory in use before: 53.6 MB.
System memory in use after: 53.6 MB.

Unloading 12 unused Assets to reduce memory usage. Loaded Objects now: 2245.
Total: 2.566800 ms (FindLiveObjects: 0.442500 ms CreateObjectMapping: 0.064400 ms MarkObjects: 1.947100 ms  DeleteObjects: 0.111500 ms)

========================================================================
Received Import Request.
  Time since last request: 77.942387 seconds.
  path: Assets/Assets/Bouncer.prefab
  artifactKey: Guid(a7943cb91259ac540b46fabb8c2357f4) Importer(815301076,1909f56bfc062723c751e8b465ee728b)
Start importing Assets/Assets/Bouncer.prefab using Guid(a7943cb91259ac540b46fabb8c2357f4) Importer(815301076,1909f56bfc062723c751e8b465ee728b)  -> (artifact id: 'c3d7bb5a9ce3361f117fe2e68a22ca3c') in 0.073039 seconds
  Import took 0.077568 seconds .

========================================================================
Received Import Request.
  Time since last request: 4.147012 seconds.
  path: Assets/Assets/Bouncer.prefab
  artifactKey: Guid(a7943cb91259ac540b46fabb8c2357f4) Importer(815301076,1909f56bfc062723c751e8b465ee728b)
Start importing Assets/Assets/Bouncer.prefab using Guid(a7943cb91259ac540b46fabb8c2357f4) Importer(815301076,1909f56bfc062723c751e8b465ee728b)  -> (artifact id: '98e1e2b84d27ab1c6a152c6a24764f39') in 0.021034 seconds
  Import took 0.025939 seconds .

========================================================================
Received Import Request.
  Time since last request: 4.606752 seconds.
  path: Assets/Assets/Bouncer.prefab
  artifactKey: Guid(a7943cb91259ac540b46fabb8c2357f4) Importer(815301076,1909f56bfc062723c751e8b465ee728b)
Start importing Assets/Assets/Bouncer.prefab using Guid(a7943cb91259ac540b46fabb8c2357f4) Importer(815301076,1909f56bfc062723c751e8b465ee728b)  -> (artifact id: 'c465ed15ec97b19dfa3956964b8bd04b') in 0.022861 seconds
  Import took 0.027943 seconds .

========================================================================
Received Import Request.
  Time since last request: 5.421851 seconds.
  path: Assets/Assets/Bouncer.prefab
  artifactKey: Guid(a7943cb91259ac540b46fabb8c2357f4) Importer(815301076,1909f56bfc062723c751e8b465ee728b)
Start importing Assets/Assets/Bouncer.prefab using Guid(a7943cb91259ac540b46fabb8c2357f4) Importer(815301076,1909f56bfc062723c751e8b465ee728b)  -> (artifact id: '27d39679116653ea5b61b7726943672c') in 0.022985 seconds
  Import took 0.028425 seconds .

========================================================================
Received Prepare
Reloading mono domain
Begin MonoManager ReloadAssembly
Registering precompiled unity dll's ...
Register platform support module: C:/Program Files/Unity/2020.2.0b2/Editor/Data/PlaybackEngines/WebGLSupport/UnityEditor.WebGL.Extensions.dll
Register platform support module: C:/Program Files/Unity/2020.2.0b2/Editor/Data/PlaybackEngines/WindowsStandaloneSupport/UnityEditor.WindowsStandalone.Extensions.dll
Registered in 0.002856 seconds.
Symbol file LoadedFromMemory doesn't match image C:\Users\josep\Documents\GitHub\SpaceRunner\SpaceRunner\Library\PackageCache\com.unity.ext.nunit@1.0.0\net35\unity-custom\nunit.framework.dll
Native extension for WindowsStandalone target not found
Native extension for WebGL target not found
Refreshing native plugins compatible for Editor in 54.62 ms, found 1 plugins.
Preloading 0 native plugins for Editor in 0.00 ms.
Invoked RoslynAnalysisRunner static constructor.
RoslynAnalysisRunner will not be running.
RoslynAnalysisRunner has terminated.
Mono: successfully reloaded assembly
- Completed reload, in  1.210 seconds
Registering precompiled user dll's ...
Registered in 0.104941 seconds.
Platform modules already initialized, skipping
Begin MonoManager ReloadAssembly
Symbol file LoadedFromMemory doesn't match image C:\Users\josep\Documents\GitHub\SpaceRunner\SpaceRunner\Library\PackageCache\com.unity.ext.nunit@1.0.0\net35\unity-custom\nunit.framework.dll
Native extension for WindowsStandalone target not found
Native extension for WebGL target not found
Refreshing native plugins compatible for Editor in 0.45 ms, found 1 plugins.
Preloading 0 native plugins for Editor in 0.00 ms.
Invoked RoslynAnalysisRunner static constructor.
RoslynAnalysisRunner will not be running.
RoslynAnalysisRunner has terminated.
Mono: successfully reloaded assembly
- Completed reload, in  1.189 seconds
Platform modules already initialized, skipping
Refreshing native plugins compatible for Editor in 0.66 ms, found 1 plugins.
Preloading 0 native plugins for Editor in 0.00 ms.
Unloading 13 Unused Serialized files (Serialized files now loaded: 0)
System memory in use before: 53.7 MB.
System memory in use after: 53.7 MB.

Unloading 12 unused Assets to reduce memory usage. Loaded Objects now: 2251.
Total: 2.748100 ms (FindLiveObjects: 0.429000 ms CreateObjectMapping: 0.059300 ms MarkObjects: 2.143200 ms  DeleteObjects: 0.115300 ms)

========================================================================
Received Import Request.
  Time since last request: 31.277321 seconds.
  path: Assets/Assets/Bouncer.prefab
  artifactKey: Guid(a7943cb91259ac540b46fabb8c2357f4) Importer(815301076,1909f56bfc062723c751e8b465ee728b)
Start importing Assets/Assets/Bouncer.prefab using Guid(a7943cb91259ac540b46fabb8c2357f4) Importer(815301076,1909f56bfc062723c751e8b465ee728b)  -> (artifact id: '4d45848e96a82967033ec806287e7f7f') in 0.077438 seconds
  Import took 0.081867 seconds .

========================================================================
Received Prepare
Reloading mono domain
Begin MonoManager ReloadAssembly
Registering precompiled unity dll's ...
Register platform support module: C:/Program Files/Unity/2020.2.0b2/Editor/Data/PlaybackEngines/WebGLSupport/UnityEditor.WebGL.Extensions.dll
Register platform support module: C:/Program Files/Unity/2020.2.0b2/Editor/Data/PlaybackEngines/WindowsStandaloneSupport/UnityEditor.WindowsStandalone.Extensions.dll
Registered in 0.002737 seconds.
Symbol file LoadedFromMemory doesn't match image C:\Users\josep\Documents\GitHub\SpaceRunner\SpaceRunner\Library\PackageCache\com.unity.ext.nunit@1.0.0\net35\unity-custom\nunit.framework.dll
Native extension for WindowsStandalone target not found
Native extension for WebGL target not found
Refreshing native plugins compatible for Editor in 49.46 ms, found 1 plugins.
Preloading 0 native plugins for Editor in 0.00 ms.
Invoked RoslynAnalysisRunner static constructor.
RoslynAnalysisRunner will not be running.
RoslynAnalysisRunner has terminated.
Mono: successfully reloaded assembly
- Completed reload, in  1.269 seconds
Registering precompiled user dll's ...
Registered in 0.102799 seconds.
Platform modules already initialized, skipping
Begin MonoManager ReloadAssembly
Symbol file LoadedFromMemory doesn't match image C:\Users\josep\Documents\GitHub\SpaceRunner\SpaceRunner\Library\PackageCache\com.unity.ext.nunit@1.0.0\net35\unity-custom\nunit.framework.dll
Native extension for WindowsStandalone target not found
Native extension for WebGL target not found
Refreshing native plugins compatible for Editor in 0.67 ms, found 1 plugins.
Preloading 0 native plugins for Editor in 0.00 ms.
Invoked RoslynAnalysisRunner static constructor.
RoslynAnalysisRunner will not be running.
RoslynAnalysisRunner has terminated.
Mono: successfully reloaded assembly
- Completed reload, in  1.274 seconds
Platform modules already initialized, skipping
Refreshing native plugins compatible for Editor in 0.43 ms, found 1 plugins.
Preloading 0 native plugins for Editor in 0.00 ms.
Unloading 13 Unused Serialized files (Serialized files now loaded: 0)
System memory in use before: 53.8 MB.
System memory in use after: 53.8 MB.

Unloading 12 unused Assets to reduce memory usage. Loaded Objects now: 2257.
Total: 2.586700 ms (FindLiveObjects: 0.440400 ms CreateObjectMapping: 0.061400 ms MarkObjects: 1.966800 ms  DeleteObjects: 0.116700 ms)

========================================================================
Received Prepare
Reloading mono domain
Begin MonoManager ReloadAssembly
Registering precompiled unity dll's ...
Register platform support module: C:/Program Files/Unity/2020.2.0b2/Editor/Data/PlaybackEngines/WebGLSupport/UnityEditor.WebGL.Extensions.dll
Register platform support module: C:/Program Files/Unity/2020.2.0b2/Editor/Data/PlaybackEngines/WindowsStandaloneSupport/UnityEditor.WindowsStandalone.Extensions.dll
Registered in 0.003843 seconds.
Symbol file LoadedFromMemory doesn't match image C:\Users\josep\Documents\GitHub\SpaceRunner\SpaceRunner\Library\PackageCache\com.unity.ext.nunit@1.0.0\net35\unity-custom\nunit.framework.dll
Native extension for WindowsStandalone target not found
Native extension for WebGL target not found
Refreshing native plugins compatible for Editor in 50.44 ms, found 1 plugins.
Preloading 0 native plugins for Editor in 0.00 ms.
Invoked RoslynAnalysisRunner static constructor.
RoslynAnalysisRunner will not be running.
RoslynAnalysisRunner has terminated.
Mono: successfully reloaded assembly
- Completed reload, in  1.374 seconds
Registering precompiled user dll's ...
Registered in 0.103757 seconds.
Platform modules already initialized, skipping
Begin MonoManager ReloadAssembly
Symbol file LoadedFromMemory doesn't match image C:\Users\josep\Documents\GitHub\SpaceRunner\SpaceRunner\Library\PackageCache\com.unity.ext.nunit@1.0.0\net35\unity-custom\nunit.framework.dll
Native extension for WindowsStandalone target not found
Native extension for WebGL target not found
Refreshing native plugins compatible for Editor in 0.43 ms, found 1 plugins.
Preloading 0 native plugins for Editor in 0.00 ms.
Invoked RoslynAnalysisRunner static constructor.
RoslynAnalysisRunner will not be running.
RoslynAnalysisRunner has terminated.
Mono: successfully reloaded assembly
- Completed reload, in  1.326 seconds
Platform modules already initialized, skipping
Refreshing native plugins compatible for Editor in 0.54 ms, found 1 plugins.
Preloading 0 native plugins for Editor in 0.00 ms.
Unloading 13 Unused Serialized files (Serialized files now loaded: 0)
System memory in use before: 53.9 MB.
System memory in use after: 53.9 MB.

Unloading 12 unused Assets to reduce memory usage. Loaded Objects now: 2262.
Total: 2.639800 ms (FindLiveObjects: 0.462300 ms CreateObjectMapping: 0.058000 ms MarkObjects: 2.000000 ms  DeleteObjects: 0.118100 ms)

========================================================================
Received Import Request.
  Time since last request: 306.932064 seconds.
  path: Assets/Assets/Levels/L1.prefab
  artifactKey: Guid(a1657405f2323a44bb45980c34535687) Importer(815301076,1909f56bfc062723c751e8b465ee728b)
Start importing Assets/Assets/Levels/L1.prefab using Guid(a1657405f2323a44bb45980c34535687) Importer(815301076,1909f56bfc062723c751e8b465ee728b)  -> (artifact id: '59d06c275af172f3f0a8fc86b86798dc') in 0.093071 seconds
  Import took 0.097893 seconds .

========================================================================
Received Import Request.
  Time since last request: 0.000347 seconds.
  path: Assets/Assets/Levels/Template.prefab
  artifactKey: Guid(339713b32cb328e4fa9117410f5b35a6) Importer(815301076,1909f56bfc062723c751e8b465ee728b)
Start importing Assets/Assets/Levels/Template.prefab using Guid(339713b32cb328e4fa9117410f5b35a6) Importer(815301076,1909f56bfc062723c751e8b465ee728b)  -> (artifact id: '9929bda394c4f14dc9bad46ba2c490d9') in 0.030618 seconds
  Import took 0.035252 seconds .

========================================================================
Received Import Request.
  Time since last request: 0.003552 seconds.
  path: Assets/Assets/Levels/Template.prefab
  artifactKey: Guid(339713b32cb328e4fa9117410f5b35a6) Importer(815301076,1909f56bfc062723c751e8b465ee728b)
Start importing Assets/Assets/Levels/Template.prefab using Guid(339713b32cb328e4fa9117410f5b35a6) Importer(815301076,1909f56bfc062723c751e8b465ee728b)  -> (artifact id: '9929bda394c4f14dc9bad46ba2c490d9') in 0.018932 seconds
  Import took 0.023576 seconds .

========================================================================
Received Import Request.
  Time since last request: 66.916777 seconds.
  path: Assets/TileHurtScript.cs
  artifactKey: Guid(26f5d699dacd5db46b5805e9d5450a2c) Importer(815301076,1909f56bfc062723c751e8b465ee728b)
Start importing Assets/TileHurtScript.cs using Guid(26f5d699dacd5db46b5805e9d5450a2c) Importer(815301076,1909f56bfc062723c751e8b465ee728b)  -> (artifact id: '4db918b619ac029f5a8073272dc6f934') in 0.014596 seconds
  Import took 0.019556 seconds .

========================================================================
Received Import Request.
  Time since last request: 0.002372 seconds.
  path: Assets/TileHurtScript.cs
  artifactKey: Guid(26f5d699dacd5db46b5805e9d5450a2c) Importer(815301076,1909f56bfc062723c751e8b465ee728b)
Start importing Assets/TileHurtScript.cs using Guid(26f5d699dacd5db46b5805e9d5450a2c) Importer(815301076,1909f56bfc062723c751e8b465ee728b)  -> (artifact id: '4db918b619ac029f5a8073272dc6f934') in 0.005484 seconds
  Import took 0.010077 seconds .

========================================================================
Received Import Request.
  Time since last request: 153.295353 seconds.
  path: Assets/TexSheet2.png
  artifactKey: Guid(ed12095f614cfe04bbb926e209a6b112) Importer(815301076,1909f56bfc062723c751e8b465ee728b)
Start importing Assets/TexSheet2.png using Guid(ed12095f614cfe04bbb926e209a6b112) Importer(815301076,1909f56bfc062723c751e8b465ee728b)  -> (artifact id: 'b40f8e872dc463e7e80754bcf9f77665') in 0.155886 seconds
  Import took 0.160622 seconds .

========================================================================
Received Prepare
Reloading mono domain
Begin MonoManager ReloadAssembly
Registering precompiled unity dll's ...
Register platform support module: C:/Program Files/Unity/2020.2.0b2/Editor/Data/PlaybackEngines/WebGLSupport/UnityEditor.WebGL.Extensions.dll
Register platform support module: C:/Program Files/Unity/2020.2.0b2/Editor/Data/PlaybackEngines/WindowsStandaloneSupport/UnityEditor.WindowsStandalone.Extensions.dll
Registered in 0.003370 seconds.
Symbol file LoadedFromMemory doesn't match image C:\Users\josep\Documents\GitHub\SpaceRunner\SpaceRunner\Library\PackageCache\com.unity.ext.nunit@1.0.0\net35\unity-custom\nunit.framework.dll
Native extension for WindowsStandalone target not found
Native extension for WebGL target not found
Refreshing native plugins compatible for Editor in 54.62 ms, found 1 plugins.
Preloading 0 native plugins for Editor in 0.00 ms.
Invoked RoslynAnalysisRunner static constructor.
RoslynAnalysisRunner will not be running.
RoslynAnalysisRunner has terminated.
Mono: successfully reloaded assembly
- Completed reload, in  1.451 seconds
Registering precompiled user dll's ...
Registered in 0.103441 seconds.
Platform modules already initialized, skipping
Begin MonoManager ReloadAssembly
Symbol file LoadedFromMemory doesn't match image C:\Users\josep\Documents\GitHub\SpaceRunner\SpaceRunner\Library\PackageCache\com.unity.ext.nunit@1.0.0\net35\unity-custom\nunit.framework.dll
Native extension for WindowsStandalone target not found
Native extension for WebGL target not found
Refreshing native plugins compatible for Editor in 0.68 ms, found 1 plugins.
Preloading 0 native plugins for Editor in 0.00 ms.
Invoked RoslynAnalysisRunner static constructor.
RoslynAnalysisRunner will not be running.
RoslynAnalysisRunner has terminated.
Mono: successfully reloaded assembly
- Completed reload, in  1.438 seconds
Platform modules already initialized, skipping
Refreshing native plugins compatible for Editor in 0.43 ms, found 1 plugins.
Preloading 0 native plugins for Editor in 0.00 ms.
Unloading 13 Unused Serialized files (Serialized files now loaded: 0)
System memory in use before: 54.1 MB.
System memory in use after: 54.1 MB.

Unloading 12 unused Assets to reduce memory usage. Loaded Objects now: 2298.
Total: 2.653000 ms (FindLiveObjects: 0.455800 ms CreateObjectMapping: 0.066700 ms MarkObjects: 2.014600 ms  DeleteObjects: 0.114500 ms)

========================================================================
Received Import Request.
  Time since last request: 83.561607 seconds.
  path: Assets/Assets/Levels/L1.prefab
  artifactKey: Guid(a1657405f2323a44bb45980c34535687) Importer(815301076,1909f56bfc062723c751e8b465ee728b)
Start importing Assets/Assets/Levels/L1.prefab using Guid(a1657405f2323a44bb45980c34535687) Importer(815301076,1909f56bfc062723c751e8b465ee728b)  -> (artifact id: 'b6adcc709024ca0f2b4e8a93ea6a6922') in 0.070721 seconds
  Import took 0.075313 seconds .

========================================================================
Received Import Request.
  Time since last request: 1.607087 seconds.
  path: Assets/Assets/Levels/L1.prefab
  artifactKey: Guid(a1657405f2323a44bb45980c34535687) Importer(815301076,1909f56bfc062723c751e8b465ee728b)
Start importing Assets/Assets/Levels/L1.prefab using Guid(a1657405f2323a44bb45980c34535687) Importer(815301076,1909f56bfc062723c751e8b465ee728b)  -> (artifact id: '8ea0f4917c6441bd5df6ff9f987b6ec6') in 0.018867 seconds
  Import took 0.023681 seconds .

========================================================================
Received Import Request.
  Time since last request: 109.761269 seconds.
  path: Assets/Assets/Levels/L1.prefab
  artifactKey: Guid(a1657405f2323a44bb45980c34535687) Importer(815301076,1909f56bfc062723c751e8b465ee728b)
Start importing Assets/Assets/Levels/L1.prefab using Guid(a1657405f2323a44bb45980c34535687) Importer(815301076,1909f56bfc062723c751e8b465ee728b)  -> (artifact id: 'd45e869077496c0a291fb82d60ec7905') in 0.018570 seconds
  Import took 0.023902 seconds .

========================================================================
Received Import Request.
  Time since last request: 1.594290 seconds.
  path: Assets/Assets/Levels/L1.prefab
  artifactKey: Guid(a1657405f2323a44bb45980c34535687) Importer(815301076,1909f56bfc062723c751e8b465ee728b)
Start importing Assets/Assets/Levels/L1.prefab using Guid(a1657405f2323a44bb45980c34535687) Importer(815301076,1909f56bfc062723c751e8b465ee728b)  -> (artifact id: 'ea8bdddb0f89126a6b39b8ab049f8d4d') in 0.019694 seconds
  Import took 0.025816 seconds .

========================================================================
Received Import Request.
  Time since last request: 3.001989 seconds.
  path: Assets/Assets/Levels/L1.prefab
  artifactKey: Guid(a1657405f2323a44bb45980c34535687) Importer(815301076,1909f56bfc062723c751e8b465ee728b)
Start importing Assets/Assets/Levels/L1.prefab using Guid(a1657405f2323a44bb45980c34535687) Importer(815301076,1909f56bfc062723c751e8b465ee728b)  -> (artifact id: 'e73a164346ce9b985c6ad24500023e99') in 0.026122 seconds
  Import took 0.030866 seconds .

========================================================================
Received Import Request.
  Time since last request: 1.781924 seconds.
  path: Assets/Assets/Levels/L1.prefab
  artifactKey: Guid(a1657405f2323a44bb45980c34535687) Importer(815301076,1909f56bfc062723c751e8b465ee728b)
Start importing Assets/Assets/Levels/L1.prefab using Guid(a1657405f2323a44bb45980c34535687) Importer(815301076,1909f56bfc062723c751e8b465ee728b)  -> (artifact id: 'e8fa5778a19d15bf0f201968186c7d62') in 0.018242 seconds
  Import took 0.023321 seconds .

========================================================================
Received Prepare
Reloading mono domain
Begin MonoManager ReloadAssembly
Registering precompiled unity dll's ...
Register platform support module: C:/Program Files/Unity/2020.2.0b2/Editor/Data/PlaybackEngines/WebGLSupport/UnityEditor.WebGL.Extensions.dll
Register platform support module: C:/Program Files/Unity/2020.2.0b2/Editor/Data/PlaybackEngines/WindowsStandaloneSupport/UnityEditor.WindowsStandalone.Extensions.dll
Registered in 0.002704 seconds.
Symbol file LoadedFromMemory doesn't match image C:\Users\josep\Documents\GitHub\SpaceRunner\SpaceRunner\Library\PackageCache\com.unity.ext.nunit@1.0.0\net35\unity-custom\nunit.framework.dll
Native extension for WindowsStandalone target not found
Native extension for WebGL target not found
Refreshing native plugins compatible for Editor in 48.74 ms, found 1 plugins.
Preloading 0 native plugins for Editor in 0.00 ms.
Invoked RoslynAnalysisRunner static constructor.
RoslynAnalysisRunner will not be running.
RoslynAnalysisRunner has terminated.
Mono: successfully reloaded assembly
- Completed reload, in  1.427 seconds
Registering precompiled user dll's ...
Registered in 0.098364 seconds.
Platform modules already initialized, skipping
Begin MonoManager ReloadAssembly
Symbol file LoadedFromMemory doesn't match image C:\Users\josep\Documents\GitHub\SpaceRunner\SpaceRunner\Library\PackageCache\com.unity.ext.nunit@1.0.0\net35\unity-custom\nunit.framework.dll
Native extension for WindowsStandalone target not found
Native extension for WebGL target not found
Refreshing native plugins compatible for Editor in 0.48 ms, found 1 plugins.
Preloading 0 native plugins for Editor in 0.00 ms.
Invoked RoslynAnalysisRunner static constructor.
RoslynAnalysisRunner will not be running.
RoslynAnalysisRunner has terminated.
Mono: successfully reloaded assembly
- Completed reload, in  1.438 seconds
Platform modules already initialized, skipping
Refreshing native plugins compatible for Editor in 0.44 ms, found 1 plugins.
Preloading 0 native plugins for Editor in 0.00 ms.
Unloading 13 Unused Serialized files (Serialized files now loaded: 0)
System memory in use before: 54.2 MB.
System memory in use after: 54.2 MB.

Unloading 12 unused Assets to reduce memory usage. Loaded Objects now: 2304.
Total: 2.588100 ms (FindLiveObjects: 0.453800 ms CreateObjectMapping: 0.059500 ms MarkObjects: 1.955600 ms  DeleteObjects: 0.118000 ms)

========================================================================
Received Import Request.
  Time since last request: 71.544903 seconds.
  path: Assets/Assets/Levels/Empty 2.prefab
  artifactKey: Guid(a232a5c7df4c2a649acfa58f78141415) Importer(815301076,1909f56bfc062723c751e8b465ee728b)
Start importing Assets/Assets/Levels/Empty 2.prefab using Guid(a232a5c7df4c2a649acfa58f78141415) Importer(815301076,1909f56bfc062723c751e8b465ee728b)  -> (artifact id: '290319a7d07a9815251e46d8499d1ebe') in 0.040195 seconds
  Import took 0.045209 seconds .

========================================================================
Received Import Request.
  Time since last request: 0.105000 seconds.
  path: Assets/Assets/Levels/Empty 2.prefab
  artifactKey: Guid(a232a5c7df4c2a649acfa58f78141415) Importer(815301076,1909f56bfc062723c751e8b465ee728b)
Start importing Assets/Assets/Levels/Empty 2.prefab using Guid(a232a5c7df4c2a649acfa58f78141415) Importer(815301076,1909f56bfc062723c751e8b465ee728b)  -> (artifact id: '290319a7d07a9815251e46d8499d1ebe') in 0.007423 seconds
  Import took 0.012649 seconds .

========================================================================
Received Import Request.
  Time since last request: 9.324201 seconds.
  path: Assets/Assets/Levels/Level 2.prefab
  artifactKey: Guid(a232a5c7df4c2a649acfa58f78141415) Importer(815301076,1909f56bfc062723c751e8b465ee728b)
Start importing Assets/Assets/Levels/Level 2.prefab using Guid(a232a5c7df4c2a649acfa58f78141415) Importer(815301076,1909f56bfc062723c751e8b465ee728b)  -> (artifact id: '26103b12b3580eec8420b7493592f63d') in 0.014649 seconds
  Import took 0.019843 seconds .

========================================================================
Received Import Request.
  Time since last request: 29.956521 seconds.
  path: Assets/Assets/Levels/Level 2.prefab
  artifactKey: Guid(a232a5c7df4c2a649acfa58f78141415) Importer(815301076,1909f56bfc062723c751e8b465ee728b)
Start importing Assets/Assets/Levels/Level 2.prefab using Guid(a232a5c7df4c2a649acfa58f78141415) Importer(815301076,1909f56bfc062723c751e8b465ee728b)  -> (artifact id: '11aae8da28df3f52c2b1c0c1950af438') in 0.008443 seconds
  Import took 0.013660 seconds .

========================================================================
Received Import Request.
  Time since last request: 2.193432 seconds.
  path: Assets/Assets/Levels/Level 2.prefab
  artifactKey: Guid(a232a5c7df4c2a649acfa58f78141415) Importer(815301076,1909f56bfc062723c751e8b465ee728b)
Start importing Assets/Assets/Levels/Level 2.prefab using Guid(a232a5c7df4c2a649acfa58f78141415) Importer(815301076,1909f56bfc062723c751e8b465ee728b)  -> (artifact id: '4ae12ea9044e465dccb7d926fb3865e1') in 0.008757 seconds
  Import took 0.015017 seconds .

========================================================================
Received Import Request.
  Time since last request: 1.392551 seconds.
  path: Assets/Assets/Levels/Level 2.prefab
  artifactKey: Guid(a232a5c7df4c2a649acfa58f78141415) Importer(815301076,1909f56bfc062723c751e8b465ee728b)
Start importing Assets/Assets/Levels/Level 2.prefab using Guid(a232a5c7df4c2a649acfa58f78141415) Importer(815301076,1909f56bfc062723c751e8b465ee728b)  -> (artifact id: '3f28fd961812505b9c923a0b92fd4f54') in 0.008877 seconds
  Import took 0.013835 seconds .

========================================================================
Received Import Request.
  Time since last request: 3.815435 seconds.
  path: Assets/Assets/Levels/Level 2.prefab
  artifactKey: Guid(a232a5c7df4c2a649acfa58f78141415) Importer(815301076,1909f56bfc062723c751e8b465ee728b)
Start importing Assets/Assets/Levels/Level 2.prefab using Guid(a232a5c7df4c2a649acfa58f78141415) Importer(815301076,1909f56bfc062723c751e8b465ee728b)  -> (artifact id: 'f9977ca18c28a08756e966fb42eed894') in 0.008386 seconds
  Import took 0.012992 seconds .

========================================================================
Received Import Request.
  Time since last request: 6.248398 seconds.
  path: Assets/Assets/Levels/Level 2.prefab
  artifactKey: Guid(a232a5c7df4c2a649acfa58f78141415) Importer(815301076,1909f56bfc062723c751e8b465ee728b)
Start importing Assets/Assets/Levels/Level 2.prefab using Guid(a232a5c7df4c2a649acfa58f78141415) Importer(815301076,1909f56bfc062723c751e8b465ee728b)  -> (artifact id: '1bafc306b16732f874de57b256cfee68') in 0.008659 seconds
  Import took 0.014559 seconds .

========================================================================
Received Import Request.
  Time since last request: 2.800498 seconds.
  path: Assets/Assets/Levels/Level 2.prefab
  artifactKey: Guid(a232a5c7df4c2a649acfa58f78141415) Importer(815301076,1909f56bfc062723c751e8b465ee728b)
Start importing Assets/Assets/Levels/Level 2.prefab using Guid(a232a5c7df4c2a649acfa58f78141415) Importer(815301076,1909f56bfc062723c751e8b465ee728b)  -> (artifact id: '104ce43b148508f79f0773b65ebadd05') in 0.008502 seconds
  Import took 0.014781 seconds .

========================================================================
Received Import Request.
  Time since last request: 1.399163 seconds.
  path: Assets/Assets/Levels/Level 2.prefab
  artifactKey: Guid(a232a5c7df4c2a649acfa58f78141415) Importer(815301076,1909f56bfc062723c751e8b465ee728b)
Start importing Assets/Assets/Levels/Level 2.prefab using Guid(a232a5c7df4c2a649acfa58f78141415) Importer(815301076,1909f56bfc062723c751e8b465ee728b)  -> (artifact id: '7814dcf5e61c973f64ac6096e71efff4') in 0.008154 seconds
  Import took 0.013181 seconds .

========================================================================
Received Import Request.
  Time since last request: 0.993722 seconds.
  path: Assets/Assets/Levels/Level 2.prefab
  artifactKey: Guid(a232a5c7df4c2a649acfa58f78141415) Importer(815301076,1909f56bfc062723c751e8b465ee728b)
Start importing Assets/Assets/Levels/Level 2.prefab using Guid(a232a5c7df4c2a649acfa58f78141415) Importer(815301076,1909f56bfc062723c751e8b465ee728b)  -> (artifact id: '8b84dd6c74d19204a8481754dea6901a') in 0.008621 seconds
  Import took 0.013625 seconds .

========================================================================
Received Import Request.
  Time since last request: 0.798199 seconds.
  path: Assets/Assets/Levels/Level 2.prefab
  artifactKey: Guid(a232a5c7df4c2a649acfa58f78141415) Importer(815301076,1909f56bfc062723c751e8b465ee728b)
Start importing Assets/Assets/Levels/Level 2.prefab using Guid(a232a5c7df4c2a649acfa58f78141415) Importer(815301076,1909f56bfc062723c751e8b465ee728b)  -> (artifact id: '7d25038c39dd7f3ec0bcdd03e4fa7a90') in 0.008664 seconds
  Import took 0.014263 seconds .

========================================================================
Received Import Request.
  Time since last request: 1.802991 seconds.
  path: Assets/Assets/Levels/Level 2.prefab
  artifactKey: Guid(a232a5c7df4c2a649acfa58f78141415) Importer(815301076,1909f56bfc062723c751e8b465ee728b)
Start importing Assets/Assets/Levels/Level 2.prefab using Guid(a232a5c7df4c2a649acfa58f78141415) Importer(815301076,1909f56bfc062723c751e8b465ee728b)  -> (artifact id: '18a70199c0440fa68ee4481f013ce987') in 0.007516 seconds
  Import took 0.012497 seconds .

========================================================================
Received Import Request.
  Time since last request: 2.005222 seconds.
  path: Assets/Assets/Levels/Level 2.prefab
  artifactKey: Guid(a232a5c7df4c2a649acfa58f78141415) Importer(815301076,1909f56bfc062723c751e8b465ee728b)
Start importing Assets/Assets/Levels/Level 2.prefab using Guid(a232a5c7df4c2a649acfa58f78141415) Importer(815301076,1909f56bfc062723c751e8b465ee728b)  -> (artifact id: '236894f0f332668974538e511c47124e') in 0.008526 seconds
  Import took 0.013603 seconds .

========================================================================
Received Import Request.
  Time since last request: 2.415642 seconds.
  path: Assets/Assets/Levels/Level 2.prefab
  artifactKey: Guid(a232a5c7df4c2a649acfa58f78141415) Importer(815301076,1909f56bfc062723c751e8b465ee728b)
Start importing Assets/Assets/Levels/Level 2.prefab using Guid(a232a5c7df4c2a649acfa58f78141415) Importer(815301076,1909f56bfc062723c751e8b465ee728b)  -> (artifact id: '1cd2b17c29c687e14bc3db13f2ebfe09') in 0.008352 seconds
  Import took 0.013312 seconds .

========================================================================
Received Import Request.
  Time since last request: 0.796041 seconds.
  path: Assets/Assets/Levels/Level 2.prefab
  artifactKey: Guid(a232a5c7df4c2a649acfa58f78141415) Importer(815301076,1909f56bfc062723c751e8b465ee728b)
Start importing Assets/Assets/Levels/Level 2.prefab using Guid(a232a5c7df4c2a649acfa58f78141415) Importer(815301076,1909f56bfc062723c751e8b465ee728b)  -> (artifact id: 'b5c81f332f05fbf546a24a77cf4873ec') in 0.008428 seconds
  Import took 0.013505 seconds .

========================================================================
Received Import Request.
  Time since last request: 0.786950 seconds.
  path: Assets/Assets/Levels/Level 2.prefab
  artifactKey: Guid(a232a5c7df4c2a649acfa58f78141415) Importer(815301076,1909f56bfc062723c751e8b465ee728b)
Start importing Assets/Assets/Levels/Level 2.prefab using Guid(a232a5c7df4c2a649acfa58f78141415) Importer(815301076,1909f56bfc062723c751e8b465ee728b)  -> (artifact id: 'b379e45dd22396d10edc491d7319b4dd') in 0.008643 seconds
  Import took 0.013438 seconds .

========================================================================
Received Import Request.
  Time since last request: 1.827339 seconds.
  path: Assets/Assets/Levels/Level 2.prefab
  artifactKey: Guid(a232a5c7df4c2a649acfa58f78141415) Importer(815301076,1909f56bfc062723c751e8b465ee728b)
Start importing Assets/Assets/Levels/Level 2.prefab using Guid(a232a5c7df4c2a649acfa58f78141415) Importer(815301076,1909f56bfc062723c751e8b465ee728b)  -> (artifact id: 'aa71687d2d840b38d2623ca156852bd1') in 0.007862 seconds
  Import took 0.012988 seconds .

========================================================================
Received Import Request.
  Time since last request: 1.570418 seconds.
  path: Assets/Assets/Levels/Level 2.prefab
  artifactKey: Guid(a232a5c7df4c2a649acfa58f78141415) Importer(815301076,1909f56bfc062723c751e8b465ee728b)
Start importing Assets/Assets/Levels/Level 2.prefab using Guid(a232a5c7df4c2a649acfa58f78141415) Importer(815301076,1909f56bfc062723c751e8b465ee728b)  -> (artifact id: '529e2c23e08aaa4b616771d68b51fdb3') in 0.008654 seconds
  Import took 0.013856 seconds .

========================================================================
Received Import Request.
  Time since last request: 0.995777 seconds.
  path: Assets/Assets/Levels/Level 2.prefab
  artifactKey: Guid(a232a5c7df4c2a649acfa58f78141415) Importer(815301076,1909f56bfc062723c751e8b465ee728b)
Start importing Assets/Assets/Levels/Level 2.prefab using Guid(a232a5c7df4c2a649acfa58f78141415) Importer(815301076,1909f56bfc062723c751e8b465ee728b)  -> (artifact id: '0033a1dd8fd8eaeae903cac1aeaaec02') in 0.008823 seconds
  Import took 0.013516 seconds .

========================================================================
Received Import Request.
  Time since last request: 3.012315 seconds.
  path: Assets/Assets/Levels/Level 2.prefab
  artifactKey: Guid(a232a5c7df4c2a649acfa58f78141415) Importer(815301076,1909f56bfc062723c751e8b465ee728b)
Start importing Assets/Assets/Levels/Level 2.prefab using Guid(a232a5c7df4c2a649acfa58f78141415) Importer(815301076,1909f56bfc062723c751e8b465ee728b)  -> (artifact id: '755c7dfa14d9a4d3d7e246f652ab211f') in 0.009219 seconds
  Import took 0.014840 seconds .

========================================================================
Received Import Request.
  Time since last request: 0.793678 seconds.
  path: Assets/Assets/Levels/Level 2.prefab
  artifactKey: Guid(a232a5c7df4c2a649acfa58f78141415) Importer(815301076,1909f56bfc062723c751e8b465ee728b)
Start importing Assets/Assets/Levels/Level 2.prefab using Guid(a232a5c7df4c2a649acfa58f78141415) Importer(815301076,1909f56bfc062723c751e8b465ee728b)  -> (artifact id: '79cefa13f9f9dc89728045f65dcb7abe') in 0.008454 seconds
  Import took 0.013454 seconds .

========================================================================
Received Import Request.
  Time since last request: 4.422550 seconds.
  path: Assets/Assets/Levels/Level 2.prefab
  artifactKey: Guid(a232a5c7df4c2a649acfa58f78141415) Importer(815301076,1909f56bfc062723c751e8b465ee728b)
Start importing Assets/Assets/Levels/Level 2.prefab using Guid(a232a5c7df4c2a649acfa58f78141415) Importer(815301076,1909f56bfc062723c751e8b465ee728b)  -> (artifact id: '729653a7c336474b9325a34f5618fce8') in 0.008669 seconds
  Import took 0.013518 seconds .

========================================================================
Received Import Request.
  Time since last request: 1.424899 seconds.
  path: Assets/Assets/Levels/Level 2.prefab
  artifactKey: Guid(a232a5c7df4c2a649acfa58f78141415) Importer(815301076,1909f56bfc062723c751e8b465ee728b)
Start importing Assets/Assets/Levels/Level 2.prefab using Guid(a232a5c7df4c2a649acfa58f78141415) Importer(815301076,1909f56bfc062723c751e8b465ee728b)  -> (artifact id: '19aec0d112bc16f9f86530d0e6b9c113') in 0.008800 seconds
  Import took 0.013539 seconds .

========================================================================
Received Import Request.
  Time since last request: 2.183128 seconds.
  path: Assets/Assets/Levels/Level 2.prefab
  artifactKey: Guid(a232a5c7df4c2a649acfa58f78141415) Importer(815301076,1909f56bfc062723c751e8b465ee728b)
Start importing Assets/Assets/Levels/Level 2.prefab using Guid(a232a5c7df4c2a649acfa58f78141415) Importer(815301076,1909f56bfc062723c751e8b465ee728b)  -> (artifact id: '54fc3421f850870cbe74661b749ef9f5') in 0.008215 seconds
  Import took 0.013649 seconds .

========================================================================
Received Import Request.
  Time since last request: 2.803686 seconds.
  path: Assets/Assets/Levels/Level 2.prefab
  artifactKey: Guid(a232a5c7df4c2a649acfa58f78141415) Importer(815301076,1909f56bfc062723c751e8b465ee728b)
Start importing Assets/Assets/Levels/Level 2.prefab using Guid(a232a5c7df4c2a649acfa58f78141415) Importer(815301076,1909f56bfc062723c751e8b465ee728b)  -> (artifact id: '971877a18590f0c3c7fbfc3e27d7efce') in 0.008974 seconds
  Import took 0.013895 seconds .

========================================================================
Received Import Request.
  Time since last request: 5.431226 seconds.
  path: Assets/Assets/Levels/Level 2.prefab
  artifactKey: Guid(a232a5c7df4c2a649acfa58f78141415) Importer(815301076,1909f56bfc062723c751e8b465ee728b)
Start importing Assets/Assets/Levels/Level 2.prefab using Guid(a232a5c7df4c2a649acfa58f78141415) Importer(815301076,1909f56bfc062723c751e8b465ee728b)  -> (artifact id: '20f999284f31de9ac19e47cdc5afea62') in 0.008721 seconds
  Import took 0.013404 seconds .

========================================================================
Received Import Request.
  Time since last request: 28.620537 seconds.
  path: Assets/Assets/Levels/Level 2.prefab
  artifactKey: Guid(a232a5c7df4c2a649acfa58f78141415) Importer(815301076,1909f56bfc062723c751e8b465ee728b)
Start importing Assets/Assets/Levels/Level 2.prefab using Guid(a232a5c7df4c2a649acfa58f78141415) Importer(815301076,1909f56bfc062723c751e8b465ee728b)  -> (artifact id: 'fddbefc62cef061fa031b4b725ece99c') in 0.008446 seconds
  Import took 0.013261 seconds .

========================================================================
Received Import Request.
  Time since last request: 2.006038 seconds.
  path: Assets/Assets/Levels/Level 2.prefab
  artifactKey: Guid(a232a5c7df4c2a649acfa58f78141415) Importer(815301076,1909f56bfc062723c751e8b465ee728b)
Start importing Assets/Assets/Levels/Level 2.prefab using Guid(a232a5c7df4c2a649acfa58f78141415) Importer(815301076,1909f56bfc062723c751e8b465ee728b)  -> (artifact id: '07bf2bc77139c103a0cffce6443a71bc') in 0.007926 seconds
  Import took 0.012830 seconds .

========================================================================
Received Import Request.
  Time since last request: 1.592896 seconds.
  path: Assets/Assets/Levels/Level 2.prefab
  artifactKey: Guid(a232a5c7df4c2a649acfa58f78141415) Importer(815301076,1909f56bfc062723c751e8b465ee728b)
Start importing Assets/Assets/Levels/Level 2.prefab using Guid(a232a5c7df4c2a649acfa58f78141415) Importer(815301076,1909f56bfc062723c751e8b465ee728b)  -> (artifact id: '569cae9f7300fb4892886803043a732b') in 0.009184 seconds
  Import took 0.014714 seconds .

========================================================================
Received Import Request.
  Time since last request: 0.403454 seconds.
  path: Assets/Assets/Levels/Level 2.prefab
  artifactKey: Guid(a232a5c7df4c2a649acfa58f78141415) Importer(815301076,1909f56bfc062723c751e8b465ee728b)
Start importing Assets/Assets/Levels/Level 2.prefab using Guid(a232a5c7df4c2a649acfa58f78141415) Importer(815301076,1909f56bfc062723c751e8b465ee728b)  -> (artifact id: 'aea59f411cc0b3462a0b1d664f868321') in 0.008468 seconds
  Import took 0.013380 seconds .

========================================================================
Received Import Request.
  Time since last request: 1.798157 seconds.
  path: Assets/Assets/Levels/Level 2.prefab
  artifactKey: Guid(a232a5c7df4c2a649acfa58f78141415) Importer(815301076,1909f56bfc062723c751e8b465ee728b)
Start importing Assets/Assets/Levels/Level 2.prefab using Guid(a232a5c7df4c2a649acfa58f78141415) Importer(815301076,1909f56bfc062723c751e8b465ee728b)  -> (artifact id: '537f5ab68e6ec4976573ea7eade33a95') in 0.007920 seconds
  Import took 0.012665 seconds .

========================================================================
Received Import Request.
  Time since last request: 4.027849 seconds.
  path: Assets/Assets/Levels/Level 2.prefab
  artifactKey: Guid(a232a5c7df4c2a649acfa58f78141415) Importer(815301076,1909f56bfc062723c751e8b465ee728b)
Start importing Assets/Assets/Levels/Level 2.prefab using Guid(a232a5c7df4c2a649acfa58f78141415) Importer(815301076,1909f56bfc062723c751e8b465ee728b)  -> (artifact id: '68f03e0308909b6054aee8b0fc75fa96') in 0.008693 seconds
  Import took 0.013549 seconds .

========================================================================
Received Import Request.
  Time since last request: 3.423558 seconds.
  path: Assets/Assets/Levels/Level 2.prefab
  artifactKey: Guid(a232a5c7df4c2a649acfa58f78141415) Importer(815301076,1909f56bfc062723c751e8b465ee728b)
Start importing Assets/Assets/Levels/Level 2.prefab using Guid(a232a5c7df4c2a649acfa58f78141415) Importer(815301076,1909f56bfc062723c751e8b465ee728b)  -> (artifact id: '49f7a960ed7f0a8248b7a17cc64862c4') in 0.008835 seconds
  Import took 0.014987 seconds .

========================================================================
Received Import Request.
  Time since last request: 2.614268 seconds.
  path: Assets/Assets/Levels/Level 2.prefab
  artifactKey: Guid(a232a5c7df4c2a649acfa58f78141415) Importer(815301076,1909f56bfc062723c751e8b465ee728b)
Start importing Assets/Assets/Levels/Level 2.prefab using Guid(a232a5c7df4c2a649acfa58f78141415) Importer(815301076,1909f56bfc062723c751e8b465ee728b)  -> (artifact id: '018a5226760e864aca53e9f577c36a66') in 0.008844 seconds
  Import took 0.014030 seconds .

========================================================================
Received Import Request.
  Time since last request: 2.191813 seconds.
  path: Assets/Assets/Levels/Level 2.prefab
  artifactKey: Guid(a232a5c7df4c2a649acfa58f78141415) Importer(815301076,1909f56bfc062723c751e8b465ee728b)
Start importing Assets/Assets/Levels/Level 2.prefab using Guid(a232a5c7df4c2a649acfa58f78141415) Importer(815301076,1909f56bfc062723c751e8b465ee728b)  -> (artifact id: '4008c5c34dff93831f690ef9e08d2b92') in 0.008199 seconds
  Import took 0.013009 seconds .

========================================================================
Received Import Request.
  Time since last request: 0.593407 seconds.
  path: Assets/Assets/Levels/Level 2.prefab
  artifactKey: Guid(a232a5c7df4c2a649acfa58f78141415) Importer(815301076,1909f56bfc062723c751e8b465ee728b)
Start importing Assets/Assets/Levels/Level 2.prefab using Guid(a232a5c7df4c2a649acfa58f78141415) Importer(815301076,1909f56bfc062723c751e8b465ee728b)  -> (artifact id: 'feca5f4360cd1ada72ffb402d528059d') in 0.009169 seconds
  Import took 0.014843 seconds .

========================================================================
Received Import Request.
  Time since last request: 2.403557 seconds.
  path: Assets/Assets/Levels/Level 2.prefab
  artifactKey: Guid(a232a5c7df4c2a649acfa58f78141415) Importer(815301076,1909f56bfc062723c751e8b465ee728b)
Start importing Assets/Assets/Levels/Level 2.prefab using Guid(a232a5c7df4c2a649acfa58f78141415) Importer(815301076,1909f56bfc062723c751e8b465ee728b)  -> (artifact id: '9c376af2199e30e6b182358bc9a0d018') in 0.009567 seconds
  Import took 0.015337 seconds .

========================================================================
Received Import Request.
  Time since last request: 2.615059 seconds.
  path: Assets/Assets/Levels/Level 2.prefab
  artifactKey: Guid(a232a5c7df4c2a649acfa58f78141415) Importer(815301076,1909f56bfc062723c751e8b465ee728b)
Start importing Assets/Assets/Levels/Level 2.prefab using Guid(a232a5c7df4c2a649acfa58f78141415) Importer(815301076,1909f56bfc062723c751e8b465ee728b)  -> (artifact id: '02e54b3f883900d28ed22f2f9e5b4ce0') in 0.008424 seconds
  Import took 0.013473 seconds .

========================================================================
Received Import Request.
  Time since last request: 0.790433 seconds.
  path: Assets/Assets/Levels/Level 2.prefab
  artifactKey: Guid(a232a5c7df4c2a649acfa58f78141415) Importer(815301076,1909f56bfc062723c751e8b465ee728b)
Start importing Assets/Assets/Levels/Level 2.prefab using Guid(a232a5c7df4c2a649acfa58f78141415) Importer(815301076,1909f56bfc062723c751e8b465ee728b)  -> (artifact id: '412ba9cf506691777c5cc2218598639d') in 0.009450 seconds
  Import took 0.014626 seconds .

========================================================================
Received Import Request.
  Time since last request: 5.241018 seconds.
  path: Assets/Assets/Levels/Level 2.prefab
  artifactKey: Guid(a232a5c7df4c2a649acfa58f78141415) Importer(815301076,1909f56bfc062723c751e8b465ee728b)
Start importing Assets/Assets/Levels/Level 2.prefab using Guid(a232a5c7df4c2a649acfa58f78141415) Importer(815301076,1909f56bfc062723c751e8b465ee728b)  -> (artifact id: 'ae2b3663e77e6778d3d35a5ec2b938c7') in 0.009234 seconds
  Import took 0.014461 seconds .

========================================================================
Received Import Request.
  Time since last request: 1.391986 seconds.
  path: Assets/Assets/Levels/Level 2.prefab
  artifactKey: Guid(a232a5c7df4c2a649acfa58f78141415) Importer(815301076,1909f56bfc062723c751e8b465ee728b)
Start importing Assets/Assets/Levels/Level 2.prefab using Guid(a232a5c7df4c2a649acfa58f78141415) Importer(815301076,1909f56bfc062723c751e8b465ee728b)  -> (artifact id: '4ed7c8e6bd4bdaa1956cf09c739c3059') in 0.008129 seconds
  Import took 0.012786 seconds .

========================================================================
Received Import Request.
  Time since last request: 3.606820 seconds.
  path: Assets/Assets/Levels/Level 2.prefab
  artifactKey: Guid(a232a5c7df4c2a649acfa58f78141415) Importer(815301076,1909f56bfc062723c751e8b465ee728b)
Start importing Assets/Assets/Levels/Level 2.prefab using Guid(a232a5c7df4c2a649acfa58f78141415) Importer(815301076,1909f56bfc062723c751e8b465ee728b)  -> (artifact id: '70b1545af8317d71c0c63405095ab61d') in 0.009208 seconds
  Import took 0.014282 seconds .

========================================================================
Received Import Request.
  Time since last request: 1.391937 seconds.
  path: Assets/Assets/Levels/Level 2.prefab
  artifactKey: Guid(a232a5c7df4c2a649acfa58f78141415) Importer(815301076,1909f56bfc062723c751e8b465ee728b)
Start importing Assets/Assets/Levels/Level 2.prefab using Guid(a232a5c7df4c2a649acfa58f78141415) Importer(815301076,1909f56bfc062723c751e8b465ee728b)  -> (artifact id: '13538fc6a99f6d9d716e63118d5445c7') in 0.009519 seconds
  Import took 0.015020 seconds .

========================================================================
Received Import Request.
  Time since last request: 0.992342 seconds.
  path: Assets/Assets/Levels/Level 2.prefab
  artifactKey: Guid(a232a5c7df4c2a649acfa58f78141415) Importer(815301076,1909f56bfc062723c751e8b465ee728b)
Start importing Assets/Assets/Levels/Level 2.prefab using Guid(a232a5c7df4c2a649acfa58f78141415) Importer(815301076,1909f56bfc062723c751e8b465ee728b)  -> (artifact id: '3be658a20c929d8a0238a23003c7bc77') in 0.010215 seconds
  Import took 0.015338 seconds .

========================================================================
Received Prepare
Reloading mono domain
Begin MonoManager ReloadAssembly
Registering precompiled unity dll's ...
Register platform support module: C:/Program Files/Unity/2020.2.0b2/Editor/Data/PlaybackEngines/WebGLSupport/UnityEditor.WebGL.Extensions.dll
Register platform support module: C:/Program Files/Unity/2020.2.0b2/Editor/Data/PlaybackEngines/WindowsStandaloneSupport/UnityEditor.WindowsStandalone.Extensions.dll
Registered in 0.002794 seconds.
Symbol file LoadedFromMemory doesn't match image C:\Users\josep\Documents\GitHub\SpaceRunner\SpaceRunner\Library\PackageCache\com.unity.ext.nunit@1.0.0\net35\unity-custom\nunit.framework.dll
Native extension for WindowsStandalone target not found
Native extension for WebGL target not found
Refreshing native plugins compatible for Editor in 52.34 ms, found 1 plugins.
Preloading 0 native plugins for Editor in 0.00 ms.
Invoked RoslynAnalysisRunner static constructor.
RoslynAnalysisRunner will not be running.
RoslynAnalysisRunner has terminated.
Mono: successfully reloaded assembly
- Completed reload, in  1.526 seconds
Registering precompiled user dll's ...
Registered in 0.103095 seconds.
Platform modules already initialized, skipping
Begin MonoManager ReloadAssembly
Symbol file LoadedFromMemory doesn't match image C:\Users\josep\Documents\GitHub\SpaceRunner\SpaceRunner\Library\PackageCache\com.unity.ext.nunit@1.0.0\net35\unity-custom\nunit.framework.dll
Native extension for WindowsStandalone target not found
Native extension for WebGL target not found
Refreshing native plugins compatible for Editor in 0.50 ms, found 1 plugins.
Preloading 0 native plugins for Editor in 0.00 ms.
Invoked RoslynAnalysisRunner static constructor.
RoslynAnalysisRunner will not be running.
RoslynAnalysisRunner has terminated.
Mono: successfully reloaded assembly
- Completed reload, in  1.519 seconds
Platform modules already initialized, skipping
Refreshing native plugins compatible for Editor in 0.56 ms, found 1 plugins.
Preloading 0 native plugins for Editor in 0.00 ms.
Unloading 13 Unused Serialized files (Serialized files now loaded: 0)
System memory in use before: 54.3 MB.
System memory in use after: 54.3 MB.

Unloading 12 unused Assets to reduce memory usage. Loaded Objects now: 2309.
Total: 3.225300 ms (FindLiveObjects: 0.502500 ms CreateObjectMapping: 0.072600 ms MarkObjects: 2.507000 ms  DeleteObjects: 0.141600 ms)

========================================================================
Received Import Request.
  Time since last request: 4944.996990 seconds.
  path: Assets/Assets/Levels/Level 2.prefab
  artifactKey: Guid(a232a5c7df4c2a649acfa58f78141415) Importer(815301076,1909f56bfc062723c751e8b465ee728b)
Start importing Assets/Assets/Levels/Level 2.prefab using Guid(a232a5c7df4c2a649acfa58f78141415) Importer(815301076,1909f56bfc062723c751e8b465ee728b)  -> (artifact id: '544f25e31726da84eb5c19f1b00f9af2') in 0.096350 seconds
  Import took 0.101792 seconds .

========================================================================
Received Import Request.
  Time since last request: 23.262797 seconds.
  path: Assets/Assets/Levels/Level 2.prefab
  artifactKey: Guid(a232a5c7df4c2a649acfa58f78141415) Importer(815301076,1909f56bfc062723c751e8b465ee728b)
Start importing Assets/Assets/Levels/Level 2.prefab using Guid(a232a5c7df4c2a649acfa58f78141415) Importer(815301076,1909f56bfc062723c751e8b465ee728b)  -> (artifact id: '4c7cac8c49f71967e084e428e3133ce0') in 0.025023 seconds
  Import took 0.029985 seconds .

========================================================================
Received Import Request.
  Time since last request: 6.398112 seconds.
  path: Assets/Assets/Levels/Level 2.prefab
  artifactKey: Guid(a232a5c7df4c2a649acfa58f78141415) Importer(815301076,1909f56bfc062723c751e8b465ee728b)
Start importing Assets/Assets/Levels/Level 2.prefab using Guid(a232a5c7df4c2a649acfa58f78141415) Importer(815301076,1909f56bfc062723c751e8b465ee728b)  -> (artifact id: 'bc8ac76bf48e996bffcf8f77b29c0566') in 0.019752 seconds
  Import took 0.024740 seconds .

========================================================================
Received Import Request.
  Time since last request: 5.216248 seconds.
  path: Assets/Assets/Levels/Level 2.prefab
  artifactKey: Guid(a232a5c7df4c2a649acfa58f78141415) Importer(815301076,1909f56bfc062723c751e8b465ee728b)
Start importing Assets/Assets/Levels/Level 2.prefab using Guid(a232a5c7df4c2a649acfa58f78141415) Importer(815301076,1909f56bfc062723c751e8b465ee728b)  -> (artifact id: '7be9f74eef9957bb0b2922cc42fd109b') in 0.017496 seconds
  Import took 0.022407 seconds .

========================================================================
Received Import Request.
  Time since last request: 7.036147 seconds.
  path: Assets/Assets/Levels/Level 2.prefab
  artifactKey: Guid(a232a5c7df4c2a649acfa58f78141415) Importer(815301076,1909f56bfc062723c751e8b465ee728b)
Start importing Assets/Assets/Levels/Level 2.prefab using Guid(a232a5c7df4c2a649acfa58f78141415) Importer(815301076,1909f56bfc062723c751e8b465ee728b)  -> (artifact id: 'bc7190d45a52df3102c7617060e22afb') in 0.018980 seconds
  Import took 0.024025 seconds .

========================================================================
Received Import Request.
  Time since last request: 4.015261 seconds.
  path: Assets/Assets/Levels/Level 2.prefab
  artifactKey: Guid(a232a5c7df4c2a649acfa58f78141415) Importer(815301076,1909f56bfc062723c751e8b465ee728b)
Start importing Assets/Assets/Levels/Level 2.prefab using Guid(a232a5c7df4c2a649acfa58f78141415) Importer(815301076,1909f56bfc062723c751e8b465ee728b)  -> (artifact id: 'c3889e58a0b1c728158448fc0fd9b1be') in 0.018833 seconds
  Import took 0.024224 seconds .

========================================================================
Received Import Request.
  Time since last request: 2.753115 seconds.
  path: Assets/Assets/Levels/Level 2.prefab
  artifactKey: Guid(a232a5c7df4c2a649acfa58f78141415) Importer(815301076,1909f56bfc062723c751e8b465ee728b)
Start importing Assets/Assets/Levels/Level 2.prefab using Guid(a232a5c7df4c2a649acfa58f78141415) Importer(815301076,1909f56bfc062723c751e8b465ee728b)  -> (artifact id: '7a393d60e3024705974169721916b3b1') in 0.019297 seconds
  Import took 0.025438 seconds .

========================================================================
Received Import Request.
  Time since last request: 6.946331 seconds.
  path: Assets/Assets/Levels/Level 2.prefab
  artifactKey: Guid(a232a5c7df4c2a649acfa58f78141415) Importer(815301076,1909f56bfc062723c751e8b465ee728b)
Start importing Assets/Assets/Levels/Level 2.prefab using Guid(a232a5c7df4c2a649acfa58f78141415) Importer(815301076,1909f56bfc062723c751e8b465ee728b)  -> (artifact id: 'ce2b3d6b42b4d11187fa2b09a3f8c404') in 0.017891 seconds
  Import took 0.023380 seconds .

========================================================================
Received Import Request.
  Time since last request: 1.383950 seconds.
  path: Assets/Assets/Levels/Level 2.prefab
  artifactKey: Guid(a232a5c7df4c2a649acfa58f78141415) Importer(815301076,1909f56bfc062723c751e8b465ee728b)
Start importing Assets/Assets/Levels/Level 2.prefab using Guid(a232a5c7df4c2a649acfa58f78141415) Importer(815301076,1909f56bfc062723c751e8b465ee728b)  -> (artifact id: '36c71883cc777a5b9cd5b0c8318b75ab') in 0.018964 seconds
  Import took 0.023991 seconds .

========================================================================
Received Import Request.
  Time since last request: 7.230561 seconds.
  path: Assets/Assets/Levels/Level 2.prefab
  artifactKey: Guid(a232a5c7df4c2a649acfa58f78141415) Importer(815301076,1909f56bfc062723c751e8b465ee728b)
Start importing Assets/Assets/Levels/Level 2.prefab using Guid(a232a5c7df4c2a649acfa58f78141415) Importer(815301076,1909f56bfc062723c751e8b465ee728b)  -> (artifact id: '9978b01d8aeec7a50edf854f4b14b557') in 0.020587 seconds
  Import took 0.025840 seconds .

AssetImportWorkerClient::OnTransportError - code=2 error=End of file
