Using pre-set license
Built from 'trunk' branch; Version is '2020.2.0b2 (90b2443a8df1) revision 9482820'; Using compiler version '192528614'; Build Type 'Release'
OS: 'Windows 10  (10.0.0) 64bit' Language: 'en' Physical Memory: 8142 MB
BatchMode: 1, IsHumanControllingUs: 0, StartBugReporterOnCrash: 0, Is64bit: 1, IsPro: 0

 COMMAND LINE ARGUMENTS:
C:\Program Files\Unity\2020.2.0b2\Editor\Unity.exe
-adb2
-batchMode
-noUpm
-name
AssetImportWorker0
-projectPath
C:/Users/josep/Documents/GitHub/SpaceRunnerGit/SpaceRunner
-logFile
Logs/AssetImportWorker0.log
-srvPort
60903
Successfully changed project path to: C:/Users/josep/Documents/GitHub/SpaceRunnerGit/SpaceRunner
C:/Users/josep/Documents/GitHub/SpaceRunnerGit/SpaceRunner
Using Asset Import Pipeline V2.
Refreshing native plugins compatible for Editor in 62.11 ms, found 0 plugins.
Preloading 0 native plugins for Editor in 0.00 ms.
Initialize engine version: 2020.2.0b2 (90b2443a8df1)
[Subsystems] Discovering subsystems at path C:/Program Files/Unity/2020.2.0b2/Editor/Data/Resources/UnitySubsystems
[Subsystems] Discovering subsystems at path C:/Users/josep/Documents/GitHub/SpaceRunnerGit/SpaceRunner/Assets
GfxDevice: creating device client; threaded=0
Direct3D:
    Version:  Direct3D 11.0 [level 11.1]
    Renderer: NVIDIA GeForce GTX 1050 (ID=0x1c81)
    Vendor:   
    VRAM:     1977 MB
    Driver:   27.21.14.5638
Initialize mono
Mono path[0] = 'C:/Program Files/Unity/2020.2.0b2/Editor/Data/Managed'
Mono path[1] = 'C:/Program Files/Unity/2020.2.0b2/Editor/Data/MonoBleedingEdge/lib/mono/unityjit'
Mono config path = 'C:/Program Files/Unity/2020.2.0b2/Editor/Data/MonoBleedingEdge/etc'
Using monoOptions --debugger-agent=transport=dt_socket,embedding=1,server=y,suspend=n,address=127.0.0.1:56592
Begin MonoManager ReloadAssembly
Registering precompiled unity dll's ...
Register platform support module: C:/Program Files/Unity/2020.2.0b2/Editor/Data/PlaybackEngines/WebGLSupport/UnityEditor.WebGL.Extensions.dll
Register platform support module: C:/Program Files/Unity/2020.2.0b2/Editor/Data/PlaybackEngines/WindowsStandaloneSupport/UnityEditor.WindowsStandalone.Extensions.dll
Registered in 0.003429 seconds.
Native extension for WindowsStandalone target not found
Native extension for WebGL target not found
Refreshing native plugins compatible for Editor in 48.84 ms, found 0 plugins.
Preloading 0 native plugins for Editor in 0.00 ms.
Invoked RoslynAnalysisRunner static constructor.
RoslynAnalysisRunner will not be running.
RoslynAnalysisRunner has terminated.
Mono: successfully reloaded assembly
- Completed reload, in  1.631 seconds
Registering precompiled user dll's ...
Registered in 0.103030 seconds.
Platform modules already initialized, skipping
Begin MonoManager ReloadAssembly
Symbol file LoadedFromMemory doesn't match image C:\Users\josep\Documents\GitHub\SpaceRunnerGit\SpaceRunner\Library\PackageCache\com.unity.ext.nunit@1.0.0\net35\unity-custom\nunit.framework.dll
Native extension for WindowsStandalone target not found
Native extension for WebGL target not found
Refreshing native plugins compatible for Editor in 0.61 ms, found 0 plugins.
Preloading 0 native plugins for Editor in 0.00 ms.
Invoked RoslynAnalysisRunner static constructor.
RoslynAnalysisRunner will not be running.
RoslynAnalysisRunner has terminated.
Mono: successfully reloaded assembly
- Completed reload, in  1.291 seconds
Platform modules already initialized, skipping
========================================================================
Worker process is ready to serve import requests
Launched and connected shader compiler UnityShaderCompiler.exe after 0.15 seconds
Refreshing native plugins compatible for Editor in 0.75 ms, found 0 plugins.
Preloading 0 native plugins for Editor in 0.00 ms.
Unloading 1387 Unused Serialized files (Serialized files now loaded: 0)
System memory in use before: 65.4 MB.
System memory in use after: 65.5 MB.

Unloading 24 unused Assets to reduce memory usage. Loaded Objects now: 1816.
Total: 3.743600 ms (FindLiveObjects: 0.543800 ms CreateObjectMapping: 0.107000 ms MarkObjects: 2.994600 ms  DeleteObjects: 0.095900 ms)

========================================================================
Received Import Request.
  path: Assets/TexSheet2.png
  artifactKey: Guid(ed12095f614cfe04bbb926e209a6b112) Importer(815301076,1909f56bfc062723c751e8b465ee728b)
Start importing Assets/TexSheet2.png using Guid(ed12095f614cfe04bbb926e209a6b112) Importer(815301076,1909f56bfc062723c751e8b465ee728b)  -> (artifact id: '8d7796d0b670cb2036427f12ea10075d') in 0.389718 seconds
  Import took 0.396111 seconds .

========================================================================
Received Import Request.
  Time since last request: 0.000330 seconds.
  path: Assets/TexSheet2.png.kra
  artifactKey: Guid(850ad88b452582845a6a6ed4ba0a217f) Importer(815301076,1909f56bfc062723c751e8b465ee728b)
Start importing Assets/TexSheet2.png.kra using Guid(850ad88b452582845a6a6ed4ba0a217f) Importer(815301076,1909f56bfc062723c751e8b465ee728b)  -> (artifact id: 'cb6ed84648ea25cdfb21c8e522ba5aec') in 0.014527 seconds
  Import took 0.019690 seconds .

========================================================================
Received Import Request.
  Time since last request: 43.117968 seconds.
  path: Assets/TexSheet2.png
  artifactKey: Guid(ed12095f614cfe04bbb926e209a6b112) Importer(815301076,1909f56bfc062723c751e8b465ee728b)
Start importing Assets/TexSheet2.png using Guid(ed12095f614cfe04bbb926e209a6b112) Importer(815301076,1909f56bfc062723c751e8b465ee728b)  -> (artifact id: '5b39e5fd61c76092924b476e71de0e66') in 0.124552 seconds
  Import took 0.129288 seconds .

========================================================================
Received Import Request.
  Time since last request: 22.520795 seconds.
  path: Assets/TexSheet2.png
  artifactKey: Guid(ed12095f614cfe04bbb926e209a6b112) Importer(815301076,1909f56bfc062723c751e8b465ee728b)
Start importing Assets/TexSheet2.png using Guid(ed12095f614cfe04bbb926e209a6b112) Importer(815301076,1909f56bfc062723c751e8b465ee728b)  -> (artifact id: 'dcf08ed0b114a4ce3809567da7fbaaf2') in 0.127696 seconds
  Import took 0.132034 seconds .

========================================================================
Received Import Request.
  Time since last request: 26.371176 seconds.
  path: Assets/Parts/Shooter.prefab
  artifactKey: Guid(4b6e84df1b81694409d8180a94676488) Importer(815301076,1909f56bfc062723c751e8b465ee728b)
Start importing Assets/Parts/Shooter.prefab using Guid(4b6e84df1b81694409d8180a94676488) Importer(815301076,1909f56bfc062723c751e8b465ee728b)  -> (artifact id: 'bcf2999542caa6765256b7653ed98d0e') in 0.068176 seconds
  Import took 0.073000 seconds .

========================================================================
Received Import Request.
  Time since last request: 0.013809 seconds.
  path: Assets/Parts/Shooter.prefab
  artifactKey: Guid(4b6e84df1b81694409d8180a94676488) Importer(815301076,1909f56bfc062723c751e8b465ee728b)
Start importing Assets/Parts/Shooter.prefab using Guid(4b6e84df1b81694409d8180a94676488) Importer(815301076,1909f56bfc062723c751e8b465ee728b)  -> (artifact id: 'bcf2999542caa6765256b7653ed98d0e') in 0.024374 seconds
  Import took 0.029747 seconds .

========================================================================
Received Import Request.
  Time since last request: 4.277977 seconds.
  path: Assets/Parts/Shooter.prefab
  artifactKey: Guid(4b6e84df1b81694409d8180a94676488) Importer(815301076,1909f56bfc062723c751e8b465ee728b)
Start importing Assets/Parts/Shooter.prefab using Guid(4b6e84df1b81694409d8180a94676488) Importer(815301076,1909f56bfc062723c751e8b465ee728b)  -> (artifact id: 'd3166b9ab186044744ca90dddd273c80') in 0.025391 seconds
  Import took 0.031277 seconds .

========================================================================
Received Prepare
Reloading mono domain
Begin MonoManager ReloadAssembly
Registering precompiled unity dll's ...
Register platform support module: C:/Program Files/Unity/2020.2.0b2/Editor/Data/PlaybackEngines/WebGLSupport/UnityEditor.WebGL.Extensions.dll
Register platform support module: C:/Program Files/Unity/2020.2.0b2/Editor/Data/PlaybackEngines/WindowsStandaloneSupport/UnityEditor.WindowsStandalone.Extensions.dll
Registered in 0.002961 seconds.
Symbol file LoadedFromMemory doesn't match image C:\Users\josep\Documents\GitHub\SpaceRunnerGit\SpaceRunner\Library\PackageCache\com.unity.ext.nunit@1.0.0\net35\unity-custom\nunit.framework.dll
Native extension for WindowsStandalone target not found
Native extension for WebGL target not found
Refreshing native plugins compatible for Editor in 55.26 ms, found 0 plugins.
Preloading 0 native plugins for Editor in 0.00 ms.
Invoked RoslynAnalysisRunner static constructor.
RoslynAnalysisRunner will not be running.
RoslynAnalysisRunner has terminated.
Mono: successfully reloaded assembly
- Completed reload, in  1.229 seconds
Registering precompiled user dll's ...
Registered in 0.089875 seconds.
Platform modules already initialized, skipping
Begin MonoManager ReloadAssembly
Symbol file LoadedFromMemory doesn't match image C:\Users\josep\Documents\GitHub\SpaceRunnerGit\SpaceRunner\Library\PackageCache\com.unity.ext.nunit@1.0.0\net35\unity-custom\nunit.framework.dll
Native extension for WindowsStandalone target not found
Native extension for WebGL target not found
Refreshing native plugins compatible for Editor in 0.59 ms, found 0 plugins.
Preloading 0 native plugins for Editor in 0.00 ms.
Invoked RoslynAnalysisRunner static constructor.
RoslynAnalysisRunner will not be running.
RoslynAnalysisRunner has terminated.
Mono: successfully reloaded assembly
- Completed reload, in  1.257 seconds
Platform modules already initialized, skipping
Refreshing native plugins compatible for Editor in 0.74 ms, found 0 plugins.
Preloading 0 native plugins for Editor in 0.00 ms.
Unloading 25 Unused Serialized files (Serialized files now loaded: 0)
System memory in use before: 41.9 MB.
System memory in use after: 42.0 MB.

Unloading 24 unused Assets to reduce memory usage. Loaded Objects now: 1893.
Total: 3.790700 ms (FindLiveObjects: 0.598700 ms CreateObjectMapping: 0.074300 ms MarkObjects: 3.084700 ms  DeleteObjects: 0.031100 ms)

========================================================================
Received Import Request.
  Time since last request: 459.324746 seconds.
  path: Assets/Parts/Shooter.prefab
  artifactKey: Guid(4b6e84df1b81694409d8180a94676488) Importer(815301076,1909f56bfc062723c751e8b465ee728b)
Start importing Assets/Parts/Shooter.prefab using Guid(4b6e84df1b81694409d8180a94676488) Importer(815301076,1909f56bfc062723c751e8b465ee728b)  -> (artifact id: '141c28536881006aaaf76d34e7027f89') in 0.133117 seconds
  Import took 0.139762 seconds .

========================================================================
Received Prepare
Reloading mono domain
Begin MonoManager ReloadAssembly
Registering precompiled unity dll's ...
Register platform support module: C:/Program Files/Unity/2020.2.0b2/Editor/Data/PlaybackEngines/WebGLSupport/UnityEditor.WebGL.Extensions.dll
Register platform support module: C:/Program Files/Unity/2020.2.0b2/Editor/Data/PlaybackEngines/WindowsStandaloneSupport/UnityEditor.WindowsStandalone.Extensions.dll
Registered in 0.002931 seconds.
Symbol file LoadedFromMemory doesn't match image C:\Users\josep\Documents\GitHub\SpaceRunnerGit\SpaceRunner\Library\PackageCache\com.unity.ext.nunit@1.0.0\net35\unity-custom\nunit.framework.dll
Native extension for WindowsStandalone target not found
Native extension for WebGL target not found
Refreshing native plugins compatible for Editor in 58.09 ms, found 0 plugins.
Preloading 0 native plugins for Editor in 0.00 ms.
Invoked RoslynAnalysisRunner static constructor.
RoslynAnalysisRunner will not be running.
RoslynAnalysisRunner has terminated.
Mono: successfully reloaded assembly
- Completed reload, in  1.233 seconds
Registering precompiled user dll's ...
Registered in 0.089361 seconds.
Platform modules already initialized, skipping
Begin MonoManager ReloadAssembly
Symbol file LoadedFromMemory doesn't match image C:\Users\josep\Documents\GitHub\SpaceRunnerGit\SpaceRunner\Library\PackageCache\com.unity.ext.nunit@1.0.0\net35\unity-custom\nunit.framework.dll
Native extension for WindowsStandalone target not found
Native extension for WebGL target not found
Refreshing native plugins compatible for Editor in 0.54 ms, found 0 plugins.
Preloading 0 native plugins for Editor in 0.00 ms.
Invoked RoslynAnalysisRunner static constructor.
RoslynAnalysisRunner will not be running.
RoslynAnalysisRunner has terminated.
Mono: successfully reloaded assembly
- Completed reload, in  1.123 seconds
Platform modules already initialized, skipping
Refreshing native plugins compatible for Editor in 0.50 ms, found 0 plugins.
Preloading 0 native plugins for Editor in 0.00 ms.
Unloading 25 Unused Serialized files (Serialized files now loaded: 0)
System memory in use before: 42.0 MB.
System memory in use after: 42.1 MB.

Unloading 24 unused Assets to reduce memory usage. Loaded Objects now: 1898.
Total: 2.305000 ms (FindLiveObjects: 0.444800 ms CreateObjectMapping: 0.047900 ms MarkObjects: 1.786300 ms  DeleteObjects: 0.024300 ms)

========================================================================
Received Import Request.
  Time since last request: 40.294950 seconds.
  path: Assets/Parts/Shooter.prefab
  artifactKey: Guid(4b6e84df1b81694409d8180a94676488) Importer(815301076,1909f56bfc062723c751e8b465ee728b)
Start importing Assets/Parts/Shooter.prefab using Guid(4b6e84df1b81694409d8180a94676488) Importer(815301076,1909f56bfc062723c751e8b465ee728b)  -> (artifact id: 'a8d2f83fa34b4981e721a9314705d442') in 0.082747 seconds
  Import took 0.089308 seconds .

========================================================================
Received Import Request.
  Time since last request: 4.889874 seconds.
  path: Assets/Parts/Shooter.prefab
  artifactKey: Guid(4b6e84df1b81694409d8180a94676488) Importer(815301076,1909f56bfc062723c751e8b465ee728b)
Start importing Assets/Parts/Shooter.prefab using Guid(4b6e84df1b81694409d8180a94676488) Importer(815301076,1909f56bfc062723c751e8b465ee728b)  -> (artifact id: 'a2b0dc710514a287d243b6d019423ab8') in 0.026308 seconds
  Import took 0.031247 seconds .

========================================================================
Received Import Request.
  Time since last request: 7.812511 seconds.
  path: Assets/Parts/Shooter.prefab
  artifactKey: Guid(4b6e84df1b81694409d8180a94676488) Importer(815301076,1909f56bfc062723c751e8b465ee728b)
Start importing Assets/Parts/Shooter.prefab using Guid(4b6e84df1b81694409d8180a94676488) Importer(815301076,1909f56bfc062723c751e8b465ee728b)  -> (artifact id: '1b1a288a95cf1f4aa57a86d7ab27e828') in 0.021657 seconds
  Import took 0.026150 seconds .

========================================================================
Received Import Request.
  Time since last request: 239.329411 seconds.
  path: Assets/Parts/Levels/B Easy.prefab
  artifactKey: Guid(d8764706dfe3164439801571f3ad8afe) Importer(815301076,1909f56bfc062723c751e8b465ee728b)
Start importing Assets/Parts/Levels/B Easy.prefab using Guid(d8764706dfe3164439801571f3ad8afe) Importer(815301076,1909f56bfc062723c751e8b465ee728b)  -> (artifact id: '2c8b4564ea9bb6f69dd0ad22da5b2e55') in 0.044084 seconds
  Import took 0.049640 seconds .

========================================================================
Received Import Request.
  Time since last request: 0.000262 seconds.
  path: Assets/Parts/Levels/B Medium.prefab
  artifactKey: Guid(4da01926c81e4fe449727753a918ca57) Importer(815301076,1909f56bfc062723c751e8b465ee728b)
Start importing Assets/Parts/Levels/B Medium.prefab using Guid(4da01926c81e4fe449727753a918ca57) Importer(815301076,1909f56bfc062723c751e8b465ee728b)  -> (artifact id: '707907f620f19e876799b542a9b4760e') in 0.035987 seconds
  Import took 0.040991 seconds .

========================================================================
Received Import Request.
  Time since last request: 0.000315 seconds.
  path: Assets/Parts/Levels/S Easy.prefab
  artifactKey: Guid(2394ce59069022945833989d5bf78d1a) Importer(815301076,1909f56bfc062723c751e8b465ee728b)
Start importing Assets/Parts/Levels/S Easy.prefab using Guid(2394ce59069022945833989d5bf78d1a) Importer(815301076,1909f56bfc062723c751e8b465ee728b)  -> (artifact id: 'ba1bee2d3c51f7570a09ffd2730ea73f') in 0.041469 seconds
  Import took 0.046719 seconds .

========================================================================
Received Import Request.
  Time since last request: 0.000302 seconds.
  path: Assets/Parts/Levels/S Medium.prefab
  artifactKey: Guid(0aeb4911b921e4647bb199c414db6ed7) Importer(815301076,1909f56bfc062723c751e8b465ee728b)
Start importing Assets/Parts/Levels/S Medium.prefab using Guid(0aeb4911b921e4647bb199c414db6ed7) Importer(815301076,1909f56bfc062723c751e8b465ee728b)  -> (artifact id: '28d4b53121e37164e9a0536a4be57bf1') in 0.037935 seconds
  Import took 0.042742 seconds .

========================================================================
Received Import Request.
  Time since last request: 0.000391 seconds.
  path: Assets/Parts/Levels/B Easy.prefab
  artifactKey: Guid(d8764706dfe3164439801571f3ad8afe) Importer(815301076,1909f56bfc062723c751e8b465ee728b)
Start importing Assets/Parts/Levels/B Easy.prefab using Guid(d8764706dfe3164439801571f3ad8afe) Importer(815301076,1909f56bfc062723c751e8b465ee728b)  -> (artifact id: '2c8b4564ea9bb6f69dd0ad22da5b2e55') in 0.026367 seconds
  Import took 0.031430 seconds .

========================================================================
Received Import Request.
  Time since last request: 0.000274 seconds.
  path: Assets/Parts/Levels/B Hard 1.prefab
  artifactKey: Guid(4069138b1df0b414286c45aa08c1d70a) Importer(815301076,1909f56bfc062723c751e8b465ee728b)
Start importing Assets/Parts/Levels/B Hard 1.prefab using Guid(4069138b1df0b414286c45aa08c1d70a) Importer(815301076,1909f56bfc062723c751e8b465ee728b)  -> (artifact id: 'b1630ce9b231c518976d08981c4eb293') in 0.043092 seconds
  Import took 0.049310 seconds .

========================================================================
Received Import Request.
  Time since last request: 0.000319 seconds.
  path: Assets/Parts/Levels/S Hard.prefab
  artifactKey: Guid(c4a55a5cccd68e14dabc64fff6681fe9) Importer(815301076,1909f56bfc062723c751e8b465ee728b)
Start importing Assets/Parts/Levels/S Hard.prefab using Guid(c4a55a5cccd68e14dabc64fff6681fe9) Importer(815301076,1909f56bfc062723c751e8b465ee728b)  -> (artifact id: 'd33f11b55649344d05d065e60c9c2862') in 0.046165 seconds
  Import took 0.055893 seconds .

========================================================================
Received Import Request.
  Time since last request: 0.001893 seconds.
  path: Assets/Parts/Levels/S Hard.prefab
  artifactKey: Guid(c4a55a5cccd68e14dabc64fff6681fe9) Importer(815301076,1909f56bfc062723c751e8b465ee728b)
Start importing Assets/Parts/Levels/S Hard.prefab using Guid(c4a55a5cccd68e14dabc64fff6681fe9) Importer(815301076,1909f56bfc062723c751e8b465ee728b)  -> (artifact id: 'd33f11b55649344d05d065e60c9c2862') in 0.030772 seconds
  Import took 0.036207 seconds .

========================================================================
Received Prepare
Reloading mono domain
Begin MonoManager ReloadAssembly
Registering precompiled unity dll's ...
Register platform support module: C:/Program Files/Unity/2020.2.0b2/Editor/Data/PlaybackEngines/WebGLSupport/UnityEditor.WebGL.Extensions.dll
Register platform support module: C:/Program Files/Unity/2020.2.0b2/Editor/Data/PlaybackEngines/WindowsStandaloneSupport/UnityEditor.WindowsStandalone.Extensions.dll
Registered in 0.002936 seconds.
Symbol file LoadedFromMemory doesn't match image C:\Users\josep\Documents\GitHub\SpaceRunnerGit\SpaceRunner\Library\PackageCache\com.unity.ext.nunit@1.0.0\net35\unity-custom\nunit.framework.dll
Native extension for WindowsStandalone target not found
Native extension for WebGL target not found
Refreshing native plugins compatible for Editor in 60.93 ms, found 0 plugins.
Preloading 0 native plugins for Editor in 0.00 ms.
Invoked RoslynAnalysisRunner static constructor.
RoslynAnalysisRunner will not be running.
RoslynAnalysisRunner has terminated.
Mono: successfully reloaded assembly
- Completed reload, in  1.298 seconds
Registering precompiled user dll's ...
Registered in 0.092425 seconds.
Platform modules already initialized, skipping
Begin MonoManager ReloadAssembly
Symbol file LoadedFromMemory doesn't match image C:\Users\josep\Documents\GitHub\SpaceRunnerGit\SpaceRunner\Library\PackageCache\com.unity.ext.nunit@1.0.0\net35\unity-custom\nunit.framework.dll
Native extension for WindowsStandalone target not found
Native extension for WebGL target not found
Refreshing native plugins compatible for Editor in 0.60 ms, found 0 plugins.
Preloading 0 native plugins for Editor in 0.00 ms.
Invoked RoslynAnalysisRunner static constructor.
RoslynAnalysisRunner will not be running.
RoslynAnalysisRunner has terminated.
Mono: successfully reloaded assembly
- Completed reload, in  1.277 seconds
Platform modules already initialized, skipping
Refreshing native plugins compatible for Editor in 0.53 ms, found 0 plugins.
Preloading 0 native plugins for Editor in 0.00 ms.
Unloading 25 Unused Serialized files (Serialized files now loaded: 0)
System memory in use before: 42.2 MB.
System memory in use after: 42.3 MB.

Unloading 24 unused Assets to reduce memory usage. Loaded Objects now: 1903.
Total: 3.036900 ms (FindLiveObjects: 0.622100 ms CreateObjectMapping: 0.096800 ms MarkObjects: 2.291800 ms  DeleteObjects: 0.024500 ms)

========================================================================
Received Import Request.
  Time since last request: 16.304050 seconds.
  path: Assets/Parts/Levels/B Medium.prefab
  artifactKey: Guid(4da01926c81e4fe449727753a918ca57) Importer(815301076,1909f56bfc062723c751e8b465ee728b)
Start importing Assets/Parts/Levels/B Medium.prefab using Guid(4da01926c81e4fe449727753a918ca57) Importer(815301076,1909f56bfc062723c751e8b465ee728b)  -> (artifact id: 'd75b55a235d39703ca4861e6919300f9') in 0.096173 seconds
  Import took 0.101143 seconds .

========================================================================
Received Import Request.
  Time since last request: 1.306554 seconds.
  path: Assets/Parts/Levels/B Medium.prefab
  artifactKey: Guid(4da01926c81e4fe449727753a918ca57) Importer(815301076,1909f56bfc062723c751e8b465ee728b)
Start importing Assets/Parts/Levels/B Medium.prefab using Guid(4da01926c81e4fe449727753a918ca57) Importer(815301076,1909f56bfc062723c751e8b465ee728b)  -> (artifact id: '3b9c5b6b93b83948b847defbf6a20741') in 0.029966 seconds
  Import took 0.034628 seconds .

========================================================================
Received Import Request.
  Time since last request: 6.182787 seconds.
  path: Assets/Parts/Levels/B Medium.prefab
  artifactKey: Guid(4da01926c81e4fe449727753a918ca57) Importer(815301076,1909f56bfc062723c751e8b465ee728b)
Start importing Assets/Parts/Levels/B Medium.prefab using Guid(4da01926c81e4fe449727753a918ca57) Importer(815301076,1909f56bfc062723c751e8b465ee728b)  -> (artifact id: '4fc61fabfee754e6def2fd3552036244') in 0.028561 seconds
  Import took 0.033696 seconds .

========================================================================
Received Import Request.
  Time since last request: 4.979698 seconds.
  path: Assets/Parts/Levels/B Medium.prefab
  artifactKey: Guid(4da01926c81e4fe449727753a918ca57) Importer(815301076,1909f56bfc062723c751e8b465ee728b)
Start importing Assets/Parts/Levels/B Medium.prefab using Guid(4da01926c81e4fe449727753a918ca57) Importer(815301076,1909f56bfc062723c751e8b465ee728b)  -> (artifact id: 'a9a82554783f06e99319970e0ebcc44b') in 0.025692 seconds
  Import took 0.030106 seconds .

========================================================================
Received Import Request.
  Time since last request: 1.174516 seconds.
  path: Assets/Parts/Levels/B Medium.prefab
  artifactKey: Guid(4da01926c81e4fe449727753a918ca57) Importer(815301076,1909f56bfc062723c751e8b465ee728b)
Start importing Assets/Parts/Levels/B Medium.prefab using Guid(4da01926c81e4fe449727753a918ca57) Importer(815301076,1909f56bfc062723c751e8b465ee728b)  -> (artifact id: '0d043c25e3dad6824adcb9e1e6982665') in 0.027709 seconds
  Import took 0.032077 seconds .

========================================================================
Received Import Request.
  Time since last request: 0.569841 seconds.
  path: Assets/Parts/Levels/B Medium.prefab
  artifactKey: Guid(4da01926c81e4fe449727753a918ca57) Importer(815301076,1909f56bfc062723c751e8b465ee728b)
Start importing Assets/Parts/Levels/B Medium.prefab using Guid(4da01926c81e4fe449727753a918ca57) Importer(815301076,1909f56bfc062723c751e8b465ee728b)  -> (artifact id: '04845eb1ab11c33df652ae51ffbc358f') in 0.027370 seconds
  Import took 0.032132 seconds .

========================================================================
Received Import Request.
  Time since last request: 0.768101 seconds.
  path: Assets/Parts/Levels/B Medium.prefab
  artifactKey: Guid(4da01926c81e4fe449727753a918ca57) Importer(815301076,1909f56bfc062723c751e8b465ee728b)
Start importing Assets/Parts/Levels/B Medium.prefab using Guid(4da01926c81e4fe449727753a918ca57) Importer(815301076,1909f56bfc062723c751e8b465ee728b)  -> (artifact id: '1f04b9a30fb7bb90a2e58583195ca66d') in 0.024266 seconds
  Import took 0.028827 seconds .

========================================================================
Received Import Request.
  Time since last request: 2.373317 seconds.
  path: Assets/Parts/Levels/B Medium.prefab
  artifactKey: Guid(4da01926c81e4fe449727753a918ca57) Importer(815301076,1909f56bfc062723c751e8b465ee728b)
Start importing Assets/Parts/Levels/B Medium.prefab using Guid(4da01926c81e4fe449727753a918ca57) Importer(815301076,1909f56bfc062723c751e8b465ee728b)  -> (artifact id: 'c50001bcc75befaedf6956289ef07ba5') in 0.025356 seconds
  Import took 0.029919 seconds .

========================================================================
Received Import Request.
  Time since last request: 0.777756 seconds.
  path: Assets/Parts/Levels/B Medium.prefab
  artifactKey: Guid(4da01926c81e4fe449727753a918ca57) Importer(815301076,1909f56bfc062723c751e8b465ee728b)
Start importing Assets/Parts/Levels/B Medium.prefab using Guid(4da01926c81e4fe449727753a918ca57) Importer(815301076,1909f56bfc062723c751e8b465ee728b)  -> (artifact id: '2c03ed84d91577defc9737e9bcc8f790') in 0.026629 seconds
  Import took 0.031624 seconds .

========================================================================
Received Import Request.
  Time since last request: 4.179002 seconds.
  path: Assets/Parts/Levels/B Medium.prefab
  artifactKey: Guid(4da01926c81e4fe449727753a918ca57) Importer(815301076,1909f56bfc062723c751e8b465ee728b)
Start importing Assets/Parts/Levels/B Medium.prefab using Guid(4da01926c81e4fe449727753a918ca57) Importer(815301076,1909f56bfc062723c751e8b465ee728b)  -> (artifact id: 'fcf55a3412b4dcc0e1cf03713f57fb72') in 0.024658 seconds
  Import took 0.029430 seconds .

========================================================================
Received Import Request.
  Time since last request: 1.584095 seconds.
  path: Assets/Parts/Levels/B Medium.prefab
  artifactKey: Guid(4da01926c81e4fe449727753a918ca57) Importer(815301076,1909f56bfc062723c751e8b465ee728b)
Start importing Assets/Parts/Levels/B Medium.prefab using Guid(4da01926c81e4fe449727753a918ca57) Importer(815301076,1909f56bfc062723c751e8b465ee728b)  -> (artifact id: '9e5f5770edac3c17644c97fb5ed9617c') in 0.023319 seconds
  Import took 0.027808 seconds .

========================================================================
Received Import Request.
  Time since last request: 0.775189 seconds.
  path: Assets/Parts/Levels/B Medium.prefab
  artifactKey: Guid(4da01926c81e4fe449727753a918ca57) Importer(815301076,1909f56bfc062723c751e8b465ee728b)
Start importing Assets/Parts/Levels/B Medium.prefab using Guid(4da01926c81e4fe449727753a918ca57) Importer(815301076,1909f56bfc062723c751e8b465ee728b)  -> (artifact id: '63279a007edded10824bb05633ac405d') in 0.024737 seconds
  Import took 0.029542 seconds .

========================================================================
Received Import Request.
  Time since last request: 8.395242 seconds.
  path: Assets/Parts/Levels/B Medium.prefab
  artifactKey: Guid(4da01926c81e4fe449727753a918ca57) Importer(815301076,1909f56bfc062723c751e8b465ee728b)
Start importing Assets/Parts/Levels/B Medium.prefab using Guid(4da01926c81e4fe449727753a918ca57) Importer(815301076,1909f56bfc062723c751e8b465ee728b)  -> (artifact id: '170d4d139700a8e7bc93fe6817b864b3') in 0.031567 seconds
  Import took 0.037078 seconds .

========================================================================
Received Import Request.
  Time since last request: 0.543108 seconds.
  path: Assets/Parts/Levels/B Medium.prefab
  artifactKey: Guid(4da01926c81e4fe449727753a918ca57) Importer(815301076,1909f56bfc062723c751e8b465ee728b)
Start importing Assets/Parts/Levels/B Medium.prefab using Guid(4da01926c81e4fe449727753a918ca57) Importer(815301076,1909f56bfc062723c751e8b465ee728b)  -> (artifact id: 'a7ba709591b9a94bd1df0ba1aeac8098') in 0.027520 seconds
  Import took 0.032132 seconds .

========================================================================
Received Import Request.
  Time since last request: 1.376430 seconds.
  path: Assets/Parts/Levels/B Medium.prefab
  artifactKey: Guid(4da01926c81e4fe449727753a918ca57) Importer(815301076,1909f56bfc062723c751e8b465ee728b)
Start importing Assets/Parts/Levels/B Medium.prefab using Guid(4da01926c81e4fe449727753a918ca57) Importer(815301076,1909f56bfc062723c751e8b465ee728b)  -> (artifact id: 'bb35870aab9068f485888d82fc39de4d') in 0.025045 seconds
  Import took 0.029874 seconds .

========================================================================
Received Import Request.
  Time since last request: 7.786610 seconds.
  path: Assets/Parts/Levels/B Medium.prefab
  artifactKey: Guid(4da01926c81e4fe449727753a918ca57) Importer(815301076,1909f56bfc062723c751e8b465ee728b)
Start importing Assets/Parts/Levels/B Medium.prefab using Guid(4da01926c81e4fe449727753a918ca57) Importer(815301076,1909f56bfc062723c751e8b465ee728b)  -> (artifact id: '9bcbf37c2d0056f92087534707145ffb') in 0.026129 seconds
  Import took 0.030685 seconds .

========================================================================
Received Import Request.
  Time since last request: 2.967929 seconds.
  path: Assets/Parts/Levels/B Medium.prefab
  artifactKey: Guid(4da01926c81e4fe449727753a918ca57) Importer(815301076,1909f56bfc062723c751e8b465ee728b)
Start importing Assets/Parts/Levels/B Medium.prefab using Guid(4da01926c81e4fe449727753a918ca57) Importer(815301076,1909f56bfc062723c751e8b465ee728b)  -> (artifact id: '0813ff3104c52a22f7f22b445b13b797') in 0.026261 seconds
  Import took 0.031102 seconds .

========================================================================
Received Import Request.
  Time since last request: 6.789160 seconds.
  path: Assets/Parts/Levels/B Medium.prefab
  artifactKey: Guid(4da01926c81e4fe449727753a918ca57) Importer(815301076,1909f56bfc062723c751e8b465ee728b)
Start importing Assets/Parts/Levels/B Medium.prefab using Guid(4da01926c81e4fe449727753a918ca57) Importer(815301076,1909f56bfc062723c751e8b465ee728b)  -> (artifact id: '3430eea84c781c8544b6f004b164d37e') in 0.031572 seconds
  Import took 0.036825 seconds .

========================================================================
Received Import Request.
  Time since last request: 4.781523 seconds.
  path: Assets/Parts/Levels/B Medium.prefab
  artifactKey: Guid(4da01926c81e4fe449727753a918ca57) Importer(815301076,1909f56bfc062723c751e8b465ee728b)
Start importing Assets/Parts/Levels/B Medium.prefab using Guid(4da01926c81e4fe449727753a918ca57) Importer(815301076,1909f56bfc062723c751e8b465ee728b)  -> (artifact id: '9061edf8939abbbe91dff99d22640b00') in 0.034597 seconds
  Import took 0.039831 seconds .

========================================================================
Received Import Request.
  Time since last request: 0.566593 seconds.
  path: Assets/Parts/Levels/B Medium.prefab
  artifactKey: Guid(4da01926c81e4fe449727753a918ca57) Importer(815301076,1909f56bfc062723c751e8b465ee728b)
Start importing Assets/Parts/Levels/B Medium.prefab using Guid(4da01926c81e4fe449727753a918ca57) Importer(815301076,1909f56bfc062723c751e8b465ee728b)  -> (artifact id: '454a958bc23d44a02c390eab0fb7b698') in 0.024989 seconds
  Import took 0.030043 seconds .

========================================================================
Received Import Request.
  Time since last request: 1.169198 seconds.
  path: Assets/Parts/Levels/B Medium.prefab
  artifactKey: Guid(4da01926c81e4fe449727753a918ca57) Importer(815301076,1909f56bfc062723c751e8b465ee728b)
Start importing Assets/Parts/Levels/B Medium.prefab using Guid(4da01926c81e4fe449727753a918ca57) Importer(815301076,1909f56bfc062723c751e8b465ee728b)  -> (artifact id: '8fd5defc1e4cc142e852f81db92cdec6') in 0.027492 seconds
  Import took 0.031873 seconds .

========================================================================
Received Import Request.
  Time since last request: 0.582655 seconds.
  path: Assets/Parts/Levels/B Medium.prefab
  artifactKey: Guid(4da01926c81e4fe449727753a918ca57) Importer(815301076,1909f56bfc062723c751e8b465ee728b)
Start importing Assets/Parts/Levels/B Medium.prefab using Guid(4da01926c81e4fe449727753a918ca57) Importer(815301076,1909f56bfc062723c751e8b465ee728b)  -> (artifact id: '68e1407e60989a23684c2be58bf22ab1') in 0.025940 seconds
  Import took 0.031403 seconds .

========================================================================
Received Import Request.
  Time since last request: 0.767449 seconds.
  path: Assets/Parts/Levels/B Medium.prefab
  artifactKey: Guid(4da01926c81e4fe449727753a918ca57) Importer(815301076,1909f56bfc062723c751e8b465ee728b)
Start importing Assets/Parts/Levels/B Medium.prefab using Guid(4da01926c81e4fe449727753a918ca57) Importer(815301076,1909f56bfc062723c751e8b465ee728b)  -> (artifact id: 'dcf7bcaeb4e56dff351b67b5a9f7b92c') in 0.029114 seconds
  Import took 0.033786 seconds .

========================================================================
Received Import Request.
  Time since last request: 0.377390 seconds.
  path: Assets/Parts/Levels/B Medium.prefab
  artifactKey: Guid(4da01926c81e4fe449727753a918ca57) Importer(815301076,1909f56bfc062723c751e8b465ee728b)
Start importing Assets/Parts/Levels/B Medium.prefab using Guid(4da01926c81e4fe449727753a918ca57) Importer(815301076,1909f56bfc062723c751e8b465ee728b)  -> (artifact id: 'c2dd3995324091fea7b8c40fc0962fd9') in 0.029258 seconds
  Import took 0.034227 seconds .

========================================================================
Received Import Request.
  Time since last request: 0.566443 seconds.
  path: Assets/Parts/Levels/B Medium.prefab
  artifactKey: Guid(4da01926c81e4fe449727753a918ca57) Importer(815301076,1909f56bfc062723c751e8b465ee728b)
Start importing Assets/Parts/Levels/B Medium.prefab using Guid(4da01926c81e4fe449727753a918ca57) Importer(815301076,1909f56bfc062723c751e8b465ee728b)  -> (artifact id: '780f23f89688a64cfe71b1c07198e636') in 0.033629 seconds
  Import took 0.038525 seconds .

========================================================================
Received Import Request.
  Time since last request: 1.564333 seconds.
  path: Assets/Parts/Levels/B Medium.prefab
  artifactKey: Guid(4da01926c81e4fe449727753a918ca57) Importer(815301076,1909f56bfc062723c751e8b465ee728b)
Start importing Assets/Parts/Levels/B Medium.prefab using Guid(4da01926c81e4fe449727753a918ca57) Importer(815301076,1909f56bfc062723c751e8b465ee728b)  -> (artifact id: '0333401ff06e60c6dc23f29cf6004533') in 0.026401 seconds
  Import took 0.031518 seconds .

========================================================================
Received Import Request.
  Time since last request: 2.572503 seconds.
  path: Assets/Parts/Levels/B Medium.prefab
  artifactKey: Guid(4da01926c81e4fe449727753a918ca57) Importer(815301076,1909f56bfc062723c751e8b465ee728b)
Start importing Assets/Parts/Levels/B Medium.prefab using Guid(4da01926c81e4fe449727753a918ca57) Importer(815301076,1909f56bfc062723c751e8b465ee728b)  -> (artifact id: '6ef04099dc8d295f203f18fb3936ea0a') in 0.025368 seconds
  Import took 0.030962 seconds .

========================================================================
Received Import Request.
  Time since last request: 1.178507 seconds.
  path: Assets/Parts/Levels/B Medium.prefab
  artifactKey: Guid(4da01926c81e4fe449727753a918ca57) Importer(815301076,1909f56bfc062723c751e8b465ee728b)
Start importing Assets/Parts/Levels/B Medium.prefab using Guid(4da01926c81e4fe449727753a918ca57) Importer(815301076,1909f56bfc062723c751e8b465ee728b)  -> (artifact id: 'bd60bb852f67826a5bb03300660fc3f1') in 0.029781 seconds
  Import took 0.035305 seconds .

========================================================================
Received Import Request.
  Time since last request: 0.967759 seconds.
  path: Assets/Parts/Levels/B Medium.prefab
  artifactKey: Guid(4da01926c81e4fe449727753a918ca57) Importer(815301076,1909f56bfc062723c751e8b465ee728b)
Start importing Assets/Parts/Levels/B Medium.prefab using Guid(4da01926c81e4fe449727753a918ca57) Importer(815301076,1909f56bfc062723c751e8b465ee728b)  -> (artifact id: 'a5aa95c4bd95e1078d5dbbe987721bc3') in 0.026925 seconds
  Import took 0.031596 seconds .

========================================================================
Received Import Request.
  Time since last request: 3.385017 seconds.
  path: Assets/Parts/Levels/B Medium.prefab
  artifactKey: Guid(4da01926c81e4fe449727753a918ca57) Importer(815301076,1909f56bfc062723c751e8b465ee728b)
Start importing Assets/Parts/Levels/B Medium.prefab using Guid(4da01926c81e4fe449727753a918ca57) Importer(815301076,1909f56bfc062723c751e8b465ee728b)  -> (artifact id: '838c61879c954e2e56955e9ab2a3c600') in 0.029498 seconds
  Import took 0.034615 seconds .

========================================================================
Received Import Request.
  Time since last request: 0.570806 seconds.
  path: Assets/Parts/Levels/B Medium.prefab
  artifactKey: Guid(4da01926c81e4fe449727753a918ca57) Importer(815301076,1909f56bfc062723c751e8b465ee728b)
Start importing Assets/Parts/Levels/B Medium.prefab using Guid(4da01926c81e4fe449727753a918ca57) Importer(815301076,1909f56bfc062723c751e8b465ee728b)  -> (artifact id: 'e4dac5d40bb7eb0dfa4a8e156b7decde') in 0.027927 seconds
  Import took 0.032441 seconds .

========================================================================
Received Import Request.
  Time since last request: 2.372250 seconds.
  path: Assets/Parts/Levels/B Medium.prefab
  artifactKey: Guid(4da01926c81e4fe449727753a918ca57) Importer(815301076,1909f56bfc062723c751e8b465ee728b)
Start importing Assets/Parts/Levels/B Medium.prefab using Guid(4da01926c81e4fe449727753a918ca57) Importer(815301076,1909f56bfc062723c751e8b465ee728b)  -> (artifact id: '6079dbaf5fcd4ba6568a3ced7f906b0a') in 0.027671 seconds
  Import took 0.033166 seconds .

========================================================================
Received Import Request.
  Time since last request: 0.980368 seconds.
  path: Assets/Parts/Levels/B Medium.prefab
  artifactKey: Guid(4da01926c81e4fe449727753a918ca57) Importer(815301076,1909f56bfc062723c751e8b465ee728b)
Start importing Assets/Parts/Levels/B Medium.prefab using Guid(4da01926c81e4fe449727753a918ca57) Importer(815301076,1909f56bfc062723c751e8b465ee728b)  -> (artifact id: '8f48a03c3a903c440338208a417632dc') in 0.030274 seconds
  Import took 0.035206 seconds .

========================================================================
Received Import Request.
  Time since last request: 0.562426 seconds.
  path: Assets/Parts/Levels/B Medium.prefab
  artifactKey: Guid(4da01926c81e4fe449727753a918ca57) Importer(815301076,1909f56bfc062723c751e8b465ee728b)
Start importing Assets/Parts/Levels/B Medium.prefab using Guid(4da01926c81e4fe449727753a918ca57) Importer(815301076,1909f56bfc062723c751e8b465ee728b)  -> (artifact id: 'e36b2918e243a9a3bcf926d05f03bb85') in 0.025909 seconds
  Import took 0.030598 seconds .

========================================================================
Received Import Request.
  Time since last request: 1.177118 seconds.
  path: Assets/Parts/Levels/B Medium.prefab
  artifactKey: Guid(4da01926c81e4fe449727753a918ca57) Importer(815301076,1909f56bfc062723c751e8b465ee728b)
Start importing Assets/Parts/Levels/B Medium.prefab using Guid(4da01926c81e4fe449727753a918ca57) Importer(815301076,1909f56bfc062723c751e8b465ee728b)  -> (artifact id: '62fdfb91a02d4f8b8f761662b987ee4a') in 0.027035 seconds
  Import took 0.032127 seconds .

========================================================================
Received Import Request.
  Time since last request: 2.966636 seconds.
  path: Assets/Parts/Levels/B Medium.prefab
  artifactKey: Guid(4da01926c81e4fe449727753a918ca57) Importer(815301076,1909f56bfc062723c751e8b465ee728b)
Start importing Assets/Parts/Levels/B Medium.prefab using Guid(4da01926c81e4fe449727753a918ca57) Importer(815301076,1909f56bfc062723c751e8b465ee728b)  -> (artifact id: '012dc33441d8c2cf7d59d0abf39e5fff') in 0.025947 seconds
  Import took 0.030515 seconds .

========================================================================
Received Import Request.
  Time since last request: 0.572917 seconds.
  path: Assets/Parts/Levels/B Medium.prefab
  artifactKey: Guid(4da01926c81e4fe449727753a918ca57) Importer(815301076,1909f56bfc062723c751e8b465ee728b)
Start importing Assets/Parts/Levels/B Medium.prefab using Guid(4da01926c81e4fe449727753a918ca57) Importer(815301076,1909f56bfc062723c751e8b465ee728b)  -> (artifact id: 'b389b4c6163a30ac56e816b546763985') in 0.030272 seconds
  Import took 0.034993 seconds .

========================================================================
Received Import Request.
  Time since last request: 0.974088 seconds.
  path: Assets/Parts/Levels/B Medium.prefab
  artifactKey: Guid(4da01926c81e4fe449727753a918ca57) Importer(815301076,1909f56bfc062723c751e8b465ee728b)
Start importing Assets/Parts/Levels/B Medium.prefab using Guid(4da01926c81e4fe449727753a918ca57) Importer(815301076,1909f56bfc062723c751e8b465ee728b)  -> (artifact id: '58a0ee9d7a36e12bbf39a60f6a623e26') in 0.026438 seconds
  Import took 0.031244 seconds .

========================================================================
Received Import Request.
  Time since last request: 0.965346 seconds.
  path: Assets/Parts/Levels/B Medium.prefab
  artifactKey: Guid(4da01926c81e4fe449727753a918ca57) Importer(815301076,1909f56bfc062723c751e8b465ee728b)
Start importing Assets/Parts/Levels/B Medium.prefab using Guid(4da01926c81e4fe449727753a918ca57) Importer(815301076,1909f56bfc062723c751e8b465ee728b)  -> (artifact id: 'd58e211abe90dc59910a87383472594c') in 0.027550 seconds
  Import took 0.032944 seconds .

========================================================================
Received Import Request.
  Time since last request: 4.580150 seconds.
  path: Assets/Parts/Levels/B Medium.prefab
  artifactKey: Guid(4da01926c81e4fe449727753a918ca57) Importer(815301076,1909f56bfc062723c751e8b465ee728b)
Start importing Assets/Parts/Levels/B Medium.prefab using Guid(4da01926c81e4fe449727753a918ca57) Importer(815301076,1909f56bfc062723c751e8b465ee728b)  -> (artifact id: 'e65ed6f7b754f75472286d6d2424c47b') in 0.024249 seconds
  Import took 0.028836 seconds .

========================================================================
Received Import Request.
  Time since last request: 1.171631 seconds.
  path: Assets/Parts/Levels/B Medium.prefab
  artifactKey: Guid(4da01926c81e4fe449727753a918ca57) Importer(815301076,1909f56bfc062723c751e8b465ee728b)
Start importing Assets/Parts/Levels/B Medium.prefab using Guid(4da01926c81e4fe449727753a918ca57) Importer(815301076,1909f56bfc062723c751e8b465ee728b)  -> (artifact id: '8c0b0cb5165a5540b8b027a607ab50f0') in 0.023336 seconds
  Import took 0.027881 seconds .

========================================================================
Received Import Request.
  Time since last request: 0.976872 seconds.
  path: Assets/Parts/Levels/B Medium.prefab
  artifactKey: Guid(4da01926c81e4fe449727753a918ca57) Importer(815301076,1909f56bfc062723c751e8b465ee728b)
Start importing Assets/Parts/Levels/B Medium.prefab using Guid(4da01926c81e4fe449727753a918ca57) Importer(815301076,1909f56bfc062723c751e8b465ee728b)  -> (artifact id: 'b059c45d86c9b63c836b02e0357358bd') in 0.028468 seconds
  Import took 0.032915 seconds .

========================================================================
Received Import Request.
  Time since last request: 0.570069 seconds.
  path: Assets/Parts/Levels/B Medium.prefab
  artifactKey: Guid(4da01926c81e4fe449727753a918ca57) Importer(815301076,1909f56bfc062723c751e8b465ee728b)
Start importing Assets/Parts/Levels/B Medium.prefab using Guid(4da01926c81e4fe449727753a918ca57) Importer(815301076,1909f56bfc062723c751e8b465ee728b)  -> (artifact id: '0d5c9c5127b917ab134c95771cafaa27') in 0.027936 seconds
  Import took 0.032858 seconds .

========================================================================
Received Import Request.
  Time since last request: 0.772718 seconds.
  path: Assets/Parts/Levels/B Medium.prefab
  artifactKey: Guid(4da01926c81e4fe449727753a918ca57) Importer(815301076,1909f56bfc062723c751e8b465ee728b)
Start importing Assets/Parts/Levels/B Medium.prefab using Guid(4da01926c81e4fe449727753a918ca57) Importer(815301076,1909f56bfc062723c751e8b465ee728b)  -> (artifact id: '0c38f9067c25e1161f6bc1b622373113') in 0.026891 seconds
  Import took 0.031657 seconds .

========================================================================
Received Import Request.
  Time since last request: 0.977859 seconds.
  path: Assets/Parts/Levels/B Medium.prefab
  artifactKey: Guid(4da01926c81e4fe449727753a918ca57) Importer(815301076,1909f56bfc062723c751e8b465ee728b)
Start importing Assets/Parts/Levels/B Medium.prefab using Guid(4da01926c81e4fe449727753a918ca57) Importer(815301076,1909f56bfc062723c751e8b465ee728b)  -> (artifact id: '552222a48be6b0bb9256a2673f12d163') in 0.027265 seconds
  Import took 0.032058 seconds .

========================================================================
Received Import Request.
  Time since last request: 1.366825 seconds.
  path: Assets/Parts/Levels/B Medium.prefab
  artifactKey: Guid(4da01926c81e4fe449727753a918ca57) Importer(815301076,1909f56bfc062723c751e8b465ee728b)
Start importing Assets/Parts/Levels/B Medium.prefab using Guid(4da01926c81e4fe449727753a918ca57) Importer(815301076,1909f56bfc062723c751e8b465ee728b)  -> (artifact id: '4593938b6a727c88b5036115d699505f') in 0.025572 seconds
  Import took 0.030050 seconds .

========================================================================
Received Import Request.
  Time since last request: 0.981961 seconds.
  path: Assets/Parts/Levels/B Medium.prefab
  artifactKey: Guid(4da01926c81e4fe449727753a918ca57) Importer(815301076,1909f56bfc062723c751e8b465ee728b)
Start importing Assets/Parts/Levels/B Medium.prefab using Guid(4da01926c81e4fe449727753a918ca57) Importer(815301076,1909f56bfc062723c751e8b465ee728b)  -> (artifact id: '56e06c92fd092877e7e4aa69552c4d69') in 0.024186 seconds
  Import took 0.029015 seconds .

========================================================================
Received Import Request.
  Time since last request: 1.585337 seconds.
  path: Assets/Parts/Levels/B Medium.prefab
  artifactKey: Guid(4da01926c81e4fe449727753a918ca57) Importer(815301076,1909f56bfc062723c751e8b465ee728b)
Start importing Assets/Parts/Levels/B Medium.prefab using Guid(4da01926c81e4fe449727753a918ca57) Importer(815301076,1909f56bfc062723c751e8b465ee728b)  -> (artifact id: '603cc19cc8ff893f9f221670a210c3a3') in 0.026201 seconds
  Import took 0.031738 seconds .

========================================================================
Received Import Request.
  Time since last request: 2.376389 seconds.
  path: Assets/Parts/Levels/B Medium.prefab
  artifactKey: Guid(4da01926c81e4fe449727753a918ca57) Importer(815301076,1909f56bfc062723c751e8b465ee728b)
Start importing Assets/Parts/Levels/B Medium.prefab using Guid(4da01926c81e4fe449727753a918ca57) Importer(815301076,1909f56bfc062723c751e8b465ee728b)  -> (artifact id: '643371205788006c9102f72dd7224f25') in 0.026424 seconds
  Import took 0.030913 seconds .

========================================================================
Received Import Request.
  Time since last request: 0.570802 seconds.
  path: Assets/Parts/Levels/B Medium.prefab
  artifactKey: Guid(4da01926c81e4fe449727753a918ca57) Importer(815301076,1909f56bfc062723c751e8b465ee728b)
Start importing Assets/Parts/Levels/B Medium.prefab using Guid(4da01926c81e4fe449727753a918ca57) Importer(815301076,1909f56bfc062723c751e8b465ee728b)  -> (artifact id: 'ef25a61c9e18d03a97762eb7eec83284') in 0.025629 seconds
  Import took 0.030265 seconds .

========================================================================
Received Import Request.
  Time since last request: 0.771793 seconds.
  path: Assets/Parts/Levels/B Medium.prefab
  artifactKey: Guid(4da01926c81e4fe449727753a918ca57) Importer(815301076,1909f56bfc062723c751e8b465ee728b)
Start importing Assets/Parts/Levels/B Medium.prefab using Guid(4da01926c81e4fe449727753a918ca57) Importer(815301076,1909f56bfc062723c751e8b465ee728b)  -> (artifact id: '29892c5705edc154bff1477d87c58f84') in 0.029996 seconds
  Import took 0.034965 seconds .

========================================================================
Received Import Request.
  Time since last request: 6.584962 seconds.
  path: Assets/Parts/Levels/B Medium.prefab
  artifactKey: Guid(4da01926c81e4fe449727753a918ca57) Importer(815301076,1909f56bfc062723c751e8b465ee728b)
Start importing Assets/Parts/Levels/B Medium.prefab using Guid(4da01926c81e4fe449727753a918ca57) Importer(815301076,1909f56bfc062723c751e8b465ee728b)  -> (artifact id: '2cfaa5d77e7fd7c967cfd4556756cb7f') in 0.029376 seconds
  Import took 0.034163 seconds .

========================================================================
Received Import Request.
  Time since last request: 1.579084 seconds.
  path: Assets/Parts/Levels/B Medium.prefab
  artifactKey: Guid(4da01926c81e4fe449727753a918ca57) Importer(815301076,1909f56bfc062723c751e8b465ee728b)
Start importing Assets/Parts/Levels/B Medium.prefab using Guid(4da01926c81e4fe449727753a918ca57) Importer(815301076,1909f56bfc062723c751e8b465ee728b)  -> (artifact id: 'df3096b3da3f745cda8f66926ff059b1') in 0.027984 seconds
  Import took 0.032560 seconds .

========================================================================
Received Import Request.
  Time since last request: 1.770420 seconds.
  path: Assets/Parts/Levels/B Medium.prefab
  artifactKey: Guid(4da01926c81e4fe449727753a918ca57) Importer(815301076,1909f56bfc062723c751e8b465ee728b)
Start importing Assets/Parts/Levels/B Medium.prefab using Guid(4da01926c81e4fe449727753a918ca57) Importer(815301076,1909f56bfc062723c751e8b465ee728b)  -> (artifact id: '91bc231ff919911ff5379ad713c19a84') in 0.026993 seconds
  Import took 0.031933 seconds .

========================================================================
Received Import Request.
  Time since last request: 2.573888 seconds.
  path: Assets/Parts/Levels/B Medium.prefab
  artifactKey: Guid(4da01926c81e4fe449727753a918ca57) Importer(815301076,1909f56bfc062723c751e8b465ee728b)
Start importing Assets/Parts/Levels/B Medium.prefab using Guid(4da01926c81e4fe449727753a918ca57) Importer(815301076,1909f56bfc062723c751e8b465ee728b)  -> (artifact id: 'c98b5368e734703de03f076fe8d854df') in 0.027943 seconds
  Import took 0.033200 seconds .

========================================================================
Received Import Request.
  Time since last request: 2.366786 seconds.
  path: Assets/Parts/Levels/B Medium.prefab
  artifactKey: Guid(4da01926c81e4fe449727753a918ca57) Importer(815301076,1909f56bfc062723c751e8b465ee728b)
Start importing Assets/Parts/Levels/B Medium.prefab using Guid(4da01926c81e4fe449727753a918ca57) Importer(815301076,1909f56bfc062723c751e8b465ee728b)  -> (artifact id: 'e06797dd12fdb19aa9fa1768c8bc2727') in 0.025937 seconds
  Import took 0.030596 seconds .

========================================================================
Received Import Request.
  Time since last request: 3.394237 seconds.
  path: Assets/Parts/Levels/B Medium.prefab
  artifactKey: Guid(4da01926c81e4fe449727753a918ca57) Importer(815301076,1909f56bfc062723c751e8b465ee728b)
Start importing Assets/Parts/Levels/B Medium.prefab using Guid(4da01926c81e4fe449727753a918ca57) Importer(815301076,1909f56bfc062723c751e8b465ee728b)  -> (artifact id: 'd1e86a5231a55385f6317291deae2668') in 0.029478 seconds
  Import took 0.034245 seconds .

========================================================================
Received Import Request.
  Time since last request: 22.880587 seconds.
  path: Assets/Parts/Beater.prefab
  artifactKey: Guid(4624ef68eebf2fe44809923823cac6c2) Importer(815301076,1909f56bfc062723c751e8b465ee728b)
Start importing Assets/Parts/Beater.prefab using Guid(4624ef68eebf2fe44809923823cac6c2) Importer(815301076,1909f56bfc062723c751e8b465ee728b)  -> (artifact id: '2c0300938eef998391a0d336870674bd') in 0.035844 seconds
  Import took 0.041050 seconds .

========================================================================
Received Import Request.
  Time since last request: 2.342224 seconds.
  path: Assets/Parts/Levels/B Hard 1.prefab
  artifactKey: Guid(4069138b1df0b414286c45aa08c1d70a) Importer(815301076,1909f56bfc062723c751e8b465ee728b)
Start importing Assets/Parts/Levels/B Hard 1.prefab using Guid(4069138b1df0b414286c45aa08c1d70a) Importer(815301076,1909f56bfc062723c751e8b465ee728b)  -> (artifact id: '10ca8c476a57722f2347bebe87c1e436') in 0.023736 seconds
  Import took 0.028898 seconds .

========================================================================
Received Import Request.
  Time since last request: 16.515036 seconds.
  path: Assets/Parts/Levels/B Hard 1.prefab
  artifactKey: Guid(4069138b1df0b414286c45aa08c1d70a) Importer(815301076,1909f56bfc062723c751e8b465ee728b)
Start importing Assets/Parts/Levels/B Hard 1.prefab using Guid(4069138b1df0b414286c45aa08c1d70a) Importer(815301076,1909f56bfc062723c751e8b465ee728b)  -> (artifact id: 'c254c22d3628ff747addbe7488ea2499') in 0.031479 seconds
  Import took 0.036103 seconds .

========================================================================
Received Import Request.
  Time since last request: 4.173875 seconds.
  path: Assets/Parts/Levels/B Hard 1.prefab
  artifactKey: Guid(4069138b1df0b414286c45aa08c1d70a) Importer(815301076,1909f56bfc062723c751e8b465ee728b)
Start importing Assets/Parts/Levels/B Hard 1.prefab using Guid(4069138b1df0b414286c45aa08c1d70a) Importer(815301076,1909f56bfc062723c751e8b465ee728b)  -> (artifact id: '33afff84d0cd16ce77f6d14b328c100d') in 0.033140 seconds
  Import took 0.037796 seconds .

========================================================================
Received Import Request.
  Time since last request: 17.147527 seconds.
  path: Assets/Parts/Beater.prefab
  artifactKey: Guid(4624ef68eebf2fe44809923823cac6c2) Importer(815301076,1909f56bfc062723c751e8b465ee728b)
Start importing Assets/Parts/Beater.prefab using Guid(4624ef68eebf2fe44809923823cac6c2) Importer(815301076,1909f56bfc062723c751e8b465ee728b)  -> (artifact id: 'e7e82cc820136266eac9d3ea48dc85e3') in 0.023469 seconds
  Import took 0.028975 seconds .

========================================================================
Received Import Request.
  Time since last request: 0.005258 seconds.
  path: Assets/Parts/Beater.prefab
  artifactKey: Guid(4624ef68eebf2fe44809923823cac6c2) Importer(815301076,1909f56bfc062723c751e8b465ee728b)
Start importing Assets/Parts/Beater.prefab using Guid(4624ef68eebf2fe44809923823cac6c2) Importer(815301076,1909f56bfc062723c751e8b465ee728b)  -> (artifact id: 'e7e82cc820136266eac9d3ea48dc85e3') in 0.022506 seconds
  Import took 0.027530 seconds .

========================================================================
Received Import Request.
  Time since last request: 6.628437 seconds.
  path: Assets/Parts/Beater.prefab
  artifactKey: Guid(4624ef68eebf2fe44809923823cac6c2) Importer(815301076,1909f56bfc062723c751e8b465ee728b)
Start importing Assets/Parts/Beater.prefab using Guid(4624ef68eebf2fe44809923823cac6c2) Importer(815301076,1909f56bfc062723c751e8b465ee728b)  -> (artifact id: '69a83f9be0372dc1efa05f1e778537dd') in 0.023412 seconds
  Import took 0.027898 seconds .

========================================================================
Received Import Request.
  Time since last request: 0.007173 seconds.
  path: Assets/Parts/Beater.prefab
  artifactKey: Guid(4624ef68eebf2fe44809923823cac6c2) Importer(815301076,1909f56bfc062723c751e8b465ee728b)
Start importing Assets/Parts/Beater.prefab using Guid(4624ef68eebf2fe44809923823cac6c2) Importer(815301076,1909f56bfc062723c751e8b465ee728b)  -> (artifact id: '69a83f9be0372dc1efa05f1e778537dd') in 0.022175 seconds
  Import took 0.027452 seconds .

========================================================================
Received Import Request.
  Time since last request: 21.200605 seconds.
  path: Assets/Parts/Shooter.prefab
  artifactKey: Guid(4b6e84df1b81694409d8180a94676488) Importer(815301076,1909f56bfc062723c751e8b465ee728b)
Start importing Assets/Parts/Shooter.prefab using Guid(4b6e84df1b81694409d8180a94676488) Importer(815301076,1909f56bfc062723c751e8b465ee728b)  -> (artifact id: 'c20ca2ccd40552c4937fb71f76eb0805') in 0.029689 seconds
  Import took 0.034168 seconds .

========================================================================
Received Import Request.
  Time since last request: 1.751547 seconds.
  path: Assets/Parts/Shooter.prefab
  artifactKey: Guid(4b6e84df1b81694409d8180a94676488) Importer(815301076,1909f56bfc062723c751e8b465ee728b)
Start importing Assets/Parts/Shooter.prefab using Guid(4b6e84df1b81694409d8180a94676488) Importer(815301076,1909f56bfc062723c751e8b465ee728b)  -> (artifact id: 'a1e8b383c05e5bca7d7c7aabdaff0288') in 0.024758 seconds
  Import took 0.029479 seconds .

========================================================================
Received Prepare
Reloading mono domain
Begin MonoManager ReloadAssembly
Registering precompiled unity dll's ...
Register platform support module: C:/Program Files/Unity/2020.2.0b2/Editor/Data/PlaybackEngines/WebGLSupport/UnityEditor.WebGL.Extensions.dll
Register platform support module: C:/Program Files/Unity/2020.2.0b2/Editor/Data/PlaybackEngines/WindowsStandaloneSupport/UnityEditor.WindowsStandalone.Extensions.dll
Registered in 0.002876 seconds.
Symbol file LoadedFromMemory doesn't match image C:\Users\josep\Documents\GitHub\SpaceRunnerGit\SpaceRunner\Library\PackageCache\com.unity.ext.nunit@1.0.0\net35\unity-custom\nunit.framework.dll
Native extension for WindowsStandalone target not found
Native extension for WebGL target not found
Refreshing native plugins compatible for Editor in 57.98 ms, found 0 plugins.
Preloading 0 native plugins for Editor in 0.00 ms.
Invoked RoslynAnalysisRunner static constructor.
RoslynAnalysisRunner will not be running.
RoslynAnalysisRunner has terminated.
Mono: successfully reloaded assembly
- Completed reload, in  1.329 seconds
Registering precompiled user dll's ...
Registered in 0.092957 seconds.
Platform modules already initialized, skipping
Begin MonoManager ReloadAssembly
Symbol file LoadedFromMemory doesn't match image C:\Users\josep\Documents\GitHub\SpaceRunnerGit\SpaceRunner\Library\PackageCache\com.unity.ext.nunit@1.0.0\net35\unity-custom\nunit.framework.dll
Native extension for WindowsStandalone target not found
Native extension for WebGL target not found
Refreshing native plugins compatible for Editor in 0.93 ms, found 0 plugins.
Preloading 0 native plugins for Editor in 0.00 ms.
Invoked RoslynAnalysisRunner static constructor.
RoslynAnalysisRunner will not be running.
RoslynAnalysisRunner has terminated.
Mono: successfully reloaded assembly
- Completed reload, in  1.298 seconds
Platform modules already initialized, skipping
Refreshing native plugins compatible for Editor in 0.51 ms, found 0 plugins.
Preloading 0 native plugins for Editor in 0.00 ms.
Unloading 25 Unused Serialized files (Serialized files now loaded: 0)
System memory in use before: 42.5 MB.
System memory in use after: 42.6 MB.

Unloading 24 unused Assets to reduce memory usage. Loaded Objects now: 1908.
Total: 2.502700 ms (FindLiveObjects: 0.420800 ms CreateObjectMapping: 0.052000 ms MarkObjects: 2.004600 ms  DeleteObjects: 0.023700 ms)

========================================================================
Received Import Request.
  Time since last request: 257.655430 seconds.
  path: Assets/Parts/Shooter.prefab
  artifactKey: Guid(4b6e84df1b81694409d8180a94676488) Importer(815301076,1909f56bfc062723c751e8b465ee728b)
Start importing Assets/Parts/Shooter.prefab using Guid(4b6e84df1b81694409d8180a94676488) Importer(815301076,1909f56bfc062723c751e8b465ee728b)  -> (artifact id: 'fae41be03371fd51e1ae72df98dbdb04') in 0.081854 seconds
  Import took 0.086410 seconds .

========================================================================
Received Prepare
Reloading mono domain
Begin MonoManager ReloadAssembly
Registering precompiled unity dll's ...
Register platform support module: C:/Program Files/Unity/2020.2.0b2/Editor/Data/PlaybackEngines/WebGLSupport/UnityEditor.WebGL.Extensions.dll
Register platform support module: C:/Program Files/Unity/2020.2.0b2/Editor/Data/PlaybackEngines/WindowsStandaloneSupport/UnityEditor.WindowsStandalone.Extensions.dll
Registered in 0.002703 seconds.
Symbol file LoadedFromMemory doesn't match image C:\Users\josep\Documents\GitHub\SpaceRunnerGit\SpaceRunner\Library\PackageCache\com.unity.ext.nunit@1.0.0\net35\unity-custom\nunit.framework.dll
Native extension for WindowsStandalone target not found
Native extension for WebGL target not found
Refreshing native plugins compatible for Editor in 59.09 ms, found 0 plugins.
Preloading 0 native plugins for Editor in 0.00 ms.
Invoked RoslynAnalysisRunner static constructor.
RoslynAnalysisRunner will not be running.
RoslynAnalysisRunner has terminated.
Mono: successfully reloaded assembly
- Completed reload, in  1.367 seconds
Registering precompiled user dll's ...
Registered in 0.089862 seconds.
Platform modules already initialized, skipping
Begin MonoManager ReloadAssembly
Symbol file LoadedFromMemory doesn't match image C:\Users\josep\Documents\GitHub\SpaceRunnerGit\SpaceRunner\Library\PackageCache\com.unity.ext.nunit@1.0.0\net35\unity-custom\nunit.framework.dll
Native extension for WindowsStandalone target not found
Native extension for WebGL target not found
Refreshing native plugins compatible for Editor in 0.53 ms, found 0 plugins.
Preloading 0 native plugins for Editor in 0.00 ms.
Invoked RoslynAnalysisRunner static constructor.
RoslynAnalysisRunner will not be running.
RoslynAnalysisRunner has terminated.
Mono: successfully reloaded assembly
- Completed reload, in  1.340 seconds
Platform modules already initialized, skipping
Refreshing native plugins compatible for Editor in 0.57 ms, found 0 plugins.
Preloading 0 native plugins for Editor in 0.00 ms.
Unloading 25 Unused Serialized files (Serialized files now loaded: 0)
System memory in use before: 42.6 MB.
System memory in use after: 42.7 MB.

Unloading 24 unused Assets to reduce memory usage. Loaded Objects now: 1913.
Total: 2.399000 ms (FindLiveObjects: 0.418900 ms CreateObjectMapping: 0.051000 ms MarkObjects: 1.899000 ms  DeleteObjects: 0.028000 ms)

========================================================================
Received Prepare
Reloading mono domain
Begin MonoManager ReloadAssembly
Registering precompiled unity dll's ...
Register platform support module: C:/Program Files/Unity/2020.2.0b2/Editor/Data/PlaybackEngines/WebGLSupport/UnityEditor.WebGL.Extensions.dll
Register platform support module: C:/Program Files/Unity/2020.2.0b2/Editor/Data/PlaybackEngines/WindowsStandaloneSupport/UnityEditor.WindowsStandalone.Extensions.dll
Registered in 0.002954 seconds.
Symbol file LoadedFromMemory doesn't match image C:\Users\josep\Documents\GitHub\SpaceRunnerGit\SpaceRunner\Library\PackageCache\com.unity.ext.nunit@1.0.0\net35\unity-custom\nunit.framework.dll
Native extension for WindowsStandalone target not found
Native extension for WebGL target not found
Refreshing native plugins compatible for Editor in 56.61 ms, found 0 plugins.
Preloading 0 native plugins for Editor in 0.00 ms.
Invoked RoslynAnalysisRunner static constructor.
RoslynAnalysisRunner will not be running.
RoslynAnalysisRunner has terminated.
Mono: successfully reloaded assembly
- Completed reload, in  1.457 seconds
Registering precompiled user dll's ...
Registered in 0.089381 seconds.
Platform modules already initialized, skipping
Begin MonoManager ReloadAssembly
Symbol file LoadedFromMemory doesn't match image C:\Users\josep\Documents\GitHub\SpaceRunnerGit\SpaceRunner\Library\PackageCache\com.unity.ext.nunit@1.0.0\net35\unity-custom\nunit.framework.dll
Native extension for WindowsStandalone target not found
Native extension for WebGL target not found
Refreshing native plugins compatible for Editor in 0.50 ms, found 0 plugins.
Preloading 0 native plugins for Editor in 0.00 ms.
Invoked RoslynAnalysisRunner static constructor.
RoslynAnalysisRunner will not be running.
RoslynAnalysisRunner has terminated.
Mono: successfully reloaded assembly
- Completed reload, in  1.421 seconds
Platform modules already initialized, skipping
Refreshing native plugins compatible for Editor in 0.55 ms, found 0 plugins.
Preloading 0 native plugins for Editor in 0.00 ms.
Unloading 25 Unused Serialized files (Serialized files now loaded: 0)
System memory in use before: 42.7 MB.
System memory in use after: 42.8 MB.

Unloading 24 unused Assets to reduce memory usage. Loaded Objects now: 1917.
Total: 2.726600 ms (FindLiveObjects: 0.638800 ms CreateObjectMapping: 0.118300 ms MarkObjects: 1.943700 ms  DeleteObjects: 0.024200 ms)

========================================================================
Received Import Request.
  Time since last request: 121.267864 seconds.
  path: Assets/TexSheet2.png
  artifactKey: Guid(ed12095f614cfe04bbb926e209a6b112) Importer(815301076,1909f56bfc062723c751e8b465ee728b)
Start importing Assets/TexSheet2.png using Guid(ed12095f614cfe04bbb926e209a6b112) Importer(815301076,1909f56bfc062723c751e8b465ee728b)  -> (artifact id: 'd1f58b9702f136213e720722c6edcb64') in 0.168612 seconds
  Import took 0.173731 seconds .

========================================================================
Received Prepare
Reloading mono domain
Begin MonoManager ReloadAssembly
Registering precompiled unity dll's ...
Register platform support module: C:/Program Files/Unity/2020.2.0b2/Editor/Data/PlaybackEngines/WebGLSupport/UnityEditor.WebGL.Extensions.dll
Register platform support module: C:/Program Files/Unity/2020.2.0b2/Editor/Data/PlaybackEngines/WindowsStandaloneSupport/UnityEditor.WindowsStandalone.Extensions.dll
Registered in 0.002666 seconds.
Symbol file LoadedFromMemory doesn't match image C:\Users\josep\Documents\GitHub\SpaceRunnerGit\SpaceRunner\Library\PackageCache\com.unity.ext.nunit@1.0.0\net35\unity-custom\nunit.framework.dll
Native extension for WindowsStandalone target not found
Native extension for WebGL target not found
Refreshing native plugins compatible for Editor in 56.81 ms, found 0 plugins.
Preloading 0 native plugins for Editor in 0.00 ms.
Invoked RoslynAnalysisRunner static constructor.
RoslynAnalysisRunner will not be running.
RoslynAnalysisRunner has terminated.
Mono: successfully reloaded assembly
- Completed reload, in  1.484 seconds
Registering precompiled user dll's ...
Registered in 0.092647 seconds.
Platform modules already initialized, skipping
Begin MonoManager ReloadAssembly
Symbol file LoadedFromMemory doesn't match image C:\Users\josep\Documents\GitHub\SpaceRunnerGit\SpaceRunner\Library\PackageCache\com.unity.ext.nunit@1.0.0\net35\unity-custom\nunit.framework.dll
Native extension for WindowsStandalone target not found
Native extension for WebGL target not found
Refreshing native plugins compatible for Editor in 0.53 ms, found 0 plugins.
Preloading 0 native plugins for Editor in 0.00 ms.
Invoked RoslynAnalysisRunner static constructor.
RoslynAnalysisRunner will not be running.
RoslynAnalysisRunner has terminated.
Mono: successfully reloaded assembly
- Completed reload, in  1.474 seconds
Platform modules already initialized, skipping
Refreshing native plugins compatible for Editor in 0.62 ms, found 0 plugins.
Preloading 0 native plugins for Editor in 0.00 ms.
Unloading 25 Unused Serialized files (Serialized files now loaded: 0)
System memory in use before: 42.8 MB.
System memory in use after: 42.9 MB.

Unloading 24 unused Assets to reduce memory usage. Loaded Objects now: 1924.
Total: 2.336300 ms (FindLiveObjects: 0.408300 ms CreateObjectMapping: 0.048700 ms MarkObjects: 1.847800 ms  DeleteObjects: 0.029600 ms)

========================================================================
Received Import Request.
  Time since last request: 136.119918 seconds.
  path: Assets/Parts/Shooter.prefab
  artifactKey: Guid(4b6e84df1b81694409d8180a94676488) Importer(815301076,1909f56bfc062723c751e8b465ee728b)
Start importing Assets/Parts/Shooter.prefab using Guid(4b6e84df1b81694409d8180a94676488) Importer(815301076,1909f56bfc062723c751e8b465ee728b)  -> (artifact id: 'a893fc044b041542fa9f751914b7382c') in 0.092225 seconds
  Import took 0.096663 seconds .

========================================================================
Received Prepare
Reloading mono domain
Begin MonoManager ReloadAssembly
Registering precompiled unity dll's ...
Register platform support module: C:/Program Files/Unity/2020.2.0b2/Editor/Data/PlaybackEngines/WebGLSupport/UnityEditor.WebGL.Extensions.dll
Register platform support module: C:/Program Files/Unity/2020.2.0b2/Editor/Data/PlaybackEngines/WindowsStandaloneSupport/UnityEditor.WindowsStandalone.Extensions.dll
Registered in 0.003909 seconds.
Symbol file LoadedFromMemory doesn't match image C:\Users\josep\Documents\GitHub\SpaceRunnerGit\SpaceRunner\Library\PackageCache\com.unity.ext.nunit@1.0.0\net35\unity-custom\nunit.framework.dll
Native extension for WindowsStandalone target not found
Native extension for WebGL target not found
Refreshing native plugins compatible for Editor in 56.36 ms, found 0 plugins.
Preloading 0 native plugins for Editor in 0.00 ms.
Invoked RoslynAnalysisRunner static constructor.
RoslynAnalysisRunner will not be running.
RoslynAnalysisRunner has terminated.
Mono: successfully reloaded assembly
- Completed reload, in  1.601 seconds
Registering precompiled user dll's ...
Registered in 0.088924 seconds.
Platform modules already initialized, skipping
Begin MonoManager ReloadAssembly
Symbol file LoadedFromMemory doesn't match image C:\Users\josep\Documents\GitHub\SpaceRunnerGit\SpaceRunner\Library\PackageCache\com.unity.ext.nunit@1.0.0\net35\unity-custom\nunit.framework.dll
Native extension for WindowsStandalone target not found
Native extension for WebGL target not found
Refreshing native plugins compatible for Editor in 0.52 ms, found 0 plugins.
Preloading 0 native plugins for Editor in 0.00 ms.
Invoked RoslynAnalysisRunner static constructor.
RoslynAnalysisRunner will not be running.
RoslynAnalysisRunner has terminated.
Mono: successfully reloaded assembly
- Completed reload, in  1.541 seconds
Platform modules already initialized, skipping
Refreshing native plugins compatible for Editor in 0.51 ms, found 0 plugins.
Preloading 0 native plugins for Editor in 0.00 ms.
Unloading 25 Unused Serialized files (Serialized files now loaded: 0)
System memory in use before: 42.9 MB.
System memory in use after: 43.0 MB.

Unloading 24 unused Assets to reduce memory usage. Loaded Objects now: 1929.
Total: 2.775000 ms (FindLiveObjects: 0.524200 ms CreateObjectMapping: 0.112300 ms MarkObjects: 2.109900 ms  DeleteObjects: 0.026600 ms)

========================================================================
Received Import Request.
  Time since last request: 10.992958 seconds.
  path: Assets/Parts/Heart.prefab
  artifactKey: Guid(fd191db575595b5418054e3593f6577c) Importer(815301076,1909f56bfc062723c751e8b465ee728b)
Start importing Assets/Parts/Heart.prefab using Guid(fd191db575595b5418054e3593f6577c) Importer(815301076,1909f56bfc062723c751e8b465ee728b)  -> (artifact id: '9cf208302f38065fe626975dfd28d47b') in 0.092226 seconds
  Import took 0.096929 seconds .

========================================================================
Received Import Request.
  Time since last request: 4.382631 seconds.
  path: Assets/Parts/Heart.prefab
  artifactKey: Guid(fd191db575595b5418054e3593f6577c) Importer(815301076,1909f56bfc062723c751e8b465ee728b)
Start importing Assets/Parts/Heart.prefab using Guid(fd191db575595b5418054e3593f6577c) Importer(815301076,1909f56bfc062723c751e8b465ee728b)  -> (artifact id: '36bb729c0e60a18687d31571e51abcb4') in 0.023953 seconds
  Import took 0.028571 seconds .

========================================================================
Received Import Request.
  Time since last request: 0.004793 seconds.
  path: Assets/Parts/Heart.prefab
  artifactKey: Guid(fd191db575595b5418054e3593f6577c) Importer(815301076,1909f56bfc062723c751e8b465ee728b)
Start importing Assets/Parts/Heart.prefab using Guid(fd191db575595b5418054e3593f6577c) Importer(815301076,1909f56bfc062723c751e8b465ee728b)  -> (artifact id: '36bb729c0e60a18687d31571e51abcb4') in 0.021931 seconds
  Import took 0.026859 seconds .

========================================================================
Received Import Request.
  Time since last request: 6.016963 seconds.
  path: Assets/Parts/Heart.prefab
  artifactKey: Guid(fd191db575595b5418054e3593f6577c) Importer(815301076,1909f56bfc062723c751e8b465ee728b)
Start importing Assets/Parts/Heart.prefab using Guid(fd191db575595b5418054e3593f6577c) Importer(815301076,1909f56bfc062723c751e8b465ee728b)  -> (artifact id: 'cd68d727e2c7ad9eb6db12b5e1703037') in 0.023696 seconds
  Import took 0.028954 seconds .

========================================================================
Received Import Request.
  Time since last request: 0.006374 seconds.
  path: Assets/Parts/Heart.prefab
  artifactKey: Guid(fd191db575595b5418054e3593f6577c) Importer(815301076,1909f56bfc062723c751e8b465ee728b)
Start importing Assets/Parts/Heart.prefab using Guid(fd191db575595b5418054e3593f6577c) Importer(815301076,1909f56bfc062723c751e8b465ee728b)  -> (artifact id: 'cd68d727e2c7ad9eb6db12b5e1703037') in 0.024045 seconds
  Import took 0.029415 seconds .

========================================================================
Received Import Request.
  Time since last request: 0.576979 seconds.
  path: Assets/Parts/Heart.prefab
  artifactKey: Guid(fd191db575595b5418054e3593f6577c) Importer(815301076,1909f56bfc062723c751e8b465ee728b)
Start importing Assets/Parts/Heart.prefab using Guid(fd191db575595b5418054e3593f6577c) Importer(815301076,1909f56bfc062723c751e8b465ee728b)  -> (artifact id: 'b60fe0a087b6ac69674876846f224c6a') in 0.021852 seconds
  Import took 0.026482 seconds .

========================================================================
Received Import Request.
  Time since last request: 0.006632 seconds.
  path: Assets/Parts/Heart.prefab
  artifactKey: Guid(fd191db575595b5418054e3593f6577c) Importer(815301076,1909f56bfc062723c751e8b465ee728b)
Start importing Assets/Parts/Heart.prefab using Guid(fd191db575595b5418054e3593f6577c) Importer(815301076,1909f56bfc062723c751e8b465ee728b)  -> (artifact id: 'b60fe0a087b6ac69674876846f224c6a') in 0.021584 seconds
  Import took 0.026544 seconds .

========================================================================
Received Prepare
Reloading mono domain
Begin MonoManager ReloadAssembly
Registering precompiled unity dll's ...
Register platform support module: C:/Program Files/Unity/2020.2.0b2/Editor/Data/PlaybackEngines/WebGLSupport/UnityEditor.WebGL.Extensions.dll
Register platform support module: C:/Program Files/Unity/2020.2.0b2/Editor/Data/PlaybackEngines/WindowsStandaloneSupport/UnityEditor.WindowsStandalone.Extensions.dll
Registered in 0.002861 seconds.
Symbol file LoadedFromMemory doesn't match image C:\Users\josep\Documents\GitHub\SpaceRunnerGit\SpaceRunner\Library\PackageCache\com.unity.ext.nunit@1.0.0\net35\unity-custom\nunit.framework.dll
Native extension for WindowsStandalone target not found
Native extension for WebGL target not found
Refreshing native plugins compatible for Editor in 59.81 ms, found 0 plugins.
Preloading 0 native plugins for Editor in 0.00 ms.
Invoked RoslynAnalysisRunner static constructor.
RoslynAnalysisRunner will not be running.
RoslynAnalysisRunner has terminated.
Mono: successfully reloaded assembly
- Completed reload, in  1.742 seconds
Registering precompiled user dll's ...
Registered in 0.096800 seconds.
Platform modules already initialized, skipping
Begin MonoManager ReloadAssembly
Symbol file LoadedFromMemory doesn't match image C:\Users\josep\Documents\GitHub\SpaceRunnerGit\SpaceRunner\Library\PackageCache\com.unity.ext.nunit@1.0.0\net35\unity-custom\nunit.framework.dll
Native extension for WindowsStandalone target not found
Native extension for WebGL target not found
Refreshing native plugins compatible for Editor in 0.50 ms, found 0 plugins.
Preloading 0 native plugins for Editor in 0.00 ms.
Invoked RoslynAnalysisRunner static constructor.
RoslynAnalysisRunner will not be running.
RoslynAnalysisRunner has terminated.
Mono: successfully reloaded assembly
- Completed reload, in  1.638 seconds
Platform modules already initialized, skipping
Refreshing native plugins compatible for Editor in 0.55 ms, found 0 plugins.
Preloading 0 native plugins for Editor in 0.00 ms.
Unloading 25 Unused Serialized files (Serialized files now loaded: 0)
System memory in use before: 43.0 MB.
System memory in use after: 43.1 MB.

Unloading 24 unused Assets to reduce memory usage. Loaded Objects now: 1934.
Total: 2.722300 ms (FindLiveObjects: 0.439500 ms CreateObjectMapping: 0.058000 ms MarkObjects: 2.199000 ms  DeleteObjects: 0.024200 ms)

========================================================================
Received Import Request.
  Time since last request: 104.554819 seconds.
  path: Assets/Parts/Heart.prefab
  artifactKey: Guid(fd191db575595b5418054e3593f6577c) Importer(815301076,1909f56bfc062723c751e8b465ee728b)
Start importing Assets/Parts/Heart.prefab using Guid(fd191db575595b5418054e3593f6577c) Importer(815301076,1909f56bfc062723c751e8b465ee728b)  -> (artifact id: '18807e69e1d5d33fe1d2d7be3aa7039d') in 0.094032 seconds
  Import took 0.098396 seconds .

========================================================================
Received Import Request.
  Time since last request: 0.005058 seconds.
  path: Assets/Parts/Heart.prefab
  artifactKey: Guid(fd191db575595b5418054e3593f6577c) Importer(815301076,1909f56bfc062723c751e8b465ee728b)
Start importing Assets/Parts/Heart.prefab using Guid(fd191db575595b5418054e3593f6577c) Importer(815301076,1909f56bfc062723c751e8b465ee728b)  -> (artifact id: '18807e69e1d5d33fe1d2d7be3aa7039d') in 0.023977 seconds
  Import took 0.028660 seconds .

========================================================================
Received Prepare
Reloading mono domain
Begin MonoManager ReloadAssembly
Registering precompiled unity dll's ...
Register platform support module: C:/Program Files/Unity/2020.2.0b2/Editor/Data/PlaybackEngines/WebGLSupport/UnityEditor.WebGL.Extensions.dll
Register platform support module: C:/Program Files/Unity/2020.2.0b2/Editor/Data/PlaybackEngines/WindowsStandaloneSupport/UnityEditor.WindowsStandalone.Extensions.dll
Registered in 0.002950 seconds.
Symbol file LoadedFromMemory doesn't match image C:\Users\josep\Documents\GitHub\SpaceRunnerGit\SpaceRunner\Library\PackageCache\com.unity.ext.nunit@1.0.0\net35\unity-custom\nunit.framework.dll
Native extension for WindowsStandalone target not found
Native extension for WebGL target not found
Refreshing native plugins compatible for Editor in 59.97 ms, found 0 plugins.
Preloading 0 native plugins for Editor in 0.00 ms.
Invoked RoslynAnalysisRunner static constructor.
RoslynAnalysisRunner will not be running.
RoslynAnalysisRunner has terminated.
Mono: successfully reloaded assembly
- Completed reload, in  1.737 seconds
Registering precompiled user dll's ...
Registered in 0.093539 seconds.
Platform modules already initialized, skipping
Begin MonoManager ReloadAssembly
Symbol file LoadedFromMemory doesn't match image C:\Users\josep\Documents\GitHub\SpaceRunnerGit\SpaceRunner\Library\PackageCache\com.unity.ext.nunit@1.0.0\net35\unity-custom\nunit.framework.dll
Native extension for WindowsStandalone target not found
Native extension for WebGL target not found
Refreshing native plugins compatible for Editor in 0.63 ms, found 0 plugins.
Preloading 0 native plugins for Editor in 0.00 ms.
Invoked RoslynAnalysisRunner static constructor.
RoslynAnalysisRunner will not be running.
RoslynAnalysisRunner has terminated.
Mono: successfully reloaded assembly
- Completed reload, in  1.764 seconds
Platform modules already initialized, skipping
Refreshing native plugins compatible for Editor in 0.59 ms, found 0 plugins.
Preloading 0 native plugins for Editor in 0.00 ms.
Unloading 25 Unused Serialized files (Serialized files now loaded: 0)
System memory in use before: 43.1 MB.
System memory in use after: 43.2 MB.

Unloading 24 unused Assets to reduce memory usage. Loaded Objects now: 1939.
Total: 2.524100 ms (FindLiveObjects: 0.467900 ms CreateObjectMapping: 0.048200 ms MarkObjects: 1.982300 ms  DeleteObjects: 0.023700 ms)

========================================================================
Received Import Request.
  Time since last request: 81.886643 seconds.
  path: Assets/Parts/Beater.prefab
  artifactKey: Guid(4624ef68eebf2fe44809923823cac6c2) Importer(815301076,1909f56bfc062723c751e8b465ee728b)
Start importing Assets/Parts/Beater.prefab using Guid(4624ef68eebf2fe44809923823cac6c2) Importer(815301076,1909f56bfc062723c751e8b465ee728b)  -> (artifact id: '1da22e9073a8feb52593e5d5b919e8bb') in 0.097269 seconds
  Import took 0.101499 seconds .

========================================================================
Received Import Request.
  Time since last request: 19.843896 seconds.
  path: Assets/Parts/Levels/B Hard 1.prefab
  artifactKey: Guid(4069138b1df0b414286c45aa08c1d70a) Importer(815301076,1909f56bfc062723c751e8b465ee728b)
Start importing Assets/Parts/Levels/B Hard 1.prefab using Guid(4069138b1df0b414286c45aa08c1d70a) Importer(815301076,1909f56bfc062723c751e8b465ee728b)  -> (artifact id: '098ea0bbe7f94ba4a198c9de3ebc9ac6') in 0.031210 seconds
  Import took 0.035984 seconds .

========================================================================
Received Import Request.
  Time since last request: 0.000296 seconds.
  path: Assets/Parts/Levels/S Easy.prefab
  artifactKey: Guid(2394ce59069022945833989d5bf78d1a) Importer(815301076,1909f56bfc062723c751e8b465ee728b)
Start importing Assets/Parts/Levels/S Easy.prefab using Guid(2394ce59069022945833989d5bf78d1a) Importer(815301076,1909f56bfc062723c751e8b465ee728b)  -> (artifact id: '53b67edf20fea454a9f43fc7ebb95c40') in 0.036642 seconds
  Import took 0.041423 seconds .

========================================================================
Received Import Request.
  Time since last request: 0.000242 seconds.
  path: Assets/Parts/Levels/S Medium.prefab
  artifactKey: Guid(0aeb4911b921e4647bb199c414db6ed7) Importer(815301076,1909f56bfc062723c751e8b465ee728b)
Start importing Assets/Parts/Levels/S Medium.prefab using Guid(0aeb4911b921e4647bb199c414db6ed7) Importer(815301076,1909f56bfc062723c751e8b465ee728b)  -> (artifact id: 'bc8a7c4a05e7c77abe34557548471ae0') in 0.032770 seconds
  Import took 0.038443 seconds .

========================================================================
Received Import Request.
  Time since last request: 0.000360 seconds.
  path: Assets/Parts/Levels/S Hard.prefab
  artifactKey: Guid(c4a55a5cccd68e14dabc64fff6681fe9) Importer(815301076,1909f56bfc062723c751e8b465ee728b)
Start importing Assets/Parts/Levels/S Hard.prefab using Guid(c4a55a5cccd68e14dabc64fff6681fe9) Importer(815301076,1909f56bfc062723c751e8b465ee728b)  -> (artifact id: 'de7bfdffe990cb95a4ae65e9d369f1c0') in 0.043719 seconds
  Import took 0.049428 seconds .

========================================================================
Received Import Request.
  Time since last request: 11.288738 seconds.
  path: Assets/Parts/Levels/S Hard.prefab
  artifactKey: Guid(c4a55a5cccd68e14dabc64fff6681fe9) Importer(815301076,1909f56bfc062723c751e8b465ee728b)
Start importing Assets/Parts/Levels/S Hard.prefab using Guid(c4a55a5cccd68e14dabc64fff6681fe9) Importer(815301076,1909f56bfc062723c751e8b465ee728b)  -> (artifact id: '3ba4ea798ef88111df382aa8367b9202') in 0.034352 seconds
  Import took 0.039143 seconds .

========================================================================
Received Import Request.
  Time since last request: 33.123043 seconds.
  path: Assets/Parts/Shooter.prefab
  artifactKey: Guid(4b6e84df1b81694409d8180a94676488) Importer(815301076,1909f56bfc062723c751e8b465ee728b)
Start importing Assets/Parts/Shooter.prefab using Guid(4b6e84df1b81694409d8180a94676488) Importer(815301076,1909f56bfc062723c751e8b465ee728b)  -> (artifact id: 'df91dfacf75918ff5619f797dc233c98') in 0.022304 seconds
  Import took 0.027337 seconds .

========================================================================
Received Import Request.
  Time since last request: 49.061566 seconds.
  path: Assets/Parts/Levels/S Easy.prefab
  artifactKey: Guid(2394ce59069022945833989d5bf78d1a) Importer(815301076,1909f56bfc062723c751e8b465ee728b)
Start importing Assets/Parts/Levels/S Easy.prefab using Guid(2394ce59069022945833989d5bf78d1a) Importer(815301076,1909f56bfc062723c751e8b465ee728b)  -> (artifact id: '6eb91ca68760c9a3ab051b5bbc1f77a8') in 0.025662 seconds
  Import took 0.031218 seconds .

========================================================================
Received Import Request.
  Time since last request: 0.000305 seconds.
  path: Assets/Parts/Levels/S Medium.prefab
  artifactKey: Guid(0aeb4911b921e4647bb199c414db6ed7) Importer(815301076,1909f56bfc062723c751e8b465ee728b)
Start importing Assets/Parts/Levels/S Medium.prefab using Guid(0aeb4911b921e4647bb199c414db6ed7) Importer(815301076,1909f56bfc062723c751e8b465ee728b)  -> (artifact id: 'b5aff1c64bed1339f5b45adeecea9dae') in 0.033621 seconds
  Import took 0.038291 seconds .

========================================================================
Received Import Request.
  Time since last request: 0.000232 seconds.
  path: Assets/Parts/Levels/S Easy.prefab
  artifactKey: Guid(2394ce59069022945833989d5bf78d1a) Importer(815301076,1909f56bfc062723c751e8b465ee728b)
Start importing Assets/Parts/Levels/S Easy.prefab using Guid(2394ce59069022945833989d5bf78d1a) Importer(815301076,1909f56bfc062723c751e8b465ee728b)  -> (artifact id: '6eb91ca68760c9a3ab051b5bbc1f77a8') in 0.027225 seconds
  Import took 0.032160 seconds .

========================================================================
Received Import Request.
  Time since last request: 0.000286 seconds.
  path: Assets/Parts/Levels/S Hard.prefab
  artifactKey: Guid(c4a55a5cccd68e14dabc64fff6681fe9) Importer(815301076,1909f56bfc062723c751e8b465ee728b)
Start importing Assets/Parts/Levels/S Hard.prefab using Guid(c4a55a5cccd68e14dabc64fff6681fe9) Importer(815301076,1909f56bfc062723c751e8b465ee728b)  -> (artifact id: '2b2efe8d3357947a837b731276b77213') in 0.030233 seconds
  Import took 0.035329 seconds .

========================================================================
Received Prepare
Reloading mono domain
Begin MonoManager ReloadAssembly
Registering precompiled unity dll's ...
Register platform support module: C:/Program Files/Unity/2020.2.0b2/Editor/Data/PlaybackEngines/WebGLSupport/UnityEditor.WebGL.Extensions.dll
Register platform support module: C:/Program Files/Unity/2020.2.0b2/Editor/Data/PlaybackEngines/WindowsStandaloneSupport/UnityEditor.WindowsStandalone.Extensions.dll
Registered in 0.002718 seconds.
Symbol file LoadedFromMemory doesn't match image C:\Users\josep\Documents\GitHub\SpaceRunnerGit\SpaceRunner\Library\PackageCache\com.unity.ext.nunit@1.0.0\net35\unity-custom\nunit.framework.dll
Native extension for WindowsStandalone target not found
Native extension for WebGL target not found
Refreshing native plugins compatible for Editor in 55.46 ms, found 0 plugins.
Preloading 0 native plugins for Editor in 0.00 ms.
Invoked RoslynAnalysisRunner static constructor.
RoslynAnalysisRunner will not be running.
RoslynAnalysisRunner has terminated.
Mono: successfully reloaded assembly
- Completed reload, in  1.772 seconds
Registering precompiled user dll's ...
Registered in 0.097279 seconds.
Platform modules already initialized, skipping
Begin MonoManager ReloadAssembly
Symbol file LoadedFromMemory doesn't match image C:\Users\josep\Documents\GitHub\SpaceRunnerGit\SpaceRunner\Library\PackageCache\com.unity.ext.nunit@1.0.0\net35\unity-custom\nunit.framework.dll
Native extension for WindowsStandalone target not found
Native extension for WebGL target not found
Refreshing native plugins compatible for Editor in 0.70 ms, found 0 plugins.
Preloading 0 native plugins for Editor in 0.00 ms.
Invoked RoslynAnalysisRunner static constructor.
RoslynAnalysisRunner will not be running.
RoslynAnalysisRunner has terminated.
Mono: successfully reloaded assembly
- Completed reload, in  1.766 seconds
Platform modules already initialized, skipping
Refreshing native plugins compatible for Editor in 0.61 ms, found 0 plugins.
Preloading 0 native plugins for Editor in 0.00 ms.
Unloading 25 Unused Serialized files (Serialized files now loaded: 0)
System memory in use before: 43.3 MB.
System memory in use after: 43.4 MB.

Unloading 24 unused Assets to reduce memory usage. Loaded Objects now: 1944.
Total: 5.689300 ms (FindLiveObjects: 0.668200 ms CreateObjectMapping: 0.181400 ms MarkObjects: 4.809200 ms  DeleteObjects: 0.028500 ms)

========================================================================
Received Import Request.
  Time since last request: 15.639228 seconds.
  path: Assets/Parts/Levels/CaveEnter.prefab
  artifactKey: Guid(78176eddb4239ae43826bc29f405c02c) Importer(815301076,1909f56bfc062723c751e8b465ee728b)
Start importing Assets/Parts/Levels/CaveEnter.prefab using Guid(78176eddb4239ae43826bc29f405c02c) Importer(815301076,1909f56bfc062723c751e8b465ee728b)  -> (artifact id: '55e420b7de55e3b4480aa8f55a0d7d3e') in 0.039258 seconds
  Import took 0.043319 seconds .

========================================================================
Received Import Request.
  Time since last request: 7.029607 seconds.
  path: Assets/Parts/Levels/S Hard.prefab
  artifactKey: Guid(c4a55a5cccd68e14dabc64fff6681fe9) Importer(815301076,1909f56bfc062723c751e8b465ee728b)
Start importing Assets/Parts/Levels/S Hard.prefab using Guid(c4a55a5cccd68e14dabc64fff6681fe9) Importer(815301076,1909f56bfc062723c751e8b465ee728b)  -> (artifact id: '7e7756deb4bd57d23e21df339225b7e1') in 0.066476 seconds
  Import took 0.071374 seconds .

========================================================================
Received Import Request.
  Time since last request: 8.913540 seconds.
  path: Assets/Parts/Levels/S Hard.prefab
  artifactKey: Guid(c4a55a5cccd68e14dabc64fff6681fe9) Importer(815301076,1909f56bfc062723c751e8b465ee728b)
Start importing Assets/Parts/Levels/S Hard.prefab using Guid(c4a55a5cccd68e14dabc64fff6681fe9) Importer(815301076,1909f56bfc062723c751e8b465ee728b)  -> (artifact id: 'e463b7180e103f81a1c81ef64542fb36') in 0.029242 seconds
  Import took 0.034493 seconds .

AssetImportWorkerClient::OnTransportError - code=2 error=End of file
